[0.020s] Invoking command in '/home/ubuntu/Documents/ENGR489_Navigation/src/build/nav2_ultrasonic_costmap_plugin': CMAKE_PREFIX_PATH=${CMAKE_PREFIX_PATH}:/home/ubuntu/Documents/ENGR489_Navigation/src/install/positionlogger:/home/ubuntu/Documents/ENGR489_Navigation/install/positionlogger:/home/ubuntu/install/positionlogger:/home/ubuntu/install/low_level_ros_interface:/home/ubuntu/install/high_level_ros_interface:/opt/ros/humble /usr/bin/cmake --build /home/ubuntu/Documents/ENGR489_Navigation/src/build/nav2_ultrasonic_costmap_plugin -- -j4 -l4
[0.062s] [35m[1mConsolidate compiler generated dependencies of target nav2_ultrasonic_costmap_plugin_core[0m
[0.079s] [ 50%] [32mBuilding CXX object CMakeFiles/nav2_ultrasonic_costmap_plugin_core.dir/src/ultrasonic_layer.cpp.o[0m
[2.662s] In file included from [01m[K/home/ubuntu/Documents/ENGR489_Navigation/src/nav2_ultrasonic_costmap_plugin/src/ultrasonic_layer.cpp:48[m[K:
[2.662s] [01m[K/home/ubuntu/Documents/ENGR489_Navigation/src/nav2_ultrasonic_costmap_plugin/include/nav2_ultrasonic_costmap_plugin/ultrasonic_layer.hpp:[m[K In member function ‘[01m[Kdouble nav2_ultrasonic_costmap_plugin::UltrasonicLayer::distanceToSegment(double, double, double, double)[m[K’:
[2.662s] [01m[K/home/ubuntu/Documents/ENGR489_Navigation/src/nav2_ultrasonic_costmap_plugin/include/nav2_ultrasonic_costmap_plugin/ultrasonic_layer.hpp:243:10:[m[K [01;35m[Kwarning: [m[Kunused variable ‘[01m[KC[m[K’ [[01;35m[K]8;;https://gcc.gnu.org/onlinedocs/gcc/Warning-Options.html#index-Wunused-variable-Wunused-variable]8;;[m[K]
[2.662s]   243 |   double [01;35m[KC[m[K = sqrt(Asqrd+Bsqrd);
[2.662s]       |          [01;35m[K^[m[K
[2.662s] [01m[K/home/ubuntu/Documents/ENGR489_Navigation/src/nav2_ultrasonic_costmap_plugin/include/nav2_ultrasonic_costmap_plugin/ultrasonic_layer.hpp:275:1:[m[K [01;35m[Kwarning: [m[Kno return statement in function returning non-void [[01;35m[K]8;;https://gcc.gnu.org/onlinedocs/gcc/Warning-Options.html#index-Wreturn-type-Wreturn-type]8;;[m[K]
[2.663s]   275 | [01;35m[K}[m[K
[2.663s]       | [01;35m[K^[m[K
[2.696s] [01m[K/home/ubuntu/Documents/ENGR489_Navigation/src/nav2_ultrasonic_costmap_plugin/src/ultrasonic_layer.cpp:[m[K In member function ‘[01m[Kvoid nav2_ultrasonic_costmap_plugin::UltrasonicLayer::updateCostmap(sensor_msgs::msg::Range&, bool)[m[K’:
[2.696s] [01m[K/home/ubuntu/Documents/ENGR489_Navigation/src/nav2_ultrasonic_costmap_plugin/src/ultrasonic_layer.cpp:407:41:[m[K [01;31m[Kerror: [m[Kno matching function for call to ‘[01m[Knav2_ultrasonic_costmap_plugin::UltrasonicLayer::distanceToSegment(unsigned int&, unsigned int&, int&, int&, int&, int&)[m[K’
[2.696s]   407 |         bool buffer = ([01;31m[KdistanceToSegment(x, y, Ax, Ay, Bx, By)[m[K <= buffer_distance ||
[2.696s]       |                        [01;31m[K~~~~~~~~~~~~~~~~~^~~~~~~~~~~~~~~~~~~~~~[m[K
[2.696s] In file included from [01m[K/home/ubuntu/Documents/ENGR489_Navigation/src/nav2_ultrasonic_costmap_plugin/src/ultrasonic_layer.cpp:48[m[K:
[2.696s] [01m[K/home/ubuntu/Documents/ENGR489_Navigation/src/nav2_ultrasonic_costmap_plugin/include/nav2_ultrasonic_costmap_plugin/ultrasonic_layer.hpp:240:10:[m[K [01;36m[Knote: [m[Kcandidate: ‘[01m[Kdouble nav2_ultrasonic_costmap_plugin::UltrasonicLayer::distanceToSegment(double, double, double, double)[m[K’
[2.696s]   240 |   double [01;36m[KdistanceToSegment[m[K(double x, double y, double x1, double y1) { // added new function
[2.697s]       |          [01;36m[K^~~~~~~~~~~~~~~~~[m[K
[2.697s] [01m[K/home/ubuntu/Documents/ENGR489_Navigation/src/nav2_ultrasonic_costmap_plugin/include/nav2_ultrasonic_costmap_plugin/ultrasonic_layer.hpp:240:10:[m[K [01;36m[Knote: [m[K  candidate expects 4 arguments, 6 provided
[2.697s] [01m[K/home/ubuntu/Documents/ENGR489_Navigation/src/nav2_ultrasonic_costmap_plugin/src/ultrasonic_layer.cpp:408:30:[m[K [01;31m[Kerror: [m[Kno matching function for call to ‘[01m[Knav2_ultrasonic_costmap_plugin::UltrasonicLayer::distanceToSegment(unsigned int&, unsigned int&, int&, int&, int&, int&)[m[K’
[2.697s]   408 |             [01;31m[KdistanceToSegment(x, y, Bx, By, Ox, Oy)[m[K <= buffer_distance ||
[2.697s]       |             [01;31m[K~~~~~~~~~~~~~~~~~^~~~~~~~~~~~~~~~~~~~~~[m[K
[2.697s] In file included from [01m[K/home/ubuntu/Documents/ENGR489_Navigation/src/nav2_ultrasonic_costmap_plugin/src/ultrasonic_layer.cpp:48[m[K:
[2.697s] [01m[K/home/ubuntu/Documents/ENGR489_Navigation/src/nav2_ultrasonic_costmap_plugin/include/nav2_ultrasonic_costmap_plugin/ultrasonic_layer.hpp:240:10:[m[K [01;36m[Knote: [m[Kcandidate: ‘[01m[Kdouble nav2_ultrasonic_costmap_plugin::UltrasonicLayer::distanceToSegment(double, double, double, double)[m[K’
[2.697s]   240 |   double [01;36m[KdistanceToSegment[m[K(double x, double y, double x1, double y1) { // added new function
[2.697s]       |          [01;36m[K^~~~~~~~~~~~~~~~~[m[K
[2.697s] [01m[K/home/ubuntu/Documents/ENGR489_Navigation/src/nav2_ultrasonic_costmap_plugin/include/nav2_ultrasonic_costmap_plugin/ultrasonic_layer.hpp:240:10:[m[K [01;36m[Knote: [m[K  candidate expects 4 arguments, 6 provided
[2.697s] [01m[K/home/ubuntu/Documents/ENGR489_Navigation/src/nav2_ultrasonic_costmap_plugin/src/ultrasonic_layer.cpp:409:30:[m[K [01;31m[Kerror: [m[Kno matching function for call to ‘[01m[Knav2_ultrasonic_costmap_plugin::UltrasonicLayer::distanceToSegment(unsigned int&, unsigned int&, int&, int&, int&, int&)[m[K’
[2.697s]   409 |             [01;31m[KdistanceToSegment(x, y, Ox, Oy, Ax, Ay)[m[K <= buffer_distance);
[2.697s]       |             [01;31m[K~~~~~~~~~~~~~~~~~^~~~~~~~~~~~~~~~~~~~~~[m[K
[2.697s] In file included from [01m[K/home/ubuntu/Documents/ENGR489_Navigation/src/nav2_ultrasonic_costmap_plugin/src/ultrasonic_layer.cpp:48[m[K:
[2.697s] [01m[K/home/ubuntu/Documents/ENGR489_Navigation/src/nav2_ultrasonic_costmap_plugin/include/nav2_ultrasonic_costmap_plugin/ultrasonic_layer.hpp:240:10:[m[K [01;36m[Knote: [m[Kcandidate: ‘[01m[Kdouble nav2_ultrasonic_costmap_plugin::UltrasonicLayer::distanceToSegment(double, double, double, double)[m[K’
[2.697s]   240 |   double [01;36m[KdistanceToSegment[m[K(double x, double y, double x1, double y1) { // added new function
[2.697s]       |          [01;36m[K^~~~~~~~~~~~~~~~~[m[K
[2.697s] [01m[K/home/ubuntu/Documents/ENGR489_Navigation/src/nav2_ultrasonic_costmap_plugin/include/nav2_ultrasonic_costmap_plugin/ultrasonic_layer.hpp:240:10:[m[K [01;36m[Knote: [m[K  candidate expects 4 arguments, 6 provided
[4.855s] gmake[2]: *** [CMakeFiles/nav2_ultrasonic_costmap_plugin_core.dir/build.make:76: CMakeFiles/nav2_ultrasonic_costmap_plugin_core.dir/src/ultrasonic_layer.cpp.o] Error 1
[4.855s] gmake[1]: *** [CMakeFiles/Makefile2:137: CMakeFiles/nav2_ultrasonic_costmap_plugin_core.dir/all] Error 2
[4.855s] gmake: *** [Makefile:146: all] Error 2
[4.857s] Invoked command in '/home/ubuntu/Documents/ENGR489_Navigation/src/build/nav2_ultrasonic_costmap_plugin' returned '2': CMAKE_PREFIX_PATH=${CMAKE_PREFIX_PATH}:/home/ubuntu/Documents/ENGR489_Navigation/src/install/positionlogger:/home/ubuntu/Documents/ENGR489_Navigation/install/positionlogger:/home/ubuntu/install/positionlogger:/home/ubuntu/install/low_level_ros_interface:/home/ubuntu/install/high_level_ros_interface:/opt/ros/humble /usr/bin/cmake --build /home/ubuntu/Documents/ENGR489_Navigation/src/build/nav2_ultrasonic_costmap_plugin -- -j4 -l4
