[0.026s] Invoking command in '/home/ubuntu/Documents/ENGR489_Navigation/src/build/nav2_ultrasonic_costmap_plugin': CMAKE_PREFIX_PATH=${CMAKE_PREFIX_PATH}:/home/ubuntu/Documents/ENGR489_Navigation/src/install/positionlogger:/home/ubuntu/Documents/ENGR489_Navigation/install/positionlogger:/home/ubuntu/install/positionlogger:/home/ubuntu/install/low_level_ros_interface:/home/ubuntu/install/high_level_ros_interface:/opt/ros/humble /usr/bin/cmake --build /home/ubuntu/Documents/ENGR489_Navigation/src/build/nav2_ultrasonic_costmap_plugin -- -j4 -l4
[0.102s] [100%] Built target nav2_ultrasonic_costmap_plugin_core
[0.305s] Invoked command in '/home/ubuntu/Documents/ENGR489_Navigation/src/build/nav2_ultrasonic_costmap_plugin' returned '0': CMAKE_PREFIX_PATH=${CMAKE_PREFIX_PATH}:/home/ubuntu/Documents/ENGR489_Navigation/src/install/positionlogger:/home/ubuntu/Documents/ENGR489_Navigation/install/positionlogger:/home/ubuntu/install/positionlogger:/home/ubuntu/install/low_level_ros_interface:/home/ubuntu/install/high_level_ros_interface:/opt/ros/humble /usr/bin/cmake --build /home/ubuntu/Documents/ENGR489_Navigation/src/build/nav2_ultrasonic_costmap_plugin -- -j4 -l4
[0.351s] Invoking command in '/home/ubuntu/Documents/ENGR489_Navigation/src/build/nav2_ultrasonic_costmap_plugin': CMAKE_PREFIX_PATH=${CMAKE_PREFIX_PATH}:/home/ubuntu/Documents/ENGR489_Navigation/src/install/positionlogger:/home/ubuntu/Documents/ENGR489_Navigation/install/positionlogger:/home/ubuntu/install/positionlogger:/home/ubuntu/install/low_level_ros_interface:/home/ubuntu/install/high_level_ros_interface:/opt/ros/humble /usr/bin/cmake --install /home/ubuntu/Documents/ENGR489_Navigation/src/build/nav2_ultrasonic_costmap_plugin
[0.363s] -- Install configuration: ""
[0.363s] -- Up-to-date: /home/ubuntu/Documents/ENGR489_Navigation/src/install/nav2_ultrasonic_costmap_plugin/lib/libnav2_ultrasonic_costmap_plugin_core.so
[0.364s] -- Up-to-date: /home/ubuntu/Documents/ENGR489_Navigation/src/install/nav2_ultrasonic_costmap_plugin/share/nav2_ultrasonic_costmap_plugin/ultrasonic_layer.xml
[0.364s] -- Up-to-date: /home/ubuntu/Documents/ENGR489_Navigation/src/install/nav2_ultrasonic_costmap_plugin/share/ament_index/resource_index/package_run_dependencies/nav2_ultrasonic_costmap_plugin
[0.364s] -- Up-to-date: /home/ubuntu/Documents/ENGR489_Navigation/src/install/nav2_ultrasonic_costmap_plugin/share/ament_index/resource_index/parent_prefix_path/nav2_ultrasonic_costmap_plugin
[0.365s] -- Up-to-date: /home/ubuntu/Documents/ENGR489_Navigation/src/install/nav2_ultrasonic_costmap_plugin/share/nav2_ultrasonic_costmap_plugin/environment/ament_prefix_path.sh
[0.365s] -- Up-to-date: /home/ubuntu/Documents/ENGR489_Navigation/src/install/nav2_ultrasonic_costmap_plugin/share/nav2_ultrasonic_costmap_plugin/environment/ament_prefix_path.dsv
[0.365s] -- Up-to-date: /home/ubuntu/Documents/ENGR489_Navigation/src/install/nav2_ultrasonic_costmap_plugin/share/nav2_ultrasonic_costmap_plugin/environment/path.sh
[0.366s] -- Up-to-date: /home/ubuntu/Documents/ENGR489_Navigation/src/install/nav2_ultrasonic_costmap_plugin/share/nav2_ultrasonic_costmap_plugin/environment/path.dsv
[0.366s] -- Up-to-date: /home/ubuntu/Documents/ENGR489_Navigation/src/install/nav2_ultrasonic_costmap_plugin/share/nav2_ultrasonic_costmap_plugin/local_setup.bash
[0.373s] -- Up-to-date: /home/ubuntu/Documents/ENGR489_Navigation/src/install/nav2_ultrasonic_costmap_plugin/share/nav2_ultrasonic_costmap_plugin/local_setup.sh
[0.374s] -- Up-to-date: /home/ubuntu/Documents/ENGR489_Navigation/src/install/nav2_ultrasonic_costmap_plugin/share/nav2_ultrasonic_costmap_plugin/local_setup.zsh
[0.375s] -- Up-to-date: /home/ubuntu/Documents/ENGR489_Navigation/src/install/nav2_ultrasonic_costmap_plugin/share/nav2_ultrasonic_costmap_plugin/local_setup.dsv
[0.377s] -- Installing: /home/ubuntu/Documents/ENGR489_Navigation/src/install/nav2_ultrasonic_costmap_plugin/share/nav2_ultrasonic_costmap_plugin/package.dsv
[0.378s] -- Up-to-date: /home/ubuntu/Documents/ENGR489_Navigation/src/install/nav2_ultrasonic_costmap_plugin/share/ament_index/resource_index/packages/nav2_ultrasonic_costmap_plugin
[0.380s] -- Up-to-date: /home/ubuntu/Documents/ENGR489_Navigation/src/install/nav2_ultrasonic_costmap_plugin/share/ament_index/resource_index/nav2_costmap_2d__pluginlib__plugin/nav2_ultrasonic_costmap_plugin
[0.380s] -- Up-to-date: /home/ubuntu/Documents/ENGR489_Navigation/src/install/nav2_ultrasonic_costmap_plugin/share/nav2_ultrasonic_costmap_plugin/cmake/nav2_ultrasonic_costmap_pluginConfig.cmake
[0.380s] -- Up-to-date: /home/ubuntu/Documents/ENGR489_Navigation/src/install/nav2_ultrasonic_costmap_plugin/share/nav2_ultrasonic_costmap_plugin/cmake/nav2_ultrasonic_costmap_pluginConfig-version.cmake
[0.381s] -- Up-to-date: /home/ubuntu/Documents/ENGR489_Navigation/src/install/nav2_ultrasonic_costmap_plugin/share/nav2_ultrasonic_costmap_plugin/package.xml
[0.381s] Invoked command in '/home/ubuntu/Documents/ENGR489_Navigation/src/build/nav2_ultrasonic_costmap_plugin' returned '0': CMAKE_PREFIX_PATH=${CMAKE_PREFIX_PATH}:/home/ubuntu/Documents/ENGR489_Navigation/src/install/positionlogger:/home/ubuntu/Documents/ENGR489_Navigation/install/positionlogger:/home/ubuntu/install/positionlogger:/home/ubuntu/install/low_level_ros_interface:/home/ubuntu/install/high_level_ros_interface:/opt/ros/humble /usr/bin/cmake --install /home/ubuntu/Documents/ENGR489_Navigation/src/build/nav2_ultrasonic_costmap_plugin
