running develop
/usr/lib/python3/dist-packages/setuptools/command/easy_install.py:158: EasyInstallDeprecationWarning: easy_install command is deprecated. Use build and pip and other standards-based tools.
  warnings.warn(
/usr/lib/python3/dist-packages/setuptools/command/install.py:34: SetuptoolsDeprecationWarning: setup.py install is deprecated. Use build and pip and other standards-based tools.
  warnings.warn(
/usr/lib/python3/dist-packages/pkg_resources/__init__.py:116: PkgResourcesDeprecationWarning: 1.1build1 is an invalid version and will not be supported in a future release
  warnings.warn(
/usr/lib/python3/dist-packages/pkg_resources/__init__.py:116: PkgResourcesDeprecationWarning: 0.1.43ubuntu1 is an invalid version and will not be supported in a future release
  warnings.warn(
running egg_info
writing positionlogger.egg-info/PKG-INFO
writing dependency_links to positionlogger.egg-info/dependency_links.txt
writing entry points to positionlogger.egg-info/entry_points.txt
writing requirements to positionlogger.egg-info/requires.txt
writing top-level names to positionlogger.egg-info/top_level.txt
reading manifest file 'positionlogger.egg-info/SOURCES.txt'
writing manifest file 'positionlogger.egg-info/SOURCES.txt'
running build_ext
Creating /home/hurnenryan/Documents/workspaces/ros2_ws/src/install/positionlogger/lib/python3.10/site-packages/positionlogger.egg-link (link to .)
Installing odomLogger script to /home/hurnenryan/Documents/workspaces/ros2_ws/src/install/positionlogger/lib/positionlogger
Installing relativePositionLogger script to /home/hurnenryan/Documents/workspaces/ros2_ws/src/install/positionlogger/lib/positionlogger

Installed /home/hurnenryan/Documents/workspaces/ros2_ws/src/build/positionlogger
running install_data
