[0.035s] Invoking command in '/home/hurnenryan/Documents/workspaces/ros2_ws/src/build/nav2_ultrasonic_costmap_plugin': CMAKE_PREFIX_PATH=${CMAKE_PREFIX_PATH}:/home/hurnenryan/Documents/workspaces/ros2_ws/src/install/positionlogger:/home/hurnenryan/Documents/workspaces/ros2_ws/src/install/positionLog:/opt/ros/humble /usr/bin/cmake /home/hurnenryan/Documents/workspaces/ros2_ws/src/nav2_ultrasonic_costmap_plugin -DCMAKE_INSTALL_PREFIX=/home/hurnenryan/Documents/workspaces/ros2_ws/src/install/nav2_ultrasonic_costmap_plugin
[0.094s] -- Found ament_cmake: 1.3.3 (/opt/ros/humble/share/ament_cmake/cmake)
[0.310s] -- Override CMake install command with custom implementation using symlinks instead of copying resources
[0.351s] -- Found rclcpp: 16.0.3 (/opt/ros/humble/share/rclcpp/cmake)
[0.431s] -- Found rosidl_generator_c: 3.1.4 (/opt/ros/humble/share/rosidl_generator_c/cmake)
[0.447s] -- Found rosidl_adapter: 3.1.4 (/opt/ros/humble/share/rosidl_adapter/cmake)
[0.471s] -- Found rosidl_generator_cpp: 3.1.4 (/opt/ros/humble/share/rosidl_generator_cpp/cmake)
[0.505s] -- Using all available rosidl_typesupport_c: rosidl_typesupport_fastrtps_c;rosidl_typesupport_introspection_c
[0.530s] -- Using all available rosidl_typesupport_cpp: rosidl_typesupport_fastrtps_cpp;rosidl_typesupport_introspection_cpp
[0.627s] -- Found rmw_implementation_cmake: 6.1.1 (/opt/ros/humble/share/rmw_implementation_cmake/cmake)
[0.631s] -- Found rmw_fastrtps_cpp: 6.2.2 (/opt/ros/humble/share/rmw_fastrtps_cpp/cmake)
[0.823s] -- Using RMW implementation 'rmw_fastrtps_cpp' as default
[1.007s] -- Found nav2_costmap_2d: 1.1.6 (/opt/ros/humble/share/nav2_costmap_2d/cmake)
[1.890s] -- Ensuring Eigen3 include directory is part of orocos-kdl CMake target
[2.942s] -- Configuring done
[3.020s] -- Generating done
[3.022s] -- Build files have been written to: /home/hurnenryan/Documents/workspaces/ros2_ws/src/build/nav2_ultrasonic_costmap_plugin
[3.036s] Invoked command in '/home/hurnenryan/Documents/workspaces/ros2_ws/src/build/nav2_ultrasonic_costmap_plugin' returned '0': CMAKE_PREFIX_PATH=${CMAKE_PREFIX_PATH}:/home/hurnenryan/Documents/workspaces/ros2_ws/src/install/positionlogger:/home/hurnenryan/Documents/workspaces/ros2_ws/src/install/positionLog:/opt/ros/humble /usr/bin/cmake /home/hurnenryan/Documents/workspaces/ros2_ws/src/nav2_ultrasonic_costmap_plugin -DCMAKE_INSTALL_PREFIX=/home/hurnenryan/Documents/workspaces/ros2_ws/src/install/nav2_ultrasonic_costmap_plugin
[3.037s] Invoking command in '/home/hurnenryan/Documents/workspaces/ros2_ws/src/build/nav2_ultrasonic_costmap_plugin': CMAKE_PREFIX_PATH=${CMAKE_PREFIX_PATH}:/home/hurnenryan/Documents/workspaces/ros2_ws/src/install/positionlogger:/home/hurnenryan/Documents/workspaces/ros2_ws/src/install/positionLog:/opt/ros/humble /usr/bin/cmake --build /home/hurnenryan/Documents/workspaces/ros2_ws/src/build/nav2_ultrasonic_costmap_plugin -- -j4 -l4
[3.102s] [35m[1mConsolidate compiler generated dependencies of target nav2_ultrasonic_costmap_plugin_core[0m
[3.173s] [100%] Built target nav2_ultrasonic_costmap_plugin_core
[3.185s] Invoked command in '/home/hurnenryan/Documents/workspaces/ros2_ws/src/build/nav2_ultrasonic_costmap_plugin' returned '0': CMAKE_PREFIX_PATH=${CMAKE_PREFIX_PATH}:/home/hurnenryan/Documents/workspaces/ros2_ws/src/install/positionlogger:/home/hurnenryan/Documents/workspaces/ros2_ws/src/install/positionLog:/opt/ros/humble /usr/bin/cmake --build /home/hurnenryan/Documents/workspaces/ros2_ws/src/build/nav2_ultrasonic_costmap_plugin -- -j4 -l4
[3.226s] Invoking command in '/home/hurnenryan/Documents/workspaces/ros2_ws/src/build/nav2_ultrasonic_costmap_plugin': CMAKE_PREFIX_PATH=${CMAKE_PREFIX_PATH}:/home/hurnenryan/Documents/workspaces/ros2_ws/src/install/positionlogger:/home/hurnenryan/Documents/workspaces/ros2_ws/src/install/positionLog:/opt/ros/humble /usr/bin/cmake --install /home/hurnenryan/Documents/workspaces/ros2_ws/src/build/nav2_ultrasonic_costmap_plugin
[3.234s] -- Install configuration: ""
[3.234s] -- Execute custom install script
[3.236s] -- Up-to-date symlink: /home/hurnenryan/Documents/workspaces/ros2_ws/src/install/nav2_ultrasonic_costmap_plugin/lib/libnav2_ultrasonic_costmap_plugin_core.so
[3.236s] -- Up-to-date symlink: /home/hurnenryan/Documents/workspaces/ros2_ws/src/install/nav2_ultrasonic_costmap_plugin/share/nav2_ultrasonic_costmap_plugin//ultrasonic_layer.xml
[3.237s] -- Up-to-date symlink: /home/hurnenryan/Documents/workspaces/ros2_ws/src/install/nav2_ultrasonic_costmap_plugin/share/ament_index/resource_index/package_run_dependencies/nav2_ultrasonic_costmap_plugin
[3.237s] -- Up-to-date symlink: /home/hurnenryan/Documents/workspaces/ros2_ws/src/install/nav2_ultrasonic_costmap_plugin/share/ament_index/resource_index/parent_prefix_path/nav2_ultrasonic_costmap_plugin
[3.237s] -- Up-to-date symlink: /home/hurnenryan/Documents/workspaces/ros2_ws/src/install/nav2_ultrasonic_costmap_plugin/share/nav2_ultrasonic_costmap_plugin/environment/ament_prefix_path.sh
[3.238s] -- Up-to-date symlink: /home/hurnenryan/Documents/workspaces/ros2_ws/src/install/nav2_ultrasonic_costmap_plugin/share/nav2_ultrasonic_costmap_plugin/environment/ament_prefix_path.dsv
[3.238s] -- Up-to-date symlink: /home/hurnenryan/Documents/workspaces/ros2_ws/src/install/nav2_ultrasonic_costmap_plugin/share/nav2_ultrasonic_costmap_plugin/environment/path.sh
[3.239s] -- Up-to-date symlink: /home/hurnenryan/Documents/workspaces/ros2_ws/src/install/nav2_ultrasonic_costmap_plugin/share/nav2_ultrasonic_costmap_plugin/environment/path.dsv
[3.239s] -- Up-to-date symlink: /home/hurnenryan/Documents/workspaces/ros2_ws/src/install/nav2_ultrasonic_costmap_plugin/share/nav2_ultrasonic_costmap_plugin/local_setup.bash
[3.240s] -- Up-to-date symlink: /home/hurnenryan/Documents/workspaces/ros2_ws/src/install/nav2_ultrasonic_costmap_plugin/share/nav2_ultrasonic_costmap_plugin/local_setup.sh
[3.240s] -- Up-to-date symlink: /home/hurnenryan/Documents/workspaces/ros2_ws/src/install/nav2_ultrasonic_costmap_plugin/share/nav2_ultrasonic_costmap_plugin/local_setup.zsh
[3.241s] -- Up-to-date symlink: /home/hurnenryan/Documents/workspaces/ros2_ws/src/install/nav2_ultrasonic_costmap_plugin/share/nav2_ultrasonic_costmap_plugin/local_setup.dsv
[3.241s] -- Symlinking: /home/hurnenryan/Documents/workspaces/ros2_ws/src/install/nav2_ultrasonic_costmap_plugin/share/nav2_ultrasonic_costmap_plugin/package.dsv
[3.250s] -- Up-to-date symlink: /home/hurnenryan/Documents/workspaces/ros2_ws/src/install/nav2_ultrasonic_costmap_plugin/share/ament_index/resource_index/packages/nav2_ultrasonic_costmap_plugin
[3.255s] -- Up-to-date symlink: /home/hurnenryan/Documents/workspaces/ros2_ws/src/install/nav2_ultrasonic_costmap_plugin/share/ament_index/resource_index/nav2_costmap_2d__pluginlib__plugin/nav2_ultrasonic_costmap_plugin
[3.256s] -- Up-to-date symlink: /home/hurnenryan/Documents/workspaces/ros2_ws/src/install/nav2_ultrasonic_costmap_plugin/share/nav2_ultrasonic_costmap_plugin/cmake/nav2_ultrasonic_costmap_pluginConfig.cmake
[3.256s] -- Up-to-date symlink: /home/hurnenryan/Documents/workspaces/ros2_ws/src/install/nav2_ultrasonic_costmap_plugin/share/nav2_ultrasonic_costmap_plugin/cmake/nav2_ultrasonic_costmap_pluginConfig-version.cmake
[3.256s] -- Up-to-date symlink: /home/hurnenryan/Documents/workspaces/ros2_ws/src/install/nav2_ultrasonic_costmap_plugin/share/nav2_ultrasonic_costmap_plugin/package.xml
[3.261s] Invoked command in '/home/hurnenryan/Documents/workspaces/ros2_ws/src/build/nav2_ultrasonic_costmap_plugin' returned '0': CMAKE_PREFIX_PATH=${CMAKE_PREFIX_PATH}:/home/hurnenryan/Documents/workspaces/ros2_ws/src/install/positionlogger:/home/hurnenryan/Documents/workspaces/ros2_ws/src/install/positionLog:/opt/ros/humble /usr/bin/cmake --install /home/hurnenryan/Documents/workspaces/ros2_ws/src/build/nav2_ultrasonic_costmap_plugin
