[0.667s] Invoking command in '/home/hurnenryan/Documents/workspaces/ros2_ws/src/build/positionlogger': PYTHONPATH=/home/hurnenryan/Documents/workspaces/ros2_ws/src/build/positionlogger/prefix_override:/home/hurnenryan/Documents/workspaces/ros2_ws/src/install/positionlogger/lib/python3.10/site-packages:${PYTHONPATH} /usr/bin/python3 setup.py develop --uninstall --editable --build-directory /home/hurnenryan/Documents/workspaces/ros2_ws/src/build/positionlogger/build
[0.887s] running develop
[0.887s] /usr/lib/python3/dist-packages/setuptools/command/easy_install.py:158: EasyInstallDeprecationWarning: easy_install command is deprecated. Use build and pip and other standards-based tools.
[0.887s]   warnings.warn(
[0.888s] /usr/lib/python3/dist-packages/setuptools/command/install.py:34: SetuptoolsDeprecationWarning: setup.py install is deprecated. Use build and pip and other standards-based tools.
[0.888s]   warnings.warn(
[0.935s] /usr/lib/python3/dist-packages/pkg_resources/__init__.py:116: PkgResourcesDeprecationWarning: 1.1build1 is an invalid version and will not be supported in a future release
[0.935s]   warnings.warn(
[0.936s] /usr/lib/python3/dist-packages/pkg_resources/__init__.py:116: PkgResourcesDeprecationWarning: 0.1.43ubuntu1 is an invalid version and will not be supported in a future release
[0.936s]   warnings.warn(
[1.038s] Invoked command in '/home/hurnenryan/Documents/workspaces/ros2_ws/src/build/positionlogger' returned '0': PYTHONPATH=/home/hurnenryan/Documents/workspaces/ros2_ws/src/build/positionlogger/prefix_override:/home/hurnenryan/Documents/workspaces/ros2_ws/src/install/positionlogger/lib/python3.10/site-packages:${PYTHONPATH} /usr/bin/python3 setup.py develop --uninstall --editable --build-directory /home/hurnenryan/Documents/workspaces/ros2_ws/src/build/positionlogger/build
[1.038s] Invoking command in '/home/hurnenryan/Documents/workspaces/ros2_ws/src/positionlogger': PYTHONPATH=/home/hurnenryan/Documents/workspaces/ros2_ws/src/build/positionlogger/prefix_override:/home/hurnenryan/Documents/workspaces/ros2_ws/src/install/positionlogger/lib/python3.10/site-packages:${PYTHONPATH} /usr/bin/python3 setup.py egg_info --egg-base ../build/positionlogger build --build-base /home/hurnenryan/Documents/workspaces/ros2_ws/src/build/positionlogger/build install --record /home/hurnenryan/Documents/workspaces/ros2_ws/src/build/positionlogger/install.log --single-version-externally-managed
[1.209s] running egg_info
[1.211s] writing ../build/positionlogger/positionlogger.egg-info/PKG-INFO
[1.211s] writing dependency_links to ../build/positionlogger/positionlogger.egg-info/dependency_links.txt
[1.211s] writing entry points to ../build/positionlogger/positionlogger.egg-info/entry_points.txt
[1.211s] writing requirements to ../build/positionlogger/positionlogger.egg-info/requires.txt
[1.211s] writing top-level names to ../build/positionlogger/positionlogger.egg-info/top_level.txt
[1.214s] reading manifest file '../build/positionlogger/positionlogger.egg-info/SOURCES.txt'
[1.216s] writing manifest file '../build/positionlogger/positionlogger.egg-info/SOURCES.txt'
[1.216s] running build
[1.216s] running build_py
[1.216s] copying positionlogger/relativePositionLogger.py -> /home/hurnenryan/Documents/workspaces/ros2_ws/src/build/positionlogger/build/lib/positionlogger
[1.216s] running install
[1.217s] /usr/lib/python3/dist-packages/setuptools/command/install.py:34: SetuptoolsDeprecationWarning: setup.py install is deprecated. Use build and pip and other standards-based tools.
[1.217s]   warnings.warn(
[1.217s] running install_lib
[1.218s] copying /home/hurnenryan/Documents/workspaces/ros2_ws/src/build/positionlogger/build/lib/positionlogger/relativePositionLogger.py -> /home/hurnenryan/Documents/workspaces/ros2_ws/src/install/positionlogger/lib/python3.10/site-packages/positionlogger
[1.218s] byte-compiling /home/hurnenryan/Documents/workspaces/ros2_ws/src/install/positionlogger/lib/python3.10/site-packages/positionlogger/relativePositionLogger.py to relativePositionLogger.cpython-310.pyc
[1.219s] running install_data
[1.219s] running install_egg_info
[1.223s] removing '/home/hurnenryan/Documents/workspaces/ros2_ws/src/install/positionlogger/lib/python3.10/site-packages/positionlogger-0.0.0-py3.10.egg-info' (and everything under it)
[1.228s] Copying ../build/positionlogger/positionlogger.egg-info to /home/hurnenryan/Documents/workspaces/ros2_ws/src/install/positionlogger/lib/python3.10/site-packages/positionlogger-0.0.0-py3.10.egg-info
[1.228s] running install_scripts
[1.242s] Installing odomLogger script to /home/hurnenryan/Documents/workspaces/ros2_ws/src/install/positionlogger/lib/positionlogger
[1.243s] Installing relativePositionLogger script to /home/hurnenryan/Documents/workspaces/ros2_ws/src/install/positionlogger/lib/positionlogger
[1.243s] writing list of installed files to '/home/hurnenryan/Documents/workspaces/ros2_ws/src/build/positionlogger/install.log'
[1.270s] Invoked command in '/home/hurnenryan/Documents/workspaces/ros2_ws/src/positionlogger' returned '0': PYTHONPATH=/home/hurnenryan/Documents/workspaces/ros2_ws/src/build/positionlogger/prefix_override:/home/hurnenryan/Documents/workspaces/ros2_ws/src/install/positionlogger/lib/python3.10/site-packages:${PYTHONPATH} /usr/bin/python3 setup.py egg_info --egg-base ../build/positionlogger build --build-base /home/hurnenryan/Documents/workspaces/ros2_ws/src/build/positionlogger/build install --record /home/hurnenryan/Documents/workspaces/ros2_ws/src/build/positionlogger/install.log --single-version-externally-managed
