[0.226s] DEBUG:colcon:Command line arguments: ['/usr/bin/colcon', 'build']
[0.226s] DEBUG:colcon:Parsed command line arguments: Namespace(log_base=None, log_level=None, verb_name='build', build_base='build', install_base='install', merge_install=False, symlink_install=False, test_result_base=None, continue_on_error=False, executor='parallel', parallel_workers=4, event_handlers=None, ignore_user_meta=False, metas=['./colcon.meta'], base_paths=['.'], packages_ignore=None, packages_ignore_regex=None, paths=None, packages_up_to=None, packages_up_to_regex=None, packages_above=None, packages_above_and_dependencies=None, packages_above_depth=None, packages_select_by_dep=None, packages_skip_by_dep=None, packages_skip_up_to=None, packages_select_build_failed=False, packages_skip_build_finished=False, packages_select_test_failures=False, packages_skip_test_passed=False, packages_select=None, packages_skip=None, packages_select_regex=None, packages_skip_regex=None, packages_start=None, packages_end=None, allow_overriding=[], cmake_args=None, cmake_target=None, cmake_target_skip_unavailable=False, cmake_clean_cache=False, cmake_clean_first=False, cmake_force_configure=False, ament_cmake_args=None, catkin_cmake_args=None, catkin_skip_building_tests=False, verb_parser=<colcon_defaults.argument_parser.defaults.DefaultArgumentsDecorator object at 0x7f84f05c9ea0>, verb_extension=<colcon_core.verb.build.BuildVerb object at 0x7f84f0e41c60>, main=<bound method BuildVerb.main of <colcon_core.verb.build.BuildVerb object at 0x7f84f0e41c60>>)
[0.254s] Level 1:colcon.colcon_core.package_discovery:discover_packages(colcon_meta) check parameters
[0.254s] Level 1:colcon.colcon_core.package_discovery:discover_packages(recursive) check parameters
[0.254s] Level 1:colcon.colcon_core.package_discovery:discover_packages(ignore) check parameters
[0.254s] Level 1:colcon.colcon_core.package_discovery:discover_packages(path) check parameters
[0.254s] Level 1:colcon.colcon_core.package_discovery:discover_packages(colcon_meta) discover
[0.254s] Level 1:colcon.colcon_core.package_discovery:discover_packages(recursive) discover
[0.254s] INFO:colcon.colcon_core.package_discovery:Crawling recursively for packages in '/home/hurnenryan/Documents/workspaces/ros2_ws/src'
[0.254s] Level 1:colcon.colcon_core.package_identification:_identify(.) by extensions ['ignore', 'ignore_ament_install']
[0.255s] Level 1:colcon.colcon_core.package_identification:_identify(.) by extension 'ignore'
[0.255s] Level 1:colcon.colcon_core.package_identification:_identify(.) by extension 'ignore_ament_install'
[0.255s] Level 1:colcon.colcon_core.package_identification:_identify(.) by extensions ['colcon_pkg']
[0.255s] Level 1:colcon.colcon_core.package_identification:_identify(.) by extension 'colcon_pkg'
[0.255s] Level 1:colcon.colcon_core.package_identification:_identify(.) by extensions ['colcon_meta']
[0.255s] Level 1:colcon.colcon_core.package_identification:_identify(.) by extension 'colcon_meta'
[0.255s] Level 1:colcon.colcon_core.package_identification:_identify(.) by extensions ['ros']
[0.255s] Level 1:colcon.colcon_core.package_identification:_identify(.) by extension 'ros'
[0.263s] Level 1:colcon.colcon_core.package_identification:_identify(.) by extensions ['cmake', 'python']
[0.263s] Level 1:colcon.colcon_core.package_identification:_identify(.) by extension 'cmake'
[0.263s] Level 1:colcon.colcon_core.package_identification:_identify(.) by extension 'python'
[0.263s] Level 1:colcon.colcon_core.package_identification:_identify(.) by extensions ['python_setup_py']
[0.263s] Level 1:colcon.colcon_core.package_identification:_identify(.) by extension 'python_setup_py'
[0.264s] Level 1:colcon.colcon_core.package_identification:_identify(build) by extensions ['ignore', 'ignore_ament_install']
[0.264s] Level 1:colcon.colcon_core.package_identification:_identify(build) by extension 'ignore'
[0.264s] Level 1:colcon.colcon_core.package_identification:_identify(build) ignored
[0.264s] Level 1:colcon.colcon_core.package_identification:_identify(install) by extensions ['ignore', 'ignore_ament_install']
[0.264s] Level 1:colcon.colcon_core.package_identification:_identify(install) by extension 'ignore'
[0.264s] Level 1:colcon.colcon_core.package_identification:_identify(install) ignored
[0.264s] Level 1:colcon.colcon_core.package_identification:_identify(log) by extensions ['ignore', 'ignore_ament_install']
[0.264s] Level 1:colcon.colcon_core.package_identification:_identify(log) by extension 'ignore'
[0.264s] Level 1:colcon.colcon_core.package_identification:_identify(log) ignored
[0.264s] Level 1:colcon.colcon_core.package_identification:_identify(nav2_ultrasonic_costmap_plugin) by extensions ['ignore', 'ignore_ament_install']
[0.264s] Level 1:colcon.colcon_core.package_identification:_identify(nav2_ultrasonic_costmap_plugin) by extension 'ignore'
[0.264s] Level 1:colcon.colcon_core.package_identification:_identify(nav2_ultrasonic_costmap_plugin) by extension 'ignore_ament_install'
[0.264s] Level 1:colcon.colcon_core.package_identification:_identify(nav2_ultrasonic_costmap_plugin) by extensions ['colcon_pkg']
[0.264s] Level 1:colcon.colcon_core.package_identification:_identify(nav2_ultrasonic_costmap_plugin) by extension 'colcon_pkg'
[0.264s] Level 1:colcon.colcon_core.package_identification:_identify(nav2_ultrasonic_costmap_plugin) by extensions ['colcon_meta']
[0.264s] Level 1:colcon.colcon_core.package_identification:_identify(nav2_ultrasonic_costmap_plugin) by extension 'colcon_meta'
[0.264s] Level 1:colcon.colcon_core.package_identification:_identify(nav2_ultrasonic_costmap_plugin) by extensions ['ros']
[0.264s] Level 1:colcon.colcon_core.package_identification:_identify(nav2_ultrasonic_costmap_plugin) by extension 'ros'
[0.267s] DEBUG:colcon.colcon_core.package_identification:Package 'nav2_ultrasonic_costmap_plugin' with type 'ros.ament_cmake' and name 'nav2_ultrasonic_costmap_plugin'
[0.267s] Level 1:colcon.colcon_core.package_identification:_identify(positionlogger) by extensions ['ignore', 'ignore_ament_install']
[0.267s] Level 1:colcon.colcon_core.package_identification:_identify(positionlogger) by extension 'ignore'
[0.267s] Level 1:colcon.colcon_core.package_identification:_identify(positionlogger) by extension 'ignore_ament_install'
[0.267s] Level 1:colcon.colcon_core.package_identification:_identify(positionlogger) by extensions ['colcon_pkg']
[0.267s] Level 1:colcon.colcon_core.package_identification:_identify(positionlogger) by extension 'colcon_pkg'
[0.267s] Level 1:colcon.colcon_core.package_identification:_identify(positionlogger) by extensions ['colcon_meta']
[0.267s] Level 1:colcon.colcon_core.package_identification:_identify(positionlogger) by extension 'colcon_meta'
[0.267s] Level 1:colcon.colcon_core.package_identification:_identify(positionlogger) by extensions ['ros']
[0.267s] Level 1:colcon.colcon_core.package_identification:_identify(positionlogger) by extension 'ros'
[0.268s] DEBUG:colcon.colcon_core.package_identification:Package 'positionlogger' with type 'ros.ament_python' and name 'positionlogger'
[0.268s] Level 1:colcon.colcon_core.package_discovery:discover_packages(recursive) using defaults
[0.268s] Level 1:colcon.colcon_core.package_discovery:discover_packages(ignore) discover
[0.268s] Level 1:colcon.colcon_core.package_discovery:discover_packages(ignore) using defaults
[0.268s] Level 1:colcon.colcon_core.package_discovery:discover_packages(path) discover
[0.268s] Level 1:colcon.colcon_core.package_discovery:discover_packages(path) using defaults
[0.289s] Level 1:colcon.colcon_core.package_discovery:discover_packages(prefix_path) check parameters
[0.289s] Level 1:colcon.colcon_core.package_discovery:discover_packages(prefix_path) discover
[0.291s] DEBUG:colcon.colcon_installed_package_information.package_discovery:Found 5 installed packages in /home/hurnenryan/Documents/workspaces/ros2_ws/src/install
[0.292s] DEBUG:colcon.colcon_installed_package_information.package_discovery:Found 314 installed packages in /opt/ros/humble
[0.293s] Level 1:colcon.colcon_core.package_discovery:discover_packages(prefix_path) using defaults
[0.340s] Level 5:colcon.colcon_core.verb:set package 'nav2_ultrasonic_costmap_plugin' build argument 'cmake_args' from command line to 'None'
[0.340s] Level 5:colcon.colcon_core.verb:set package 'nav2_ultrasonic_costmap_plugin' build argument 'cmake_target' from command line to 'None'
[0.340s] Level 5:colcon.colcon_core.verb:set package 'nav2_ultrasonic_costmap_plugin' build argument 'cmake_target_skip_unavailable' from command line to 'False'
[0.340s] Level 5:colcon.colcon_core.verb:set package 'nav2_ultrasonic_costmap_plugin' build argument 'cmake_clean_cache' from command line to 'False'
[0.340s] Level 5:colcon.colcon_core.verb:set package 'nav2_ultrasonic_costmap_plugin' build argument 'cmake_clean_first' from command line to 'False'
[0.340s] Level 5:colcon.colcon_core.verb:set package 'nav2_ultrasonic_costmap_plugin' build argument 'cmake_force_configure' from command line to 'False'
[0.340s] Level 5:colcon.colcon_core.verb:set package 'nav2_ultrasonic_costmap_plugin' build argument 'ament_cmake_args' from command line to 'None'
[0.340s] Level 5:colcon.colcon_core.verb:set package 'nav2_ultrasonic_costmap_plugin' build argument 'catkin_cmake_args' from command line to 'None'
[0.340s] Level 5:colcon.colcon_core.verb:set package 'nav2_ultrasonic_costmap_plugin' build argument 'catkin_skip_building_tests' from command line to 'False'
[0.340s] DEBUG:colcon.colcon_core.verb:Building package 'nav2_ultrasonic_costmap_plugin' with the following arguments: {'ament_cmake_args': None, 'build_base': '/home/hurnenryan/Documents/workspaces/ros2_ws/src/build/nav2_ultrasonic_costmap_plugin', 'catkin_cmake_args': None, 'catkin_skip_building_tests': False, 'cmake_args': None, 'cmake_clean_cache': False, 'cmake_clean_first': False, 'cmake_force_configure': False, 'cmake_target': None, 'cmake_target_skip_unavailable': False, 'install_base': '/home/hurnenryan/Documents/workspaces/ros2_ws/src/install/nav2_ultrasonic_costmap_plugin', 'merge_install': False, 'path': '/home/hurnenryan/Documents/workspaces/ros2_ws/src/nav2_ultrasonic_costmap_plugin', 'symlink_install': False, 'test_result_base': None}
[0.341s] Level 5:colcon.colcon_core.verb:set package 'positionlogger' build argument 'cmake_args' from command line to 'None'
[0.341s] Level 5:colcon.colcon_core.verb:set package 'positionlogger' build argument 'cmake_target' from command line to 'None'
[0.341s] Level 5:colcon.colcon_core.verb:set package 'positionlogger' build argument 'cmake_target_skip_unavailable' from command line to 'False'
[0.341s] Level 5:colcon.colcon_core.verb:set package 'positionlogger' build argument 'cmake_clean_cache' from command line to 'False'
[0.341s] Level 5:colcon.colcon_core.verb:set package 'positionlogger' build argument 'cmake_clean_first' from command line to 'False'
[0.341s] Level 5:colcon.colcon_core.verb:set package 'positionlogger' build argument 'cmake_force_configure' from command line to 'False'
[0.341s] Level 5:colcon.colcon_core.verb:set package 'positionlogger' build argument 'ament_cmake_args' from command line to 'None'
[0.341s] Level 5:colcon.colcon_core.verb:set package 'positionlogger' build argument 'catkin_cmake_args' from command line to 'None'
[0.341s] Level 5:colcon.colcon_core.verb:set package 'positionlogger' build argument 'catkin_skip_building_tests' from command line to 'False'
[0.341s] DEBUG:colcon.colcon_core.verb:Building package 'positionlogger' with the following arguments: {'ament_cmake_args': None, 'build_base': '/home/hurnenryan/Documents/workspaces/ros2_ws/src/build/positionlogger', 'catkin_cmake_args': None, 'catkin_skip_building_tests': False, 'cmake_args': None, 'cmake_clean_cache': False, 'cmake_clean_first': False, 'cmake_force_configure': False, 'cmake_target': None, 'cmake_target_skip_unavailable': False, 'install_base': '/home/hurnenryan/Documents/workspaces/ros2_ws/src/install/positionlogger', 'merge_install': False, 'path': '/home/hurnenryan/Documents/workspaces/ros2_ws/src/positionlogger', 'symlink_install': False, 'test_result_base': None}
[0.341s] INFO:colcon.colcon_core.executor:Executing jobs using 'parallel' executor
[0.344s] DEBUG:colcon.colcon_parallel_executor.executor.parallel:run_until_complete
[0.344s] INFO:colcon.colcon_ros.task.ament_cmake.build:Building ROS package in '/home/hurnenryan/Documents/workspaces/ros2_ws/src/nav2_ultrasonic_costmap_plugin' with build type 'ament_cmake'
[0.345s] INFO:colcon.colcon_cmake.task.cmake.build:Building CMake package in '/home/hurnenryan/Documents/workspaces/ros2_ws/src/nav2_ultrasonic_costmap_plugin'
[0.349s] INFO:colcon.colcon_core.plugin_system:Skipping extension 'colcon_core.shell.bat': Not used on non-Windows systems
[0.349s] INFO:colcon.colcon_core.shell:Skip shell extension 'powershell' for command environment: Not usable outside of PowerShell
[0.349s] DEBUG:colcon.colcon_core.shell:Skip shell extension 'dsv' for command environment
[0.353s] INFO:colcon.colcon_ros.task.ament_python.build:Building ROS package in '/home/hurnenryan/Documents/workspaces/ros2_ws/src/positionlogger' with build type 'ament_python'
[0.354s] Level 1:colcon.colcon_core.shell:create_environment_hook('positionlogger', 'ament_prefix_path')
[0.355s] INFO:colcon.colcon_core.shell:Creating environment hook '/home/hurnenryan/Documents/workspaces/ros2_ws/src/install/positionlogger/share/positionlogger/hook/ament_prefix_path.ps1'
[0.355s] INFO:colcon.colcon_core.shell:Creating environment descriptor '/home/hurnenryan/Documents/workspaces/ros2_ws/src/install/positionlogger/share/positionlogger/hook/ament_prefix_path.dsv'
[0.356s] INFO:colcon.colcon_core.shell:Creating environment hook '/home/hurnenryan/Documents/workspaces/ros2_ws/src/install/positionlogger/share/positionlogger/hook/ament_prefix_path.sh'
[0.357s] INFO:colcon.colcon_core.shell:Skip shell extension 'powershell' for command environment: Not usable outside of PowerShell
[0.357s] DEBUG:colcon.colcon_core.shell:Skip shell extension 'dsv' for command environment
[0.377s] DEBUG:colcon.colcon_core.event_handler.log_command:Invoking command in '/home/hurnenryan/Documents/workspaces/ros2_ws/src/build/nav2_ultrasonic_costmap_plugin': CMAKE_PREFIX_PATH=${CMAKE_PREFIX_PATH}:/home/hurnenryan/Documents/workspaces/ros2_ws/src/install/positionlogger:/home/hurnenryan/Documents/workspaces/ros2_ws/src/install/positionLog:/opt/ros/humble /usr/bin/cmake --build /home/hurnenryan/Documents/workspaces/ros2_ws/src/build/nav2_ultrasonic_costmap_plugin -- -j4 -l4
[0.680s] INFO:colcon.colcon_core.task.python.build:Building Python package in '/home/hurnenryan/Documents/workspaces/ros2_ws/src/positionlogger'
[0.681s] INFO:colcon.colcon_core.shell:Skip shell extension 'powershell' for command environment: Not usable outside of PowerShell
[0.681s] DEBUG:colcon.colcon_core.shell:Skip shell extension 'dsv' for command environment
[0.688s] DEBUG:colcon.colcon_core.event_handler.log_command:Invoked command in '/home/hurnenryan/Documents/workspaces/ros2_ws/src/build/nav2_ultrasonic_costmap_plugin' returned '0': CMAKE_PREFIX_PATH=${CMAKE_PREFIX_PATH}:/home/hurnenryan/Documents/workspaces/ros2_ws/src/install/positionlogger:/home/hurnenryan/Documents/workspaces/ros2_ws/src/install/positionLog:/opt/ros/humble /usr/bin/cmake --build /home/hurnenryan/Documents/workspaces/ros2_ws/src/build/nav2_ultrasonic_costmap_plugin -- -j4 -l4
[0.746s] DEBUG:colcon.colcon_core.event_handler.log_command:Invoking command in '/home/hurnenryan/Documents/workspaces/ros2_ws/src/build/nav2_ultrasonic_costmap_plugin': CMAKE_PREFIX_PATH=${CMAKE_PREFIX_PATH}:/home/hurnenryan/Documents/workspaces/ros2_ws/src/install/positionlogger:/home/hurnenryan/Documents/workspaces/ros2_ws/src/install/positionLog:/opt/ros/humble /usr/bin/cmake --install /home/hurnenryan/Documents/workspaces/ros2_ws/src/build/nav2_ultrasonic_costmap_plugin
[0.791s] Level 1:colcon.colcon_core.environment:create_environment_scripts_only(nav2_ultrasonic_costmap_plugin)
[0.792s] DEBUG:colcon.colcon_core.event_handler.log_command:Invoked command in '/home/hurnenryan/Documents/workspaces/ros2_ws/src/build/nav2_ultrasonic_costmap_plugin' returned '0': CMAKE_PREFIX_PATH=${CMAKE_PREFIX_PATH}:/home/hurnenryan/Documents/workspaces/ros2_ws/src/install/positionlogger:/home/hurnenryan/Documents/workspaces/ros2_ws/src/install/positionLog:/opt/ros/humble /usr/bin/cmake --install /home/hurnenryan/Documents/workspaces/ros2_ws/src/build/nav2_ultrasonic_costmap_plugin
[0.798s] Level 1:colcon.colcon_core.environment:checking '/home/hurnenryan/Documents/workspaces/ros2_ws/src/install/nav2_ultrasonic_costmap_plugin' for CMake module files
[0.798s] Level 1:colcon.colcon_core.environment:checking '/home/hurnenryan/Documents/workspaces/ros2_ws/src/install/nav2_ultrasonic_costmap_plugin' for CMake config files
[0.798s] Level 1:colcon.colcon_core.shell:create_environment_hook('nav2_ultrasonic_costmap_plugin', 'cmake_prefix_path')
[0.799s] INFO:colcon.colcon_core.shell:Creating environment hook '/home/hurnenryan/Documents/workspaces/ros2_ws/src/install/nav2_ultrasonic_costmap_plugin/share/nav2_ultrasonic_costmap_plugin/hook/cmake_prefix_path.ps1'
[0.799s] INFO:colcon.colcon_core.shell:Creating environment descriptor '/home/hurnenryan/Documents/workspaces/ros2_ws/src/install/nav2_ultrasonic_costmap_plugin/share/nav2_ultrasonic_costmap_plugin/hook/cmake_prefix_path.dsv'
[0.800s] INFO:colcon.colcon_core.shell:Creating environment hook '/home/hurnenryan/Documents/workspaces/ros2_ws/src/install/nav2_ultrasonic_costmap_plugin/share/nav2_ultrasonic_costmap_plugin/hook/cmake_prefix_path.sh'
[0.800s] Level 1:colcon.colcon_core.environment:checking '/home/hurnenryan/Documents/workspaces/ros2_ws/src/install/nav2_ultrasonic_costmap_plugin/lib'
[0.800s] Level 1:colcon.colcon_core.shell:create_environment_hook('nav2_ultrasonic_costmap_plugin', 'ld_library_path_lib')
[0.804s] INFO:colcon.colcon_core.shell:Creating environment hook '/home/hurnenryan/Documents/workspaces/ros2_ws/src/install/nav2_ultrasonic_costmap_plugin/share/nav2_ultrasonic_costmap_plugin/hook/ld_library_path_lib.ps1'
[0.804s] INFO:colcon.colcon_core.shell:Creating environment descriptor '/home/hurnenryan/Documents/workspaces/ros2_ws/src/install/nav2_ultrasonic_costmap_plugin/share/nav2_ultrasonic_costmap_plugin/hook/ld_library_path_lib.dsv'
[0.804s] INFO:colcon.colcon_core.shell:Creating environment hook '/home/hurnenryan/Documents/workspaces/ros2_ws/src/install/nav2_ultrasonic_costmap_plugin/share/nav2_ultrasonic_costmap_plugin/hook/ld_library_path_lib.sh'
[0.805s] Level 1:colcon.colcon_core.environment:checking '/home/hurnenryan/Documents/workspaces/ros2_ws/src/install/nav2_ultrasonic_costmap_plugin/bin'
[0.806s] Level 1:colcon.colcon_core.environment:checking '/home/hurnenryan/Documents/workspaces/ros2_ws/src/install/nav2_ultrasonic_costmap_plugin/lib/pkgconfig/nav2_ultrasonic_costmap_plugin.pc'
[0.806s] Level 1:colcon.colcon_core.environment:checking '/home/hurnenryan/Documents/workspaces/ros2_ws/src/install/nav2_ultrasonic_costmap_plugin/lib/python3.10/site-packages'
[0.806s] Level 1:colcon.colcon_core.environment:checking '/home/hurnenryan/Documents/workspaces/ros2_ws/src/install/nav2_ultrasonic_costmap_plugin/bin'
[0.807s] INFO:colcon.colcon_core.shell:Creating package script '/home/hurnenryan/Documents/workspaces/ros2_ws/src/install/nav2_ultrasonic_costmap_plugin/share/nav2_ultrasonic_costmap_plugin/package.ps1'
[0.808s] INFO:colcon.colcon_core.shell:Creating package descriptor '/home/hurnenryan/Documents/workspaces/ros2_ws/src/install/nav2_ultrasonic_costmap_plugin/share/nav2_ultrasonic_costmap_plugin/package.dsv'
[0.809s] INFO:colcon.colcon_core.shell:Creating package script '/home/hurnenryan/Documents/workspaces/ros2_ws/src/install/nav2_ultrasonic_costmap_plugin/share/nav2_ultrasonic_costmap_plugin/package.sh'
[0.810s] INFO:colcon.colcon_core.shell:Creating package script '/home/hurnenryan/Documents/workspaces/ros2_ws/src/install/nav2_ultrasonic_costmap_plugin/share/nav2_ultrasonic_costmap_plugin/package.bash'
[0.810s] INFO:colcon.colcon_core.shell:Creating package script '/home/hurnenryan/Documents/workspaces/ros2_ws/src/install/nav2_ultrasonic_costmap_plugin/share/nav2_ultrasonic_costmap_plugin/package.zsh'
[0.811s] Level 1:colcon.colcon_core.environment:create_file_with_runtime_dependencies(/home/hurnenryan/Documents/workspaces/ros2_ws/src/install/nav2_ultrasonic_costmap_plugin/share/colcon-core/packages/nav2_ultrasonic_costmap_plugin)
[0.897s] Level 1:colcon.colcon_core.environment:create_environment_scripts_only(nav2_ultrasonic_costmap_plugin)
[0.899s] Level 1:colcon.colcon_core.environment:checking '/home/hurnenryan/Documents/workspaces/ros2_ws/src/install/nav2_ultrasonic_costmap_plugin' for CMake module files
[0.899s] Level 1:colcon.colcon_core.environment:checking '/home/hurnenryan/Documents/workspaces/ros2_ws/src/install/nav2_ultrasonic_costmap_plugin' for CMake config files
[0.899s] Level 1:colcon.colcon_core.shell:create_environment_hook('nav2_ultrasonic_costmap_plugin', 'cmake_prefix_path')
[0.900s] INFO:colcon.colcon_core.shell:Creating environment hook '/home/hurnenryan/Documents/workspaces/ros2_ws/src/install/nav2_ultrasonic_costmap_plugin/share/nav2_ultrasonic_costmap_plugin/hook/cmake_prefix_path.ps1'
[0.900s] INFO:colcon.colcon_core.shell:Creating environment descriptor '/home/hurnenryan/Documents/workspaces/ros2_ws/src/install/nav2_ultrasonic_costmap_plugin/share/nav2_ultrasonic_costmap_plugin/hook/cmake_prefix_path.dsv'
[0.901s] INFO:colcon.colcon_core.shell:Creating environment hook '/home/hurnenryan/Documents/workspaces/ros2_ws/src/install/nav2_ultrasonic_costmap_plugin/share/nav2_ultrasonic_costmap_plugin/hook/cmake_prefix_path.sh'
[0.901s] Level 1:colcon.colcon_core.environment:checking '/home/hurnenryan/Documents/workspaces/ros2_ws/src/install/nav2_ultrasonic_costmap_plugin/lib'
[0.902s] Level 1:colcon.colcon_core.shell:create_environment_hook('nav2_ultrasonic_costmap_plugin', 'ld_library_path_lib')
[0.902s] INFO:colcon.colcon_core.shell:Creating environment hook '/home/hurnenryan/Documents/workspaces/ros2_ws/src/install/nav2_ultrasonic_costmap_plugin/share/nav2_ultrasonic_costmap_plugin/hook/ld_library_path_lib.ps1'
[0.903s] INFO:colcon.colcon_core.shell:Creating environment descriptor '/home/hurnenryan/Documents/workspaces/ros2_ws/src/install/nav2_ultrasonic_costmap_plugin/share/nav2_ultrasonic_costmap_plugin/hook/ld_library_path_lib.dsv'
[0.903s] INFO:colcon.colcon_core.shell:Creating environment hook '/home/hurnenryan/Documents/workspaces/ros2_ws/src/install/nav2_ultrasonic_costmap_plugin/share/nav2_ultrasonic_costmap_plugin/hook/ld_library_path_lib.sh'
[0.904s] Level 1:colcon.colcon_core.environment:checking '/home/hurnenryan/Documents/workspaces/ros2_ws/src/install/nav2_ultrasonic_costmap_plugin/bin'
[0.904s] Level 1:colcon.colcon_core.environment:checking '/home/hurnenryan/Documents/workspaces/ros2_ws/src/install/nav2_ultrasonic_costmap_plugin/lib/pkgconfig/nav2_ultrasonic_costmap_plugin.pc'
[0.904s] Level 1:colcon.colcon_core.environment:checking '/home/hurnenryan/Documents/workspaces/ros2_ws/src/install/nav2_ultrasonic_costmap_plugin/lib/python3.10/site-packages'
[0.904s] Level 1:colcon.colcon_core.environment:checking '/home/hurnenryan/Documents/workspaces/ros2_ws/src/install/nav2_ultrasonic_costmap_plugin/bin'
[0.905s] INFO:colcon.colcon_core.shell:Creating package script '/home/hurnenryan/Documents/workspaces/ros2_ws/src/install/nav2_ultrasonic_costmap_plugin/share/nav2_ultrasonic_costmap_plugin/package.ps1'
[0.906s] INFO:colcon.colcon_core.shell:Creating package descriptor '/home/hurnenryan/Documents/workspaces/ros2_ws/src/install/nav2_ultrasonic_costmap_plugin/share/nav2_ultrasonic_costmap_plugin/package.dsv'
[0.906s] INFO:colcon.colcon_core.shell:Creating package script '/home/hurnenryan/Documents/workspaces/ros2_ws/src/install/nav2_ultrasonic_costmap_plugin/share/nav2_ultrasonic_costmap_plugin/package.sh'
[0.907s] INFO:colcon.colcon_core.shell:Creating package script '/home/hurnenryan/Documents/workspaces/ros2_ws/src/install/nav2_ultrasonic_costmap_plugin/share/nav2_ultrasonic_costmap_plugin/package.bash'
[0.907s] INFO:colcon.colcon_core.shell:Creating package script '/home/hurnenryan/Documents/workspaces/ros2_ws/src/install/nav2_ultrasonic_costmap_plugin/share/nav2_ultrasonic_costmap_plugin/package.zsh'
[0.907s] Level 1:colcon.colcon_core.environment:create_file_with_runtime_dependencies(/home/hurnenryan/Documents/workspaces/ros2_ws/src/install/nav2_ultrasonic_costmap_plugin/share/colcon-core/packages/nav2_ultrasonic_costmap_plugin)
[1.056s] DEBUG:colcon.colcon_core.event_handler.log_command:Invoking command in '/home/hurnenryan/Documents/workspaces/ros2_ws/src/build/positionlogger': PYTHONPATH=/home/hurnenryan/Documents/workspaces/ros2_ws/src/build/positionlogger/prefix_override:/home/hurnenryan/Documents/workspaces/ros2_ws/src/install/positionlogger/lib/python3.10/site-packages:${PYTHONPATH} /usr/bin/python3 setup.py develop --uninstall --editable --build-directory /home/hurnenryan/Documents/workspaces/ros2_ws/src/build/positionlogger/build
[1.381s] DEBUG:colcon.colcon_core.event_handler.log_command:Invoked command in '/home/hurnenryan/Documents/workspaces/ros2_ws/src/build/positionlogger' returned '0': PYTHONPATH=/home/hurnenryan/Documents/workspaces/ros2_ws/src/build/positionlogger/prefix_override:/home/hurnenryan/Documents/workspaces/ros2_ws/src/install/positionlogger/lib/python3.10/site-packages:${PYTHONPATH} /usr/bin/python3 setup.py develop --uninstall --editable --build-directory /home/hurnenryan/Documents/workspaces/ros2_ws/src/build/positionlogger/build
[1.382s] DEBUG:colcon.colcon_core.event_handler.log_command:Invoking command in '/home/hurnenryan/Documents/workspaces/ros2_ws/src/positionlogger': PYTHONPATH=/home/hurnenryan/Documents/workspaces/ros2_ws/src/build/positionlogger/prefix_override:/home/hurnenryan/Documents/workspaces/ros2_ws/src/install/positionlogger/lib/python3.10/site-packages:${PYTHONPATH} /usr/bin/python3 setup.py egg_info --egg-base ../build/positionlogger build --build-base /home/hurnenryan/Documents/workspaces/ros2_ws/src/build/positionlogger/build install --record /home/hurnenryan/Documents/workspaces/ros2_ws/src/build/positionlogger/install.log --single-version-externally-managed
[1.591s] Level 1:colcon.colcon_core.environment:checking '/home/hurnenryan/Documents/workspaces/ros2_ws/src/install/positionlogger' for CMake module files
[1.591s] Level 1:colcon.colcon_core.environment:checking '/home/hurnenryan/Documents/workspaces/ros2_ws/src/install/positionlogger' for CMake config files
[1.591s] DEBUG:colcon.colcon_core.event_handler.log_command:Invoked command in '/home/hurnenryan/Documents/workspaces/ros2_ws/src/positionlogger' returned '0': PYTHONPATH=/home/hurnenryan/Documents/workspaces/ros2_ws/src/build/positionlogger/prefix_override:/home/hurnenryan/Documents/workspaces/ros2_ws/src/install/positionlogger/lib/python3.10/site-packages:${PYTHONPATH} /usr/bin/python3 setup.py egg_info --egg-base ../build/positionlogger build --build-base /home/hurnenryan/Documents/workspaces/ros2_ws/src/build/positionlogger/build install --record /home/hurnenryan/Documents/workspaces/ros2_ws/src/build/positionlogger/install.log --single-version-externally-managed
[1.592s] Level 1:colcon.colcon_core.environment:checking '/home/hurnenryan/Documents/workspaces/ros2_ws/src/install/positionlogger/lib'
[1.592s] Level 1:colcon.colcon_core.environment:checking '/home/hurnenryan/Documents/workspaces/ros2_ws/src/install/positionlogger/bin'
[1.592s] Level 1:colcon.colcon_core.environment:checking '/home/hurnenryan/Documents/workspaces/ros2_ws/src/install/positionlogger/lib/pkgconfig/positionlogger.pc'
[1.592s] Level 1:colcon.colcon_core.environment:checking '/home/hurnenryan/Documents/workspaces/ros2_ws/src/install/positionlogger/lib/python3.10/site-packages'
[1.592s] Level 1:colcon.colcon_core.shell:create_environment_hook('positionlogger', 'pythonpath')
[1.593s] INFO:colcon.colcon_core.shell:Creating environment hook '/home/hurnenryan/Documents/workspaces/ros2_ws/src/install/positionlogger/share/positionlogger/hook/pythonpath.ps1'
[1.593s] INFO:colcon.colcon_core.shell:Creating environment descriptor '/home/hurnenryan/Documents/workspaces/ros2_ws/src/install/positionlogger/share/positionlogger/hook/pythonpath.dsv'
[1.594s] INFO:colcon.colcon_core.shell:Creating environment hook '/home/hurnenryan/Documents/workspaces/ros2_ws/src/install/positionlogger/share/positionlogger/hook/pythonpath.sh'
[1.594s] Level 1:colcon.colcon_core.environment:checking '/home/hurnenryan/Documents/workspaces/ros2_ws/src/install/positionlogger/bin'
[1.594s] Level 1:colcon.colcon_core.environment:create_environment_scripts_only(positionlogger)
[1.595s] INFO:colcon.colcon_core.shell:Creating package script '/home/hurnenryan/Documents/workspaces/ros2_ws/src/install/positionlogger/share/positionlogger/package.ps1'
[1.596s] INFO:colcon.colcon_core.shell:Creating package descriptor '/home/hurnenryan/Documents/workspaces/ros2_ws/src/install/positionlogger/share/positionlogger/package.dsv'
[1.597s] INFO:colcon.colcon_core.shell:Creating package script '/home/hurnenryan/Documents/workspaces/ros2_ws/src/install/positionlogger/share/positionlogger/package.sh'
[1.597s] INFO:colcon.colcon_core.shell:Creating package script '/home/hurnenryan/Documents/workspaces/ros2_ws/src/install/positionlogger/share/positionlogger/package.bash'
[1.598s] INFO:colcon.colcon_core.shell:Creating package script '/home/hurnenryan/Documents/workspaces/ros2_ws/src/install/positionlogger/share/positionlogger/package.zsh'
[1.598s] Level 1:colcon.colcon_core.environment:create_file_with_runtime_dependencies(/home/hurnenryan/Documents/workspaces/ros2_ws/src/install/positionlogger/share/colcon-core/packages/positionlogger)
[1.601s] DEBUG:colcon.colcon_parallel_executor.executor.parallel:closing loop
[1.601s] DEBUG:colcon.colcon_parallel_executor.executor.parallel:loop closed
[1.602s] DEBUG:colcon.colcon_parallel_executor.executor.parallel:run_until_complete finished with '0'
[1.602s] DEBUG:colcon.colcon_core.event_reactor:joining thread
[1.612s] INFO:colcon.colcon_core.plugin_system:Skipping extension 'colcon_notification.desktop_notification.terminal_notifier': Not used on non-Darwin systems
[1.612s] INFO:colcon.colcon_core.plugin_system:Skipping extension 'colcon_notification.desktop_notification.win32': Not used on non-Windows systems
[1.612s] INFO:colcon.colcon_notification.desktop_notification:Sending desktop notification using 'notify2'
[1.650s] DEBUG:colcon.colcon_core.event_reactor:joined thread
[1.651s] INFO:colcon.colcon_core.shell:Creating prefix script '/home/hurnenryan/Documents/workspaces/ros2_ws/src/install/local_setup.ps1'
[1.652s] INFO:colcon.colcon_core.shell:Creating prefix util module '/home/hurnenryan/Documents/workspaces/ros2_ws/src/install/_local_setup_util_ps1.py'
[1.653s] INFO:colcon.colcon_core.shell:Creating prefix chain script '/home/hurnenryan/Documents/workspaces/ros2_ws/src/install/setup.ps1'
[1.654s] INFO:colcon.colcon_core.shell:Creating prefix script '/home/hurnenryan/Documents/workspaces/ros2_ws/src/install/local_setup.sh'
[1.655s] INFO:colcon.colcon_core.shell:Creating prefix util module '/home/hurnenryan/Documents/workspaces/ros2_ws/src/install/_local_setup_util_sh.py'
[1.655s] INFO:colcon.colcon_core.shell:Creating prefix chain script '/home/hurnenryan/Documents/workspaces/ros2_ws/src/install/setup.sh'
[1.656s] INFO:colcon.colcon_core.shell:Creating prefix script '/home/hurnenryan/Documents/workspaces/ros2_ws/src/install/local_setup.bash'
[1.657s] INFO:colcon.colcon_core.shell:Creating prefix chain script '/home/hurnenryan/Documents/workspaces/ros2_ws/src/install/setup.bash'
[1.658s] INFO:colcon.colcon_core.shell:Creating prefix script '/home/hurnenryan/Documents/workspaces/ros2_ws/src/install/local_setup.zsh'
[1.659s] INFO:colcon.colcon_core.shell:Creating prefix chain script '/home/hurnenryan/Documents/workspaces/ros2_ws/src/install/setup.zsh'
