[0.246s] DEBUG:colcon:Command line arguments: ['/usr/bin/colcon', 'list', '-p', '--base-paths', '/home/ubuntu/Documents/ENGR489_Navigation']
[0.246s] DEBUG:colcon:Parsed command line arguments: Namespace(log_base=None, log_level=None, verb_name='list', build_base='build', ignore_user_meta=False, metas=['./colcon.meta'], base_paths=['/home/ubuntu/Documents/ENGR489_Navigation'], packages_ignore=None, packages_ignore_regex=None, paths=None, packages_up_to=None, packages_up_to_regex=None, packages_above=None, packages_above_and_dependencies=None, packages_above_depth=None, packages_select_by_dep=None, packages_skip_by_dep=None, packages_skip_up_to=None, packages_select_build_failed=False, packages_skip_build_finished=False, packages_select_test_failures=False, packages_skip_test_passed=False, packages_select=None, packages_skip=None, packages_select_regex=None, packages_skip_regex=None, packages_start=None, packages_end=None, allow_overriding=[], topological_order=False, names_only=False, paths_only=True, topological_graph=False, topological_graph_dot=False, topological_graph_density=False, topological_graph_legend=False, topological_graph_dot_cluster=False, topological_graph_dot_include_skipped=False, verb_parser=<colcon_defaults.argument_parser.defaults.DefaultArgumentsDecorator object at 0x7ff5fcc6b4c0>, verb_extension=<colcon_package_information.verb.list.ListVerb object at 0x7ff5fcc0c1c0>, main=<bound method ListVerb.main of <colcon_package_information.verb.list.ListVerb object at 0x7ff5fcc0c1c0>>)
[0.266s] Level 1:colcon.colcon_core.package_discovery:discover_packages(colcon_meta) check parameters
[0.266s] Level 1:colcon.colcon_core.package_discovery:discover_packages(recursive) check parameters
[0.266s] Level 1:colcon.colcon_core.package_discovery:discover_packages(ignore) check parameters
[0.266s] Level 1:colcon.colcon_core.package_discovery:discover_packages(path) check parameters
[0.266s] Level 1:colcon.colcon_core.package_discovery:discover_packages(recursive) discover
[0.266s] INFO:colcon.colcon_core.package_discovery:Crawling recursively for packages in '/home/ubuntu/Documents/ENGR489_Navigation'
[0.266s] Level 1:colcon.colcon_core.package_identification:_identify(/home/ubuntu/Documents/ENGR489_Navigation) by extensions ['ignore', 'ignore_ament_install']
[0.266s] Level 1:colcon.colcon_core.package_identification:_identify(/home/ubuntu/Documents/ENGR489_Navigation) by extension 'ignore'
[0.266s] Level 1:colcon.colcon_core.package_identification:_identify(/home/ubuntu/Documents/ENGR489_Navigation) by extension 'ignore_ament_install'
[0.266s] Level 1:colcon.colcon_core.package_identification:_identify(/home/ubuntu/Documents/ENGR489_Navigation) by extensions ['colcon_pkg']
[0.266s] Level 1:colcon.colcon_core.package_identification:_identify(/home/ubuntu/Documents/ENGR489_Navigation) by extension 'colcon_pkg'
[0.266s] Level 1:colcon.colcon_core.package_identification:_identify(/home/ubuntu/Documents/ENGR489_Navigation) by extensions ['colcon_meta']
[0.266s] Level 1:colcon.colcon_core.package_identification:_identify(/home/ubuntu/Documents/ENGR489_Navigation) by extension 'colcon_meta'
[0.266s] Level 1:colcon.colcon_core.package_identification:_identify(/home/ubuntu/Documents/ENGR489_Navigation) by extensions ['ros']
[0.266s] Level 1:colcon.colcon_core.package_identification:_identify(/home/ubuntu/Documents/ENGR489_Navigation) by extension 'ros'
[0.282s] Level 1:colcon.colcon_core.package_identification:_identify(/home/ubuntu/Documents/ENGR489_Navigation) by extensions ['cmake', 'python']
[0.283s] Level 1:colcon.colcon_core.package_identification:_identify(/home/ubuntu/Documents/ENGR489_Navigation) by extension 'cmake'
[0.283s] Level 1:colcon.colcon_core.package_identification:_identify(/home/ubuntu/Documents/ENGR489_Navigation) by extension 'python'
[0.283s] Level 1:colcon.colcon_core.package_identification:_identify(/home/ubuntu/Documents/ENGR489_Navigation) by extensions ['python_setup_py']
[0.283s] Level 1:colcon.colcon_core.package_identification:_identify(/home/ubuntu/Documents/ENGR489_Navigation) by extension 'python_setup_py'
[0.283s] Level 1:colcon.colcon_core.package_identification:_identify(/home/ubuntu/Documents/ENGR489_Navigation/log) by extensions ['ignore', 'ignore_ament_install']
[0.283s] Level 1:colcon.colcon_core.package_identification:_identify(/home/ubuntu/Documents/ENGR489_Navigation/log) by extension 'ignore'
[0.283s] Level 1:colcon.colcon_core.package_identification:_identify(/home/ubuntu/Documents/ENGR489_Navigation/log) ignored
[0.283s] Level 1:colcon.colcon_core.package_identification:_identify(/home/ubuntu/Documents/ENGR489_Navigation/src) by extensions ['ignore', 'ignore_ament_install']
[0.283s] Level 1:colcon.colcon_core.package_identification:_identify(/home/ubuntu/Documents/ENGR489_Navigation/src) by extension 'ignore'
[0.283s] Level 1:colcon.colcon_core.package_identification:_identify(/home/ubuntu/Documents/ENGR489_Navigation/src) by extension 'ignore_ament_install'
[0.283s] Level 1:colcon.colcon_core.package_identification:_identify(/home/ubuntu/Documents/ENGR489_Navigation/src) by extensions ['colcon_pkg']
[0.283s] Level 1:colcon.colcon_core.package_identification:_identify(/home/ubuntu/Documents/ENGR489_Navigation/src) by extension 'colcon_pkg'
[0.283s] Level 1:colcon.colcon_core.package_identification:_identify(/home/ubuntu/Documents/ENGR489_Navigation/src) by extensions ['colcon_meta']
[0.283s] Level 1:colcon.colcon_core.package_identification:_identify(/home/ubuntu/Documents/ENGR489_Navigation/src) by extension 'colcon_meta'
[0.283s] Level 1:colcon.colcon_core.package_identification:_identify(/home/ubuntu/Documents/ENGR489_Navigation/src) by extensions ['ros']
[0.283s] Level 1:colcon.colcon_core.package_identification:_identify(/home/ubuntu/Documents/ENGR489_Navigation/src) by extension 'ros'
[0.283s] Level 1:colcon.colcon_core.package_identification:_identify(/home/ubuntu/Documents/ENGR489_Navigation/src) by extensions ['cmake', 'python']
[0.283s] Level 1:colcon.colcon_core.package_identification:_identify(/home/ubuntu/Documents/ENGR489_Navigation/src) by extension 'cmake'
[0.283s] Level 1:colcon.colcon_core.package_identification:_identify(/home/ubuntu/Documents/ENGR489_Navigation/src) by extension 'python'
[0.283s] Level 1:colcon.colcon_core.package_identification:_identify(/home/ubuntu/Documents/ENGR489_Navigation/src) by extensions ['python_setup_py']
[0.283s] Level 1:colcon.colcon_core.package_identification:_identify(/home/ubuntu/Documents/ENGR489_Navigation/src) by extension 'python_setup_py'
[0.284s] Level 1:colcon.colcon_core.package_identification:_identify(/home/ubuntu/Documents/ENGR489_Navigation/src/build) by extensions ['ignore', 'ignore_ament_install']
[0.284s] Level 1:colcon.colcon_core.package_identification:_identify(/home/ubuntu/Documents/ENGR489_Navigation/src/build) by extension 'ignore'
[0.284s] Level 1:colcon.colcon_core.package_identification:_identify(/home/ubuntu/Documents/ENGR489_Navigation/src/build) ignored
[0.284s] Level 1:colcon.colcon_core.package_identification:_identify(/home/ubuntu/Documents/ENGR489_Navigation/src/install) by extensions ['ignore', 'ignore_ament_install']
[0.284s] Level 1:colcon.colcon_core.package_identification:_identify(/home/ubuntu/Documents/ENGR489_Navigation/src/install) by extension 'ignore'
[0.284s] Level 1:colcon.colcon_core.package_identification:_identify(/home/ubuntu/Documents/ENGR489_Navigation/src/install) ignored
[0.284s] Level 1:colcon.colcon_core.package_identification:_identify(/home/ubuntu/Documents/ENGR489_Navigation/src/log) by extensions ['ignore', 'ignore_ament_install']
[0.284s] Level 1:colcon.colcon_core.package_identification:_identify(/home/ubuntu/Documents/ENGR489_Navigation/src/log) by extension 'ignore'
[0.284s] Level 1:colcon.colcon_core.package_identification:_identify(/home/ubuntu/Documents/ENGR489_Navigation/src/log) ignored
[0.284s] Level 1:colcon.colcon_core.package_identification:_identify(/home/ubuntu/Documents/ENGR489_Navigation/src/nav2_ultrasonic_costmap_plugin) by extensions ['ignore', 'ignore_ament_install']
[0.285s] Level 1:colcon.colcon_core.package_identification:_identify(/home/ubuntu/Documents/ENGR489_Navigation/src/nav2_ultrasonic_costmap_plugin) by extension 'ignore'
[0.285s] Level 1:colcon.colcon_core.package_identification:_identify(/home/ubuntu/Documents/ENGR489_Navigation/src/nav2_ultrasonic_costmap_plugin) by extension 'ignore_ament_install'
[0.285s] Level 1:colcon.colcon_core.package_identification:_identify(/home/ubuntu/Documents/ENGR489_Navigation/src/nav2_ultrasonic_costmap_plugin) by extensions ['colcon_pkg']
[0.285s] Level 1:colcon.colcon_core.package_identification:_identify(/home/ubuntu/Documents/ENGR489_Navigation/src/nav2_ultrasonic_costmap_plugin) by extension 'colcon_pkg'
[0.285s] Level 1:colcon.colcon_core.package_identification:_identify(/home/ubuntu/Documents/ENGR489_Navigation/src/nav2_ultrasonic_costmap_plugin) by extensions ['colcon_meta']
[0.285s] Level 1:colcon.colcon_core.package_identification:_identify(/home/ubuntu/Documents/ENGR489_Navigation/src/nav2_ultrasonic_costmap_plugin) by extension 'colcon_meta'
[0.285s] Level 1:colcon.colcon_core.package_identification:_identify(/home/ubuntu/Documents/ENGR489_Navigation/src/nav2_ultrasonic_costmap_plugin) by extensions ['ros']
[0.285s] Level 1:colcon.colcon_core.package_identification:_identify(/home/ubuntu/Documents/ENGR489_Navigation/src/nav2_ultrasonic_costmap_plugin) by extension 'ros'
[0.287s] DEBUG:colcon.colcon_core.package_identification:Package '/home/ubuntu/Documents/ENGR489_Navigation/src/nav2_ultrasonic_costmap_plugin' with type 'ros.ament_cmake' and name 'nav2_ultrasonic_costmap_plugin'
[0.287s] Level 1:colcon.colcon_core.package_identification:_identify(/home/ubuntu/Documents/ENGR489_Navigation/src/positionlogger) by extensions ['ignore', 'ignore_ament_install']
[0.287s] Level 1:colcon.colcon_core.package_identification:_identify(/home/ubuntu/Documents/ENGR489_Navigation/src/positionlogger) by extension 'ignore'
[0.287s] Level 1:colcon.colcon_core.package_identification:_identify(/home/ubuntu/Documents/ENGR489_Navigation/src/positionlogger) by extension 'ignore_ament_install'
[0.287s] Level 1:colcon.colcon_core.package_identification:_identify(/home/ubuntu/Documents/ENGR489_Navigation/src/positionlogger) by extensions ['colcon_pkg']
[0.287s] Level 1:colcon.colcon_core.package_identification:_identify(/home/ubuntu/Documents/ENGR489_Navigation/src/positionlogger) by extension 'colcon_pkg'
[0.287s] Level 1:colcon.colcon_core.package_identification:_identify(/home/ubuntu/Documents/ENGR489_Navigation/src/positionlogger) by extensions ['colcon_meta']
[0.287s] Level 1:colcon.colcon_core.package_identification:_identify(/home/ubuntu/Documents/ENGR489_Navigation/src/positionlogger) by extension 'colcon_meta'
[0.287s] Level 1:colcon.colcon_core.package_identification:_identify(/home/ubuntu/Documents/ENGR489_Navigation/src/positionlogger) by extensions ['ros']
[0.287s] Level 1:colcon.colcon_core.package_identification:_identify(/home/ubuntu/Documents/ENGR489_Navigation/src/positionlogger) by extension 'ros'
[0.288s] DEBUG:colcon.colcon_core.package_identification:Package '/home/ubuntu/Documents/ENGR489_Navigation/src/positionlogger' with type 'ros.ament_python' and name 'positionlogger'
[0.288s] Level 1:colcon.colcon_core.package_discovery:discover_packages(recursive) using defaults
