[0.241s] DEBUG:colcon:Command line arguments: ['/usr/bin/colcon', 'build']
[0.241s] DEBUG:colcon:Parsed command line arguments: Namespace(log_base=None, log_level=None, verb_name='build', build_base='build', install_base='install', merge_install=False, symlink_install=False, test_result_base=None, continue_on_error=False, executor='parallel', parallel_workers=4, event_handlers=None, ignore_user_meta=False, metas=['./colcon.meta'], base_paths=['.'], packages_ignore=None, packages_ignore_regex=None, paths=None, packages_up_to=None, packages_up_to_regex=None, packages_above=None, packages_above_and_dependencies=None, packages_above_depth=None, packages_select_by_dep=None, packages_skip_by_dep=None, packages_skip_up_to=None, packages_select_build_failed=False, packages_skip_build_finished=False, packages_select_test_failures=False, packages_skip_test_passed=False, packages_select=None, packages_skip=None, packages_select_regex=None, packages_skip_regex=None, packages_start=None, packages_end=None, allow_overriding=[], cmake_args=None, cmake_target=None, cmake_target_skip_unavailable=False, cmake_clean_cache=False, cmake_clean_first=False, cmake_force_configure=False, ament_cmake_args=None, catkin_cmake_args=None, catkin_skip_building_tests=False, verb_parser=<colcon_defaults.argument_parser.defaults.DefaultArgumentsDecorator object at 0x7f91156ae8f0>, verb_extension=<colcon_core.verb.build.BuildVerb object at 0x7f9115ecb130>, main=<bound method BuildVerb.main of <colcon_core.verb.build.BuildVerb object at 0x7f9115ecb130>>)
[0.269s] Level 1:colcon.colcon_core.package_discovery:discover_packages(colcon_meta) check parameters
[0.269s] Level 1:colcon.colcon_core.package_discovery:discover_packages(recursive) check parameters
[0.269s] Level 1:colcon.colcon_core.package_discovery:discover_packages(ignore) check parameters
[0.269s] Level 1:colcon.colcon_core.package_discovery:discover_packages(path) check parameters
[0.269s] Level 1:colcon.colcon_core.package_discovery:discover_packages(colcon_meta) discover
[0.269s] Level 1:colcon.colcon_core.package_discovery:discover_packages(recursive) discover
[0.269s] INFO:colcon.colcon_core.package_discovery:Crawling recursively for packages in '/home/ubuntu/Documents/ENGR489_Navigation'
[0.269s] Level 1:colcon.colcon_core.package_identification:_identify(.) by extensions ['ignore', 'ignore_ament_install']
[0.270s] Level 1:colcon.colcon_core.package_identification:_identify(.) by extension 'ignore'
[0.270s] Level 1:colcon.colcon_core.package_identification:_identify(.) by extension 'ignore_ament_install'
[0.270s] Level 1:colcon.colcon_core.package_identification:_identify(.) by extensions ['colcon_pkg']
[0.270s] Level 1:colcon.colcon_core.package_identification:_identify(.) by extension 'colcon_pkg'
[0.270s] Level 1:colcon.colcon_core.package_identification:_identify(.) by extensions ['colcon_meta']
[0.270s] Level 1:colcon.colcon_core.package_identification:_identify(.) by extension 'colcon_meta'
[0.270s] Level 1:colcon.colcon_core.package_identification:_identify(.) by extensions ['ros']
[0.270s] Level 1:colcon.colcon_core.package_identification:_identify(.) by extension 'ros'
[0.278s] Level 1:colcon.colcon_core.package_identification:_identify(.) by extensions ['cmake', 'python']
[0.278s] Level 1:colcon.colcon_core.package_identification:_identify(.) by extension 'cmake'
[0.279s] Level 1:colcon.colcon_core.package_identification:_identify(.) by extension 'python'
[0.279s] Level 1:colcon.colcon_core.package_identification:_identify(.) by extensions ['python_setup_py']
[0.279s] Level 1:colcon.colcon_core.package_identification:_identify(.) by extension 'python_setup_py'
[0.279s] Level 1:colcon.colcon_core.package_identification:_identify(build) by extensions ['ignore', 'ignore_ament_install']
[0.279s] Level 1:colcon.colcon_core.package_identification:_identify(build) by extension 'ignore'
[0.279s] Level 1:colcon.colcon_core.package_identification:_identify(build) ignored
[0.279s] Level 1:colcon.colcon_core.package_identification:_identify(install) by extensions ['ignore', 'ignore_ament_install']
[0.279s] Level 1:colcon.colcon_core.package_identification:_identify(install) by extension 'ignore'
[0.279s] Level 1:colcon.colcon_core.package_identification:_identify(install) ignored
[0.279s] Level 1:colcon.colcon_core.package_identification:_identify(log) by extensions ['ignore', 'ignore_ament_install']
[0.279s] Level 1:colcon.colcon_core.package_identification:_identify(log) by extension 'ignore'
[0.279s] Level 1:colcon.colcon_core.package_identification:_identify(log) ignored
[0.279s] Level 1:colcon.colcon_core.package_identification:_identify(src) by extensions ['ignore', 'ignore_ament_install']
[0.280s] Level 1:colcon.colcon_core.package_identification:_identify(src) by extension 'ignore'
[0.280s] Level 1:colcon.colcon_core.package_identification:_identify(src) by extension 'ignore_ament_install'
[0.280s] Level 1:colcon.colcon_core.package_identification:_identify(src) by extensions ['colcon_pkg']
[0.280s] Level 1:colcon.colcon_core.package_identification:_identify(src) by extension 'colcon_pkg'
[0.280s] Level 1:colcon.colcon_core.package_identification:_identify(src) by extensions ['colcon_meta']
[0.280s] Level 1:colcon.colcon_core.package_identification:_identify(src) by extension 'colcon_meta'
[0.280s] Level 1:colcon.colcon_core.package_identification:_identify(src) by extensions ['ros']
[0.280s] Level 1:colcon.colcon_core.package_identification:_identify(src) by extension 'ros'
[0.280s] Level 1:colcon.colcon_core.package_identification:_identify(src) by extensions ['cmake', 'python']
[0.280s] Level 1:colcon.colcon_core.package_identification:_identify(src) by extension 'cmake'
[0.280s] Level 1:colcon.colcon_core.package_identification:_identify(src) by extension 'python'
[0.280s] Level 1:colcon.colcon_core.package_identification:_identify(src) by extensions ['python_setup_py']
[0.280s] Level 1:colcon.colcon_core.package_identification:_identify(src) by extension 'python_setup_py'
[0.280s] Level 1:colcon.colcon_core.package_identification:_identify(src/log) by extensions ['ignore', 'ignore_ament_install']
[0.280s] Level 1:colcon.colcon_core.package_identification:_identify(src/log) by extension 'ignore'
[0.280s] Level 1:colcon.colcon_core.package_identification:_identify(src/log) ignored
[0.280s] Level 1:colcon.colcon_core.package_identification:_identify(src/nav2_ultrasonic_costmap_plugin) by extensions ['ignore', 'ignore_ament_install']
[0.280s] Level 1:colcon.colcon_core.package_identification:_identify(src/nav2_ultrasonic_costmap_plugin) by extension 'ignore'
[0.280s] Level 1:colcon.colcon_core.package_identification:_identify(src/nav2_ultrasonic_costmap_plugin) by extension 'ignore_ament_install'
[0.281s] Level 1:colcon.colcon_core.package_identification:_identify(src/nav2_ultrasonic_costmap_plugin) by extensions ['colcon_pkg']
[0.281s] Level 1:colcon.colcon_core.package_identification:_identify(src/nav2_ultrasonic_costmap_plugin) by extension 'colcon_pkg'
[0.281s] Level 1:colcon.colcon_core.package_identification:_identify(src/nav2_ultrasonic_costmap_plugin) by extensions ['colcon_meta']
[0.281s] Level 1:colcon.colcon_core.package_identification:_identify(src/nav2_ultrasonic_costmap_plugin) by extension 'colcon_meta'
[0.281s] Level 1:colcon.colcon_core.package_identification:_identify(src/nav2_ultrasonic_costmap_plugin) by extensions ['ros']
[0.281s] Level 1:colcon.colcon_core.package_identification:_identify(src/nav2_ultrasonic_costmap_plugin) by extension 'ros'
[0.283s] DEBUG:colcon.colcon_core.package_identification:Package 'src/nav2_ultrasonic_costmap_plugin' with type 'ros.ament_cmake' and name 'nav2_ultrasonic_costmap_plugin'
[0.283s] Level 1:colcon.colcon_core.package_identification:_identify(src/positionlogger) by extensions ['ignore', 'ignore_ament_install']
[0.283s] Level 1:colcon.colcon_core.package_identification:_identify(src/positionlogger) by extension 'ignore'
[0.283s] Level 1:colcon.colcon_core.package_identification:_identify(src/positionlogger) by extension 'ignore_ament_install'
[0.283s] Level 1:colcon.colcon_core.package_identification:_identify(src/positionlogger) by extensions ['colcon_pkg']
[0.283s] Level 1:colcon.colcon_core.package_identification:_identify(src/positionlogger) by extension 'colcon_pkg'
[0.283s] Level 1:colcon.colcon_core.package_identification:_identify(src/positionlogger) by extensions ['colcon_meta']
[0.283s] Level 1:colcon.colcon_core.package_identification:_identify(src/positionlogger) by extension 'colcon_meta'
[0.283s] Level 1:colcon.colcon_core.package_identification:_identify(src/positionlogger) by extensions ['ros']
[0.283s] Level 1:colcon.colcon_core.package_identification:_identify(src/positionlogger) by extension 'ros'
[0.284s] DEBUG:colcon.colcon_core.package_identification:Package 'src/positionlogger' with type 'ros.ament_python' and name 'positionlogger'
[0.284s] Level 1:colcon.colcon_core.package_discovery:discover_packages(recursive) using defaults
[0.284s] Level 1:colcon.colcon_core.package_discovery:discover_packages(ignore) discover
[0.284s] Level 1:colcon.colcon_core.package_discovery:discover_packages(ignore) using defaults
[0.284s] Level 1:colcon.colcon_core.package_discovery:discover_packages(path) discover
[0.284s] Level 1:colcon.colcon_core.package_discovery:discover_packages(path) using defaults
[0.303s] Level 1:colcon.colcon_core.package_discovery:discover_packages(prefix_path) check parameters
[0.303s] Level 1:colcon.colcon_core.package_discovery:discover_packages(prefix_path) discover
[0.304s] WARNING:colcon.colcon_ros.prefix_path.ament:The path '/home/ubuntu/Documents/ENGR489_Navigation/install/positionlogger' in the environment variable AMENT_PREFIX_PATH doesn't exist
[0.304s] WARNING:colcon.colcon_ros.prefix_path.ament:The path '/home/ubuntu/Documents/ENGR489_Navigation/install/nav2_ultrasonic_costmap_plugin' in the environment variable AMENT_PREFIX_PATH doesn't exist
[0.304s] WARNING:colcon.colcon_ros.prefix_path.catkin:The path '/home/ubuntu/Documents/ENGR489_Navigation/install/nav2_ultrasonic_costmap_plugin' in the environment variable CMAKE_PREFIX_PATH doesn't exist
[0.305s] DEBUG:colcon.colcon_installed_package_information.package_discovery:Found 0 installed packages in /home/ubuntu/Documents/ENGR489_Navigation/install
[0.306s] DEBUG:colcon.colcon_installed_package_information.package_discovery:Found 315 installed packages in /opt/ros/humble
[0.307s] Level 1:colcon.colcon_core.package_discovery:discover_packages(prefix_path) using defaults
[0.355s] Level 5:colcon.colcon_core.verb:set package 'nav2_ultrasonic_costmap_plugin' build argument 'cmake_args' from command line to 'None'
[0.355s] Level 5:colcon.colcon_core.verb:set package 'nav2_ultrasonic_costmap_plugin' build argument 'cmake_target' from command line to 'None'
[0.355s] Level 5:colcon.colcon_core.verb:set package 'nav2_ultrasonic_costmap_plugin' build argument 'cmake_target_skip_unavailable' from command line to 'False'
[0.355s] Level 5:colcon.colcon_core.verb:set package 'nav2_ultrasonic_costmap_plugin' build argument 'cmake_clean_cache' from command line to 'False'
[0.355s] Level 5:colcon.colcon_core.verb:set package 'nav2_ultrasonic_costmap_plugin' build argument 'cmake_clean_first' from command line to 'False'
[0.355s] Level 5:colcon.colcon_core.verb:set package 'nav2_ultrasonic_costmap_plugin' build argument 'cmake_force_configure' from command line to 'False'
[0.355s] Level 5:colcon.colcon_core.verb:set package 'nav2_ultrasonic_costmap_plugin' build argument 'ament_cmake_args' from command line to 'None'
[0.355s] Level 5:colcon.colcon_core.verb:set package 'nav2_ultrasonic_costmap_plugin' build argument 'catkin_cmake_args' from command line to 'None'
[0.356s] Level 5:colcon.colcon_core.verb:set package 'nav2_ultrasonic_costmap_plugin' build argument 'catkin_skip_building_tests' from command line to 'False'
[0.356s] DEBUG:colcon.colcon_core.verb:Building package 'nav2_ultrasonic_costmap_plugin' with the following arguments: {'ament_cmake_args': None, 'build_base': '/home/ubuntu/Documents/ENGR489_Navigation/build/nav2_ultrasonic_costmap_plugin', 'catkin_cmake_args': None, 'catkin_skip_building_tests': False, 'cmake_args': None, 'cmake_clean_cache': False, 'cmake_clean_first': False, 'cmake_force_configure': False, 'cmake_target': None, 'cmake_target_skip_unavailable': False, 'install_base': '/home/ubuntu/Documents/ENGR489_Navigation/install/nav2_ultrasonic_costmap_plugin', 'merge_install': False, 'path': '/home/ubuntu/Documents/ENGR489_Navigation/src/nav2_ultrasonic_costmap_plugin', 'symlink_install': False, 'test_result_base': None}
[0.357s] Level 5:colcon.colcon_core.verb:set package 'positionlogger' build argument 'cmake_args' from command line to 'None'
[0.357s] Level 5:colcon.colcon_core.verb:set package 'positionlogger' build argument 'cmake_target' from command line to 'None'
[0.357s] Level 5:colcon.colcon_core.verb:set package 'positionlogger' build argument 'cmake_target_skip_unavailable' from command line to 'False'
[0.357s] Level 5:colcon.colcon_core.verb:set package 'positionlogger' build argument 'cmake_clean_cache' from command line to 'False'
[0.357s] Level 5:colcon.colcon_core.verb:set package 'positionlogger' build argument 'cmake_clean_first' from command line to 'False'
[0.357s] Level 5:colcon.colcon_core.verb:set package 'positionlogger' build argument 'cmake_force_configure' from command line to 'False'
[0.357s] Level 5:colcon.colcon_core.verb:set package 'positionlogger' build argument 'ament_cmake_args' from command line to 'None'
[0.357s] Level 5:colcon.colcon_core.verb:set package 'positionlogger' build argument 'catkin_cmake_args' from command line to 'None'
[0.357s] Level 5:colcon.colcon_core.verb:set package 'positionlogger' build argument 'catkin_skip_building_tests' from command line to 'False'
[0.357s] DEBUG:colcon.colcon_core.verb:Building package 'positionlogger' with the following arguments: {'ament_cmake_args': None, 'build_base': '/home/ubuntu/Documents/ENGR489_Navigation/build/positionlogger', 'catkin_cmake_args': None, 'catkin_skip_building_tests': False, 'cmake_args': None, 'cmake_clean_cache': False, 'cmake_clean_first': False, 'cmake_force_configure': False, 'cmake_target': None, 'cmake_target_skip_unavailable': False, 'install_base': '/home/ubuntu/Documents/ENGR489_Navigation/install/positionlogger', 'merge_install': False, 'path': '/home/ubuntu/Documents/ENGR489_Navigation/src/positionlogger', 'symlink_install': False, 'test_result_base': None}
[0.357s] INFO:colcon.colcon_core.executor:Executing jobs using 'parallel' executor
[0.362s] DEBUG:colcon.colcon_parallel_executor.executor.parallel:run_until_complete
[0.362s] INFO:colcon.colcon_ros.task.ament_cmake.build:Building ROS package in '/home/ubuntu/Documents/ENGR489_Navigation/src/nav2_ultrasonic_costmap_plugin' with build type 'ament_cmake'
[0.363s] INFO:colcon.colcon_cmake.task.cmake.build:Building CMake package in '/home/ubuntu/Documents/ENGR489_Navigation/src/nav2_ultrasonic_costmap_plugin'
[0.367s] INFO:colcon.colcon_core.plugin_system:Skipping extension 'colcon_core.shell.bat': Not used on non-Windows systems
[0.367s] INFO:colcon.colcon_core.shell:Skip shell extension 'powershell' for command environment: Not usable outside of PowerShell
[0.367s] DEBUG:colcon.colcon_core.shell:Skip shell extension 'dsv' for command environment
[0.371s] INFO:colcon.colcon_ros.task.ament_python.build:Building ROS package in '/home/ubuntu/Documents/ENGR489_Navigation/src/positionlogger' with build type 'ament_python'
[0.371s] Level 1:colcon.colcon_core.shell:create_environment_hook('positionlogger', 'ament_prefix_path')
[0.373s] INFO:colcon.colcon_core.shell:Creating environment hook '/home/ubuntu/Documents/ENGR489_Navigation/install/positionlogger/share/positionlogger/hook/ament_prefix_path.ps1'
[0.374s] INFO:colcon.colcon_core.shell:Creating environment descriptor '/home/ubuntu/Documents/ENGR489_Navigation/install/positionlogger/share/positionlogger/hook/ament_prefix_path.dsv'
[0.375s] INFO:colcon.colcon_core.shell:Creating environment hook '/home/ubuntu/Documents/ENGR489_Navigation/install/positionlogger/share/positionlogger/hook/ament_prefix_path.sh'
[0.377s] INFO:colcon.colcon_core.shell:Skip shell extension 'powershell' for command environment: Not usable outside of PowerShell
[0.377s] DEBUG:colcon.colcon_core.shell:Skip shell extension 'dsv' for command environment
[0.385s] DEBUG:colcon.colcon_core.event_handler.log_command:Invoking command in '/home/ubuntu/Documents/ENGR489_Navigation/build/nav2_ultrasonic_costmap_plugin': CMAKE_PREFIX_PATH=${CMAKE_PREFIX_PATH}:/home/ubuntu/Documents/ENGR489_Navigation/install/positionlogger:/opt/ros/humble /usr/bin/cmake /home/ubuntu/Documents/ENGR489_Navigation/src/nav2_ultrasonic_costmap_plugin -DCMAKE_INSTALL_PREFIX=/home/ubuntu/Documents/ENGR489_Navigation/install/nav2_ultrasonic_costmap_plugin
[0.599s] INFO:colcon.colcon_core.task.python.build:Building Python package in '/home/ubuntu/Documents/ENGR489_Navigation/src/positionlogger'
[0.601s] INFO:colcon.colcon_core.shell:Skip shell extension 'powershell' for command environment: Not usable outside of PowerShell
[0.601s] DEBUG:colcon.colcon_core.shell:Skip shell extension 'dsv' for command environment
[0.957s] DEBUG:colcon.colcon_core.event_handler.log_command:Invoking command in '/home/ubuntu/Documents/ENGR489_Navigation/src/positionlogger': PYTHONPATH=/home/ubuntu/Documents/ENGR489_Navigation/build/positionlogger/prefix_override:/home/ubuntu/Documents/ENGR489_Navigation/install/positionlogger/lib/python3.10/site-packages:${PYTHONPATH} /usr/bin/python3 setup.py egg_info --egg-base ../../build/positionlogger build --build-base /home/ubuntu/Documents/ENGR489_Navigation/build/positionlogger/build install --record /home/ubuntu/Documents/ENGR489_Navigation/build/positionlogger/install.log --single-version-externally-managed
[1.302s] DEBUG:colcon.colcon_core.event_handler.log_command:Invoked command in '/home/ubuntu/Documents/ENGR489_Navigation/src/positionlogger' returned '0': PYTHONPATH=/home/ubuntu/Documents/ENGR489_Navigation/build/positionlogger/prefix_override:/home/ubuntu/Documents/ENGR489_Navigation/install/positionlogger/lib/python3.10/site-packages:${PYTHONPATH} /usr/bin/python3 setup.py egg_info --egg-base ../../build/positionlogger build --build-base /home/ubuntu/Documents/ENGR489_Navigation/build/positionlogger/build install --record /home/ubuntu/Documents/ENGR489_Navigation/build/positionlogger/install.log --single-version-externally-managed
[1.305s] Level 1:colcon.colcon_core.environment:checking '/home/ubuntu/Documents/ENGR489_Navigation/install/positionlogger' for CMake module files
[1.305s] Level 1:colcon.colcon_core.environment:checking '/home/ubuntu/Documents/ENGR489_Navigation/install/positionlogger' for CMake config files
[1.306s] Level 1:colcon.colcon_core.environment:checking '/home/ubuntu/Documents/ENGR489_Navigation/install/positionlogger/lib'
[1.306s] Level 1:colcon.colcon_core.environment:checking '/home/ubuntu/Documents/ENGR489_Navigation/install/positionlogger/bin'
[1.306s] Level 1:colcon.colcon_core.environment:checking '/home/ubuntu/Documents/ENGR489_Navigation/install/positionlogger/lib/pkgconfig/positionlogger.pc'
[1.306s] Level 1:colcon.colcon_core.environment:checking '/home/ubuntu/Documents/ENGR489_Navigation/install/positionlogger/lib/python3.10/site-packages'
[1.306s] Level 1:colcon.colcon_core.shell:create_environment_hook('positionlogger', 'pythonpath')
[1.307s] INFO:colcon.colcon_core.shell:Creating environment hook '/home/ubuntu/Documents/ENGR489_Navigation/install/positionlogger/share/positionlogger/hook/pythonpath.ps1'
[1.308s] INFO:colcon.colcon_core.shell:Creating environment descriptor '/home/ubuntu/Documents/ENGR489_Navigation/install/positionlogger/share/positionlogger/hook/pythonpath.dsv'
[1.308s] INFO:colcon.colcon_core.shell:Creating environment hook '/home/ubuntu/Documents/ENGR489_Navigation/install/positionlogger/share/positionlogger/hook/pythonpath.sh'
[1.308s] Level 1:colcon.colcon_core.environment:checking '/home/ubuntu/Documents/ENGR489_Navigation/install/positionlogger/bin'
[1.308s] Level 1:colcon.colcon_core.environment:create_environment_scripts_only(positionlogger)
[1.309s] INFO:colcon.colcon_core.shell:Creating package script '/home/ubuntu/Documents/ENGR489_Navigation/install/positionlogger/share/positionlogger/package.ps1'
[1.310s] INFO:colcon.colcon_core.shell:Creating package descriptor '/home/ubuntu/Documents/ENGR489_Navigation/install/positionlogger/share/positionlogger/package.dsv'
[1.310s] INFO:colcon.colcon_core.shell:Creating package script '/home/ubuntu/Documents/ENGR489_Navigation/install/positionlogger/share/positionlogger/package.sh'
[1.311s] INFO:colcon.colcon_core.shell:Creating package script '/home/ubuntu/Documents/ENGR489_Navigation/install/positionlogger/share/positionlogger/package.bash'
[1.311s] INFO:colcon.colcon_core.shell:Creating package script '/home/ubuntu/Documents/ENGR489_Navigation/install/positionlogger/share/positionlogger/package.zsh'
[1.312s] Level 1:colcon.colcon_core.environment:create_file_with_runtime_dependencies(/home/ubuntu/Documents/ENGR489_Navigation/install/positionlogger/share/colcon-core/packages/positionlogger)
[4.150s] DEBUG:colcon.colcon_core.event_handler.log_command:Invoked command in '/home/ubuntu/Documents/ENGR489_Navigation/build/nav2_ultrasonic_costmap_plugin' returned '0': CMAKE_PREFIX_PATH=${CMAKE_PREFIX_PATH}:/home/ubuntu/Documents/ENGR489_Navigation/install/positionlogger:/opt/ros/humble /usr/bin/cmake /home/ubuntu/Documents/ENGR489_Navigation/src/nav2_ultrasonic_costmap_plugin -DCMAKE_INSTALL_PREFIX=/home/ubuntu/Documents/ENGR489_Navigation/install/nav2_ultrasonic_costmap_plugin
[4.150s] DEBUG:colcon.colcon_core.event_handler.log_command:Invoking command in '/home/ubuntu/Documents/ENGR489_Navigation/build/nav2_ultrasonic_costmap_plugin': CMAKE_PREFIX_PATH=${CMAKE_PREFIX_PATH}:/home/ubuntu/Documents/ENGR489_Navigation/install/positionlogger:/opt/ros/humble /usr/bin/cmake --build /home/ubuntu/Documents/ENGR489_Navigation/build/nav2_ultrasonic_costmap_plugin -- -j4 -l4
[13.240s] DEBUG:colcon.colcon_core.event_handler.log_command:Invoked command in '/home/ubuntu/Documents/ENGR489_Navigation/build/nav2_ultrasonic_costmap_plugin' returned '0': CMAKE_PREFIX_PATH=${CMAKE_PREFIX_PATH}:/home/ubuntu/Documents/ENGR489_Navigation/install/positionlogger:/opt/ros/humble /usr/bin/cmake --build /home/ubuntu/Documents/ENGR489_Navigation/build/nav2_ultrasonic_costmap_plugin -- -j4 -l4
[13.291s] DEBUG:colcon.colcon_core.event_handler.log_command:Invoking command in '/home/ubuntu/Documents/ENGR489_Navigation/build/nav2_ultrasonic_costmap_plugin': CMAKE_PREFIX_PATH=${CMAKE_PREFIX_PATH}:/home/ubuntu/Documents/ENGR489_Navigation/install/positionlogger:/opt/ros/humble /usr/bin/cmake --install /home/ubuntu/Documents/ENGR489_Navigation/build/nav2_ultrasonic_costmap_plugin
[13.317s] Level 1:colcon.colcon_core.environment:create_environment_scripts_only(nav2_ultrasonic_costmap_plugin)
[13.319s] Level 1:colcon.colcon_core.environment:checking '/home/ubuntu/Documents/ENGR489_Navigation/install/nav2_ultrasonic_costmap_plugin' for CMake module files
[13.320s] DEBUG:colcon.colcon_core.event_handler.log_command:Invoked command in '/home/ubuntu/Documents/ENGR489_Navigation/build/nav2_ultrasonic_costmap_plugin' returned '0': CMAKE_PREFIX_PATH=${CMAKE_PREFIX_PATH}:/home/ubuntu/Documents/ENGR489_Navigation/install/positionlogger:/opt/ros/humble /usr/bin/cmake --install /home/ubuntu/Documents/ENGR489_Navigation/build/nav2_ultrasonic_costmap_plugin
[13.320s] Level 1:colcon.colcon_core.environment:checking '/home/ubuntu/Documents/ENGR489_Navigation/install/nav2_ultrasonic_costmap_plugin' for CMake config files
[13.320s] Level 1:colcon.colcon_core.shell:create_environment_hook('nav2_ultrasonic_costmap_plugin', 'cmake_prefix_path')
[13.323s] INFO:colcon.colcon_core.shell:Creating environment hook '/home/ubuntu/Documents/ENGR489_Navigation/install/nav2_ultrasonic_costmap_plugin/share/nav2_ultrasonic_costmap_plugin/hook/cmake_prefix_path.ps1'
[13.323s] INFO:colcon.colcon_core.shell:Creating environment descriptor '/home/ubuntu/Documents/ENGR489_Navigation/install/nav2_ultrasonic_costmap_plugin/share/nav2_ultrasonic_costmap_plugin/hook/cmake_prefix_path.dsv'
[13.323s] INFO:colcon.colcon_core.shell:Creating environment hook '/home/ubuntu/Documents/ENGR489_Navigation/install/nav2_ultrasonic_costmap_plugin/share/nav2_ultrasonic_costmap_plugin/hook/cmake_prefix_path.sh'
[13.324s] Level 1:colcon.colcon_core.environment:checking '/home/ubuntu/Documents/ENGR489_Navigation/install/nav2_ultrasonic_costmap_plugin/lib'
[13.324s] Level 1:colcon.colcon_core.shell:create_environment_hook('nav2_ultrasonic_costmap_plugin', 'ld_library_path_lib')
[13.325s] INFO:colcon.colcon_core.shell:Creating environment hook '/home/ubuntu/Documents/ENGR489_Navigation/install/nav2_ultrasonic_costmap_plugin/share/nav2_ultrasonic_costmap_plugin/hook/ld_library_path_lib.ps1'
[13.325s] INFO:colcon.colcon_core.shell:Creating environment descriptor '/home/ubuntu/Documents/ENGR489_Navigation/install/nav2_ultrasonic_costmap_plugin/share/nav2_ultrasonic_costmap_plugin/hook/ld_library_path_lib.dsv'
[13.326s] INFO:colcon.colcon_core.shell:Creating environment hook '/home/ubuntu/Documents/ENGR489_Navigation/install/nav2_ultrasonic_costmap_plugin/share/nav2_ultrasonic_costmap_plugin/hook/ld_library_path_lib.sh'
[13.326s] Level 1:colcon.colcon_core.environment:checking '/home/ubuntu/Documents/ENGR489_Navigation/install/nav2_ultrasonic_costmap_plugin/bin'
[13.326s] Level 1:colcon.colcon_core.environment:checking '/home/ubuntu/Documents/ENGR489_Navigation/install/nav2_ultrasonic_costmap_plugin/lib/pkgconfig/nav2_ultrasonic_costmap_plugin.pc'
[13.326s] Level 1:colcon.colcon_core.environment:checking '/home/ubuntu/Documents/ENGR489_Navigation/install/nav2_ultrasonic_costmap_plugin/lib/python3.10/site-packages'
[13.326s] Level 1:colcon.colcon_core.environment:checking '/home/ubuntu/Documents/ENGR489_Navigation/install/nav2_ultrasonic_costmap_plugin/bin'
[13.327s] INFO:colcon.colcon_core.shell:Creating package script '/home/ubuntu/Documents/ENGR489_Navigation/install/nav2_ultrasonic_costmap_plugin/share/nav2_ultrasonic_costmap_plugin/package.ps1'
[13.327s] INFO:colcon.colcon_core.shell:Creating package descriptor '/home/ubuntu/Documents/ENGR489_Navigation/install/nav2_ultrasonic_costmap_plugin/share/nav2_ultrasonic_costmap_plugin/package.dsv'
[13.328s] INFO:colcon.colcon_core.shell:Creating package script '/home/ubuntu/Documents/ENGR489_Navigation/install/nav2_ultrasonic_costmap_plugin/share/nav2_ultrasonic_costmap_plugin/package.sh'
[13.328s] INFO:colcon.colcon_core.shell:Creating package script '/home/ubuntu/Documents/ENGR489_Navigation/install/nav2_ultrasonic_costmap_plugin/share/nav2_ultrasonic_costmap_plugin/package.bash'
[13.329s] INFO:colcon.colcon_core.shell:Creating package script '/home/ubuntu/Documents/ENGR489_Navigation/install/nav2_ultrasonic_costmap_plugin/share/nav2_ultrasonic_costmap_plugin/package.zsh'
[13.329s] Level 1:colcon.colcon_core.environment:create_file_with_runtime_dependencies(/home/ubuntu/Documents/ENGR489_Navigation/install/nav2_ultrasonic_costmap_plugin/share/colcon-core/packages/nav2_ultrasonic_costmap_plugin)
[13.354s] Level 1:colcon.colcon_core.environment:create_environment_scripts_only(nav2_ultrasonic_costmap_plugin)
[13.355s] Level 1:colcon.colcon_core.environment:checking '/home/ubuntu/Documents/ENGR489_Navigation/install/nav2_ultrasonic_costmap_plugin' for CMake module files
[13.356s] Level 1:colcon.colcon_core.environment:checking '/home/ubuntu/Documents/ENGR489_Navigation/install/nav2_ultrasonic_costmap_plugin' for CMake config files
[13.356s] Level 1:colcon.colcon_core.shell:create_environment_hook('nav2_ultrasonic_costmap_plugin', 'cmake_prefix_path')
[13.357s] INFO:colcon.colcon_core.shell:Creating environment hook '/home/ubuntu/Documents/ENGR489_Navigation/install/nav2_ultrasonic_costmap_plugin/share/nav2_ultrasonic_costmap_plugin/hook/cmake_prefix_path.ps1'
[13.357s] INFO:colcon.colcon_core.shell:Creating environment descriptor '/home/ubuntu/Documents/ENGR489_Navigation/install/nav2_ultrasonic_costmap_plugin/share/nav2_ultrasonic_costmap_plugin/hook/cmake_prefix_path.dsv'
[13.358s] INFO:colcon.colcon_core.shell:Creating environment hook '/home/ubuntu/Documents/ENGR489_Navigation/install/nav2_ultrasonic_costmap_plugin/share/nav2_ultrasonic_costmap_plugin/hook/cmake_prefix_path.sh'
[13.358s] Level 1:colcon.colcon_core.environment:checking '/home/ubuntu/Documents/ENGR489_Navigation/install/nav2_ultrasonic_costmap_plugin/lib'
[13.359s] Level 1:colcon.colcon_core.shell:create_environment_hook('nav2_ultrasonic_costmap_plugin', 'ld_library_path_lib')
[13.359s] INFO:colcon.colcon_core.shell:Creating environment hook '/home/ubuntu/Documents/ENGR489_Navigation/install/nav2_ultrasonic_costmap_plugin/share/nav2_ultrasonic_costmap_plugin/hook/ld_library_path_lib.ps1'
[13.360s] INFO:colcon.colcon_core.shell:Creating environment descriptor '/home/ubuntu/Documents/ENGR489_Navigation/install/nav2_ultrasonic_costmap_plugin/share/nav2_ultrasonic_costmap_plugin/hook/ld_library_path_lib.dsv'
[13.360s] INFO:colcon.colcon_core.shell:Creating environment hook '/home/ubuntu/Documents/ENGR489_Navigation/install/nav2_ultrasonic_costmap_plugin/share/nav2_ultrasonic_costmap_plugin/hook/ld_library_path_lib.sh'
[13.360s] Level 1:colcon.colcon_core.environment:checking '/home/ubuntu/Documents/ENGR489_Navigation/install/nav2_ultrasonic_costmap_plugin/bin'
[13.361s] Level 1:colcon.colcon_core.environment:checking '/home/ubuntu/Documents/ENGR489_Navigation/install/nav2_ultrasonic_costmap_plugin/lib/pkgconfig/nav2_ultrasonic_costmap_plugin.pc'
[13.361s] Level 1:colcon.colcon_core.environment:checking '/home/ubuntu/Documents/ENGR489_Navigation/install/nav2_ultrasonic_costmap_plugin/lib/python3.10/site-packages'
[13.361s] Level 1:colcon.colcon_core.environment:checking '/home/ubuntu/Documents/ENGR489_Navigation/install/nav2_ultrasonic_costmap_plugin/bin'
[13.365s] INFO:colcon.colcon_core.shell:Creating package script '/home/ubuntu/Documents/ENGR489_Navigation/install/nav2_ultrasonic_costmap_plugin/share/nav2_ultrasonic_costmap_plugin/package.ps1'
[13.365s] INFO:colcon.colcon_core.shell:Creating package descriptor '/home/ubuntu/Documents/ENGR489_Navigation/install/nav2_ultrasonic_costmap_plugin/share/nav2_ultrasonic_costmap_plugin/package.dsv'
[13.366s] INFO:colcon.colcon_core.shell:Creating package script '/home/ubuntu/Documents/ENGR489_Navigation/install/nav2_ultrasonic_costmap_plugin/share/nav2_ultrasonic_costmap_plugin/package.sh'
[13.366s] INFO:colcon.colcon_core.shell:Creating package script '/home/ubuntu/Documents/ENGR489_Navigation/install/nav2_ultrasonic_costmap_plugin/share/nav2_ultrasonic_costmap_plugin/package.bash'
[13.367s] INFO:colcon.colcon_core.shell:Creating package script '/home/ubuntu/Documents/ENGR489_Navigation/install/nav2_ultrasonic_costmap_plugin/share/nav2_ultrasonic_costmap_plugin/package.zsh'
[13.367s] Level 1:colcon.colcon_core.environment:create_file_with_runtime_dependencies(/home/ubuntu/Documents/ENGR489_Navigation/install/nav2_ultrasonic_costmap_plugin/share/colcon-core/packages/nav2_ultrasonic_costmap_plugin)
[13.368s] DEBUG:colcon.colcon_parallel_executor.executor.parallel:closing loop
[13.368s] DEBUG:colcon.colcon_parallel_executor.executor.parallel:loop closed
[13.368s] DEBUG:colcon.colcon_parallel_executor.executor.parallel:run_until_complete finished with '0'
[13.368s] DEBUG:colcon.colcon_core.event_reactor:joining thread
[13.374s] INFO:colcon.colcon_core.plugin_system:Skipping extension 'colcon_notification.desktop_notification.terminal_notifier': Not used on non-Darwin systems
[13.374s] INFO:colcon.colcon_core.plugin_system:Skipping extension 'colcon_notification.desktop_notification.win32': Not used on non-Windows systems
[13.374s] INFO:colcon.colcon_notification.desktop_notification:Sending desktop notification using 'notify2'
[13.397s] DEBUG:colcon.colcon_core.event_reactor:joined thread
[13.398s] INFO:colcon.colcon_core.shell:Creating prefix script '/home/ubuntu/Documents/ENGR489_Navigation/install/local_setup.ps1'
[13.399s] INFO:colcon.colcon_core.shell:Creating prefix util module '/home/ubuntu/Documents/ENGR489_Navigation/install/_local_setup_util_ps1.py'
[13.400s] INFO:colcon.colcon_core.shell:Creating prefix chain script '/home/ubuntu/Documents/ENGR489_Navigation/install/setup.ps1'
[13.401s] INFO:colcon.colcon_core.shell:Creating prefix script '/home/ubuntu/Documents/ENGR489_Navigation/install/local_setup.sh'
[13.402s] INFO:colcon.colcon_core.shell:Creating prefix util module '/home/ubuntu/Documents/ENGR489_Navigation/install/_local_setup_util_sh.py'
[13.402s] INFO:colcon.colcon_core.shell:Creating prefix chain script '/home/ubuntu/Documents/ENGR489_Navigation/install/setup.sh'
[13.403s] INFO:colcon.colcon_core.shell:Creating prefix script '/home/ubuntu/Documents/ENGR489_Navigation/install/local_setup.bash'
[13.403s] INFO:colcon.colcon_core.shell:Creating prefix chain script '/home/ubuntu/Documents/ENGR489_Navigation/install/setup.bash'
[13.405s] INFO:colcon.colcon_core.shell:Creating prefix script '/home/ubuntu/Documents/ENGR489_Navigation/install/local_setup.zsh'
[13.405s] INFO:colcon.colcon_core.shell:Creating prefix chain script '/home/ubuntu/Documents/ENGR489_Navigation/install/setup.zsh'
