[0.509s] Invoking command in '/home/ubuntu/Documents/ENGR489_Navigation/src/positionlogger': PYTHONPATH=/home/ubuntu/Documents/ENGR489_Navigation/build/positionlogger/prefix_override:/home/ubuntu/Documents/ENGR489_Navigation/install/positionlogger/lib/python3.10/site-packages:${PYTHONPATH} /usr/bin/python3 setup.py egg_info --egg-base ../../build/positionlogger build --build-base /home/ubuntu/Documents/ENGR489_Navigation/build/positionlogger/build install --record /home/ubuntu/Documents/ENGR489_Navigation/build/positionlogger/install.log --single-version-externally-managed
[0.695s] running egg_info
[0.696s] writing ../../build/positionlogger/positionlogger.egg-info/PKG-INFO
[0.697s] writing dependency_links to ../../build/positionlogger/positionlogger.egg-info/dependency_links.txt
[0.697s] writing entry points to ../../build/positionlogger/positionlogger.egg-info/entry_points.txt
[0.697s] writing requirements to ../../build/positionlogger/positionlogger.egg-info/requires.txt
[0.697s] writing top-level names to ../../build/positionlogger/positionlogger.egg-info/top_level.txt
[0.699s] reading manifest file '../../build/positionlogger/positionlogger.egg-info/SOURCES.txt'
[0.700s] writing manifest file '../../build/positionlogger/positionlogger.egg-info/SOURCES.txt'
[0.701s] running build
[0.701s] running build_py
[0.701s] copying positionlogger/relativePositionLogger.py -> /home/ubuntu/Documents/ENGR489_Navigation/build/positionlogger/build/lib/positionlogger
[0.702s] running install
[0.702s] /usr/lib/python3/dist-packages/setuptools/command/install.py:34: SetuptoolsDeprecationWarning: setup.py install is deprecated. Use build and pip and other standards-based tools.
[0.702s]   warnings.warn(
[0.702s] running install_lib
[0.703s] copying /home/ubuntu/Documents/ENGR489_Navigation/build/positionlogger/build/lib/positionlogger/relativePositionLogger.py -> /home/ubuntu/Documents/ENGR489_Navigation/install/positionlogger/lib/python3.10/site-packages/positionlogger
[0.704s] byte-compiling /home/ubuntu/Documents/ENGR489_Navigation/install/positionlogger/lib/python3.10/site-packages/positionlogger/relativePositionLogger.py to relativePositionLogger.cpython-310.pyc
[0.705s] running install_data
[0.705s] running install_egg_info
[0.707s] removing '/home/ubuntu/Documents/ENGR489_Navigation/install/positionlogger/lib/python3.10/site-packages/positionlogger-0.0.0-py3.10.egg-info' (and everything under it)
[0.707s] Copying ../../build/positionlogger/positionlogger.egg-info to /home/ubuntu/Documents/ENGR489_Navigation/install/positionlogger/lib/python3.10/site-packages/positionlogger-0.0.0-py3.10.egg-info
[0.707s] running install_scripts
[0.723s] Installing odomLogger script to /home/ubuntu/Documents/ENGR489_Navigation/install/positionlogger/lib/positionlogger
[0.724s] Installing relativePositionLogger script to /home/ubuntu/Documents/ENGR489_Navigation/install/positionlogger/lib/positionlogger
[0.724s] writing list of installed files to '/home/ubuntu/Documents/ENGR489_Navigation/build/positionlogger/install.log'
[0.745s] Invoked command in '/home/ubuntu/Documents/ENGR489_Navigation/src/positionlogger' returned '0': PYTHONPATH=/home/ubuntu/Documents/ENGR489_Navigation/build/positionlogger/prefix_override:/home/ubuntu/Documents/ENGR489_Navigation/install/positionlogger/lib/python3.10/site-packages:${PYTHONPATH} /usr/bin/python3 setup.py egg_info --egg-base ../../build/positionlogger build --build-base /home/ubuntu/Documents/ENGR489_Navigation/build/positionlogger/build install --record /home/ubuntu/Documents/ENGR489_Navigation/build/positionlogger/install.log --single-version-externally-managed
