[0.434s] Invoking command in '/home/hurnenryan/Documents/workspaces/ros2_ws/src/positionlogger': PYTHONPATH=/home/hurnenryan/Documents/workspaces/ros2_ws/src/build/positionlogger/prefix_override:/home/hurnenryan/Documents/workspaces/ros2_ws/src/install/positionlogger/lib/python3.10/site-packages:${PYTHONPATH} /usr/bin/python3 setup.py egg_info --egg-base ../build/positionlogger build --build-base /home/hurnenryan/Documents/workspaces/ros2_ws/src/build/positionlogger/build install --record /home/hurnenryan/Documents/workspaces/ros2_ws/src/build/positionlogger/install.log --single-version-externally-managed
[0.590s] running egg_info
[0.590s] writing ../build/positionlogger/positionlogger.egg-info/PKG-INFO
[0.591s] writing dependency_links to ../build/positionlogger/positionlogger.egg-info/dependency_links.txt
[0.591s] writing entry points to ../build/positionlogger/positionlogger.egg-info/entry_points.txt
[0.591s] writing requirements to ../build/positionlogger/positionlogger.egg-info/requires.txt
[0.592s] writing top-level names to ../build/positionlogger/positionlogger.egg-info/top_level.txt
[0.593s] reading manifest file '../build/positionlogger/positionlogger.egg-info/SOURCES.txt'
[0.594s] writing manifest file '../build/positionlogger/positionlogger.egg-info/SOURCES.txt'
[0.594s] running build
[0.594s] running build_py
[0.595s] running install
[0.595s] /usr/lib/python3/dist-packages/setuptools/command/install.py:34: SetuptoolsDeprecationWarning: setup.py install is deprecated. Use build and pip and other standards-based tools.
[0.595s]   warnings.warn(
[0.596s] running install_lib
[0.596s] running install_data
[0.597s] running install_egg_info
[0.598s] removing '/home/hurnenryan/Documents/workspaces/ros2_ws/src/install/positionlogger/lib/python3.10/site-packages/positionlogger-0.0.0-py3.10.egg-info' (and everything under it)
[0.599s] Copying ../build/positionlogger/positionlogger.egg-info to /home/hurnenryan/Documents/workspaces/ros2_ws/src/install/positionlogger/lib/python3.10/site-packages/positionlogger-0.0.0-py3.10.egg-info
[0.599s] running install_scripts
[0.613s] Installing odomLogger script to /home/hurnenryan/Documents/workspaces/ros2_ws/src/install/positionlogger/lib/positionlogger
[0.613s] Installing relativePositionLogger script to /home/hurnenryan/Documents/workspaces/ros2_ws/src/install/positionlogger/lib/positionlogger
[0.614s] writing list of installed files to '/home/hurnenryan/Documents/workspaces/ros2_ws/src/build/positionlogger/install.log'
[0.629s] Invoked command in '/home/hurnenryan/Documents/workspaces/ros2_ws/src/positionlogger' returned '0': PYTHONPATH=/home/hurnenryan/Documents/workspaces/ros2_ws/src/build/positionlogger/prefix_override:/home/hurnenryan/Documents/workspaces/ros2_ws/src/install/positionlogger/lib/python3.10/site-packages:${PYTHONPATH} /usr/bin/python3 setup.py egg_info --egg-base ../build/positionlogger build --build-base /home/hurnenryan/Documents/workspaces/ros2_ws/src/build/positionlogger/build install --record /home/hurnenryan/Documents/workspaces/ros2_ws/src/build/positionlogger/install.log --single-version-externally-managed
