[0.199s] DEBUG:colcon:Command line arguments: ['/usr/bin/colcon', 'build']
[0.199s] DEBUG:colcon:Parsed command line arguments: Namespace(log_base=None, log_level=None, verb_name='build', build_base='build', install_base='install', merge_install=False, symlink_install=False, test_result_base=None, continue_on_error=False, executor='parallel', parallel_workers=4, event_handlers=None, ignore_user_meta=False, metas=['./colcon.meta'], base_paths=['.'], packages_ignore=None, packages_ignore_regex=None, paths=None, packages_up_to=None, packages_up_to_regex=None, packages_above=None, packages_above_and_dependencies=None, packages_above_depth=None, packages_select_by_dep=None, packages_skip_by_dep=None, packages_skip_up_to=None, packages_select_build_failed=False, packages_skip_build_finished=False, packages_select_test_failures=False, packages_skip_test_passed=False, packages_select=None, packages_skip=None, packages_select_regex=None, packages_skip_regex=None, packages_start=None, packages_end=None, allow_overriding=[], cmake_args=None, cmake_target=None, cmake_target_skip_unavailable=False, cmake_clean_cache=False, cmake_clean_first=False, cmake_force_configure=False, ament_cmake_args=None, catkin_cmake_args=None, catkin_skip_building_tests=False, verb_parser=<colcon_defaults.argument_parser.defaults.DefaultArgumentsDecorator object at 0x7f9a75da2bc0>, verb_extension=<colcon_core.verb.build.BuildVerb object at 0x7f9a765c50f0>, main=<bound method BuildVerb.main of <colcon_core.verb.build.BuildVerb object at 0x7f9a765c50f0>>)
[0.219s] Level 1:colcon.colcon_core.package_discovery:discover_packages(colcon_meta) check parameters
[0.219s] Level 1:colcon.colcon_core.package_discovery:discover_packages(recursive) check parameters
[0.219s] Level 1:colcon.colcon_core.package_discovery:discover_packages(ignore) check parameters
[0.220s] Level 1:colcon.colcon_core.package_discovery:discover_packages(path) check parameters
[0.220s] Level 1:colcon.colcon_core.package_discovery:discover_packages(colcon_meta) discover
[0.220s] Level 1:colcon.colcon_core.package_discovery:discover_packages(recursive) discover
[0.220s] INFO:colcon.colcon_core.package_discovery:Crawling recursively for packages in '/home/ubuntu/Documents/ENGR489_Navigation/src'
[0.220s] Level 1:colcon.colcon_core.package_identification:_identify(.) by extensions ['ignore', 'ignore_ament_install']
[0.220s] Level 1:colcon.colcon_core.package_identification:_identify(.) by extension 'ignore'
[0.220s] Level 1:colcon.colcon_core.package_identification:_identify(.) by extension 'ignore_ament_install'
[0.220s] Level 1:colcon.colcon_core.package_identification:_identify(.) by extensions ['colcon_pkg']
[0.220s] Level 1:colcon.colcon_core.package_identification:_identify(.) by extension 'colcon_pkg'
[0.220s] Level 1:colcon.colcon_core.package_identification:_identify(.) by extensions ['colcon_meta']
[0.220s] Level 1:colcon.colcon_core.package_identification:_identify(.) by extension 'colcon_meta'
[0.220s] Level 1:colcon.colcon_core.package_identification:_identify(.) by extensions ['ros']
[0.220s] Level 1:colcon.colcon_core.package_identification:_identify(.) by extension 'ros'
[0.227s] Level 1:colcon.colcon_core.package_identification:_identify(.) by extensions ['cmake', 'python']
[0.227s] Level 1:colcon.colcon_core.package_identification:_identify(.) by extension 'cmake'
[0.227s] Level 1:colcon.colcon_core.package_identification:_identify(.) by extension 'python'
[0.227s] Level 1:colcon.colcon_core.package_identification:_identify(.) by extensions ['python_setup_py']
[0.227s] Level 1:colcon.colcon_core.package_identification:_identify(.) by extension 'python_setup_py'
[0.227s] Level 1:colcon.colcon_core.package_identification:_identify(build) by extensions ['ignore', 'ignore_ament_install']
[0.227s] Level 1:colcon.colcon_core.package_identification:_identify(build) by extension 'ignore'
[0.227s] Level 1:colcon.colcon_core.package_identification:_identify(build) ignored
[0.228s] Level 1:colcon.colcon_core.package_identification:_identify(install) by extensions ['ignore', 'ignore_ament_install']
[0.228s] Level 1:colcon.colcon_core.package_identification:_identify(install) by extension 'ignore'
[0.228s] Level 1:colcon.colcon_core.package_identification:_identify(install) ignored
[0.228s] Level 1:colcon.colcon_core.package_identification:_identify(log) by extensions ['ignore', 'ignore_ament_install']
[0.228s] Level 1:colcon.colcon_core.package_identification:_identify(log) by extension 'ignore'
[0.228s] Level 1:colcon.colcon_core.package_identification:_identify(log) ignored
[0.228s] Level 1:colcon.colcon_core.package_identification:_identify(nav2_ultrasonic_costmap_plugin) by extensions ['ignore', 'ignore_ament_install']
[0.228s] Level 1:colcon.colcon_core.package_identification:_identify(nav2_ultrasonic_costmap_plugin) by extension 'ignore'
[0.228s] Level 1:colcon.colcon_core.package_identification:_identify(nav2_ultrasonic_costmap_plugin) by extension 'ignore_ament_install'
[0.228s] Level 1:colcon.colcon_core.package_identification:_identify(nav2_ultrasonic_costmap_plugin) by extensions ['colcon_pkg']
[0.228s] Level 1:colcon.colcon_core.package_identification:_identify(nav2_ultrasonic_costmap_plugin) by extension 'colcon_pkg'
[0.228s] Level 1:colcon.colcon_core.package_identification:_identify(nav2_ultrasonic_costmap_plugin) by extensions ['colcon_meta']
[0.228s] Level 1:colcon.colcon_core.package_identification:_identify(nav2_ultrasonic_costmap_plugin) by extension 'colcon_meta'
[0.228s] Level 1:colcon.colcon_core.package_identification:_identify(nav2_ultrasonic_costmap_plugin) by extensions ['ros']
[0.228s] Level 1:colcon.colcon_core.package_identification:_identify(nav2_ultrasonic_costmap_plugin) by extension 'ros'
[0.230s] DEBUG:colcon.colcon_core.package_identification:Package 'nav2_ultrasonic_costmap_plugin' with type 'ros.ament_cmake' and name 'nav2_ultrasonic_costmap_plugin'
[0.230s] Level 1:colcon.colcon_core.package_identification:_identify(positionlogger) by extensions ['ignore', 'ignore_ament_install']
[0.230s] Level 1:colcon.colcon_core.package_identification:_identify(positionlogger) by extension 'ignore'
[0.230s] Level 1:colcon.colcon_core.package_identification:_identify(positionlogger) by extension 'ignore_ament_install'
[0.230s] Level 1:colcon.colcon_core.package_identification:_identify(positionlogger) by extensions ['colcon_pkg']
[0.230s] Level 1:colcon.colcon_core.package_identification:_identify(positionlogger) by extension 'colcon_pkg'
[0.230s] Level 1:colcon.colcon_core.package_identification:_identify(positionlogger) by extensions ['colcon_meta']
[0.230s] Level 1:colcon.colcon_core.package_identification:_identify(positionlogger) by extension 'colcon_meta'
[0.230s] Level 1:colcon.colcon_core.package_identification:_identify(positionlogger) by extensions ['ros']
[0.230s] Level 1:colcon.colcon_core.package_identification:_identify(positionlogger) by extension 'ros'
[0.231s] DEBUG:colcon.colcon_core.package_identification:Package 'positionlogger' with type 'ros.ament_python' and name 'positionlogger'
[0.231s] Level 1:colcon.colcon_core.package_discovery:discover_packages(recursive) using defaults
[0.231s] Level 1:colcon.colcon_core.package_discovery:discover_packages(ignore) discover
[0.231s] Level 1:colcon.colcon_core.package_discovery:discover_packages(ignore) using defaults
[0.231s] Level 1:colcon.colcon_core.package_discovery:discover_packages(path) discover
[0.231s] Level 1:colcon.colcon_core.package_discovery:discover_packages(path) using defaults
[0.245s] Level 1:colcon.colcon_core.package_discovery:discover_packages(prefix_path) check parameters
[0.246s] Level 1:colcon.colcon_core.package_discovery:discover_packages(prefix_path) discover
[0.247s] DEBUG:colcon.colcon_installed_package_information.package_discovery:Found 2 installed packages in /home/ubuntu/Documents/ENGR489_Navigation/install
[0.248s] DEBUG:colcon.colcon_installed_package_information.package_discovery:Found 2 installed packages in /home/ubuntu/Documents/ENGR489_Navigation/src/install
[0.248s] DEBUG:colcon.colcon_installed_package_information.package_discovery:Found 5 installed packages in /home/ubuntu/install
[0.250s] DEBUG:colcon.colcon_installed_package_information.package_discovery:Found 315 installed packages in /opt/ros/humble
[0.251s] Level 1:colcon.colcon_core.package_discovery:discover_packages(prefix_path) using defaults
[0.290s] Level 5:colcon.colcon_core.verb:set package 'nav2_ultrasonic_costmap_plugin' build argument 'cmake_args' from command line to 'None'
[0.290s] Level 5:colcon.colcon_core.verb:set package 'nav2_ultrasonic_costmap_plugin' build argument 'cmake_target' from command line to 'None'
[0.290s] Level 5:colcon.colcon_core.verb:set package 'nav2_ultrasonic_costmap_plugin' build argument 'cmake_target_skip_unavailable' from command line to 'False'
[0.290s] Level 5:colcon.colcon_core.verb:set package 'nav2_ultrasonic_costmap_plugin' build argument 'cmake_clean_cache' from command line to 'False'
[0.290s] Level 5:colcon.colcon_core.verb:set package 'nav2_ultrasonic_costmap_plugin' build argument 'cmake_clean_first' from command line to 'False'
[0.290s] Level 5:colcon.colcon_core.verb:set package 'nav2_ultrasonic_costmap_plugin' build argument 'cmake_force_configure' from command line to 'False'
[0.290s] Level 5:colcon.colcon_core.verb:set package 'nav2_ultrasonic_costmap_plugin' build argument 'ament_cmake_args' from command line to 'None'
[0.290s] Level 5:colcon.colcon_core.verb:set package 'nav2_ultrasonic_costmap_plugin' build argument 'catkin_cmake_args' from command line to 'None'
[0.290s] Level 5:colcon.colcon_core.verb:set package 'nav2_ultrasonic_costmap_plugin' build argument 'catkin_skip_building_tests' from command line to 'False'
[0.291s] DEBUG:colcon.colcon_core.verb:Building package 'nav2_ultrasonic_costmap_plugin' with the following arguments: {'ament_cmake_args': None, 'build_base': '/home/ubuntu/Documents/ENGR489_Navigation/src/build/nav2_ultrasonic_costmap_plugin', 'catkin_cmake_args': None, 'catkin_skip_building_tests': False, 'cmake_args': None, 'cmake_clean_cache': False, 'cmake_clean_first': False, 'cmake_force_configure': False, 'cmake_target': None, 'cmake_target_skip_unavailable': False, 'install_base': '/home/ubuntu/Documents/ENGR489_Navigation/src/install/nav2_ultrasonic_costmap_plugin', 'merge_install': False, 'path': '/home/ubuntu/Documents/ENGR489_Navigation/src/nav2_ultrasonic_costmap_plugin', 'symlink_install': False, 'test_result_base': None}
[0.291s] Level 5:colcon.colcon_core.verb:set package 'positionlogger' build argument 'cmake_args' from command line to 'None'
[0.291s] Level 5:colcon.colcon_core.verb:set package 'positionlogger' build argument 'cmake_target' from command line to 'None'
[0.291s] Level 5:colcon.colcon_core.verb:set package 'positionlogger' build argument 'cmake_target_skip_unavailable' from command line to 'False'
[0.291s] Level 5:colcon.colcon_core.verb:set package 'positionlogger' build argument 'cmake_clean_cache' from command line to 'False'
[0.291s] Level 5:colcon.colcon_core.verb:set package 'positionlogger' build argument 'cmake_clean_first' from command line to 'False'
[0.291s] Level 5:colcon.colcon_core.verb:set package 'positionlogger' build argument 'cmake_force_configure' from command line to 'False'
[0.291s] Level 5:colcon.colcon_core.verb:set package 'positionlogger' build argument 'ament_cmake_args' from command line to 'None'
[0.291s] Level 5:colcon.colcon_core.verb:set package 'positionlogger' build argument 'catkin_cmake_args' from command line to 'None'
[0.291s] Level 5:colcon.colcon_core.verb:set package 'positionlogger' build argument 'catkin_skip_building_tests' from command line to 'False'
[0.291s] DEBUG:colcon.colcon_core.verb:Building package 'positionlogger' with the following arguments: {'ament_cmake_args': None, 'build_base': '/home/ubuntu/Documents/ENGR489_Navigation/src/build/positionlogger', 'catkin_cmake_args': None, 'catkin_skip_building_tests': False, 'cmake_args': None, 'cmake_clean_cache': False, 'cmake_clean_first': False, 'cmake_force_configure': False, 'cmake_target': None, 'cmake_target_skip_unavailable': False, 'install_base': '/home/ubuntu/Documents/ENGR489_Navigation/src/install/positionlogger', 'merge_install': False, 'path': '/home/ubuntu/Documents/ENGR489_Navigation/src/positionlogger', 'symlink_install': False, 'test_result_base': None}
[0.292s] INFO:colcon.colcon_core.executor:Executing jobs using 'parallel' executor
[0.294s] DEBUG:colcon.colcon_parallel_executor.executor.parallel:run_until_complete
[0.294s] INFO:colcon.colcon_ros.task.ament_cmake.build:Building ROS package in '/home/ubuntu/Documents/ENGR489_Navigation/src/nav2_ultrasonic_costmap_plugin' with build type 'ament_cmake'
[0.294s] INFO:colcon.colcon_cmake.task.cmake.build:Building CMake package in '/home/ubuntu/Documents/ENGR489_Navigation/src/nav2_ultrasonic_costmap_plugin'
[0.298s] INFO:colcon.colcon_core.plugin_system:Skipping extension 'colcon_core.shell.bat': Not used on non-Windows systems
[0.298s] INFO:colcon.colcon_core.shell:Skip shell extension 'powershell' for command environment: Not usable outside of PowerShell
[0.298s] DEBUG:colcon.colcon_core.shell:Skip shell extension 'dsv' for command environment
[0.302s] INFO:colcon.colcon_ros.task.ament_python.build:Building ROS package in '/home/ubuntu/Documents/ENGR489_Navigation/src/positionlogger' with build type 'ament_python'
[0.302s] Level 1:colcon.colcon_core.shell:create_environment_hook('positionlogger', 'ament_prefix_path')
[0.303s] INFO:colcon.colcon_core.shell:Creating environment hook '/home/ubuntu/Documents/ENGR489_Navigation/src/install/positionlogger/share/positionlogger/hook/ament_prefix_path.ps1'
[0.304s] INFO:colcon.colcon_core.shell:Creating environment descriptor '/home/ubuntu/Documents/ENGR489_Navigation/src/install/positionlogger/share/positionlogger/hook/ament_prefix_path.dsv'
[0.304s] INFO:colcon.colcon_core.shell:Creating environment hook '/home/ubuntu/Documents/ENGR489_Navigation/src/install/positionlogger/share/positionlogger/hook/ament_prefix_path.sh'
[0.306s] INFO:colcon.colcon_core.shell:Skip shell extension 'powershell' for command environment: Not usable outside of PowerShell
[0.306s] DEBUG:colcon.colcon_core.shell:Skip shell extension 'dsv' for command environment
[0.315s] DEBUG:colcon.colcon_core.event_handler.log_command:Invoking command in '/home/ubuntu/Documents/ENGR489_Navigation/src/build/nav2_ultrasonic_costmap_plugin': CMAKE_PREFIX_PATH=${CMAKE_PREFIX_PATH}:/home/ubuntu/Documents/ENGR489_Navigation/src/install/positionlogger:/home/ubuntu/Documents/ENGR489_Navigation/install/positionlogger:/home/ubuntu/install/positionlogger:/home/ubuntu/install/low_level_ros_interface:/home/ubuntu/install/high_level_ros_interface:/opt/ros/humble /usr/bin/cmake --build /home/ubuntu/Documents/ENGR489_Navigation/src/build/nav2_ultrasonic_costmap_plugin -- -j4 -l4
[0.496s] INFO:colcon.colcon_core.task.python.build:Building Python package in '/home/ubuntu/Documents/ENGR489_Navigation/src/positionlogger'
[0.497s] INFO:colcon.colcon_core.shell:Skip shell extension 'powershell' for command environment: Not usable outside of PowerShell
[0.497s] DEBUG:colcon.colcon_core.shell:Skip shell extension 'dsv' for command environment
[0.751s] DEBUG:colcon.colcon_core.event_handler.log_command:Invoking command in '/home/ubuntu/Documents/ENGR489_Navigation/src/positionlogger': PYTHONPATH=/home/ubuntu/Documents/ENGR489_Navigation/src/build/positionlogger/prefix_override:/home/ubuntu/Documents/ENGR489_Navigation/src/install/positionlogger/lib/python3.10/site-packages:${PYTHONPATH} /usr/bin/python3 setup.py egg_info --egg-base ../build/positionlogger build --build-base /home/ubuntu/Documents/ENGR489_Navigation/src/build/positionlogger/build install --record /home/ubuntu/Documents/ENGR489_Navigation/src/build/positionlogger/install.log --single-version-externally-managed
[0.994s] DEBUG:colcon.colcon_core.event_handler.log_command:Invoked command in '/home/ubuntu/Documents/ENGR489_Navigation/src/positionlogger' returned '0': PYTHONPATH=/home/ubuntu/Documents/ENGR489_Navigation/src/build/positionlogger/prefix_override:/home/ubuntu/Documents/ENGR489_Navigation/src/install/positionlogger/lib/python3.10/site-packages:${PYTHONPATH} /usr/bin/python3 setup.py egg_info --egg-base ../build/positionlogger build --build-base /home/ubuntu/Documents/ENGR489_Navigation/src/build/positionlogger/build install --record /home/ubuntu/Documents/ENGR489_Navigation/src/build/positionlogger/install.log --single-version-externally-managed
[0.997s] Level 1:colcon.colcon_core.environment:checking '/home/ubuntu/Documents/ENGR489_Navigation/src/install/positionlogger' for CMake module files
[0.997s] Level 1:colcon.colcon_core.environment:checking '/home/ubuntu/Documents/ENGR489_Navigation/src/install/positionlogger' for CMake config files
[0.998s] Level 1:colcon.colcon_core.environment:checking '/home/ubuntu/Documents/ENGR489_Navigation/src/install/positionlogger/lib'
[0.998s] Level 1:colcon.colcon_core.environment:checking '/home/ubuntu/Documents/ENGR489_Navigation/src/install/positionlogger/bin'
[0.998s] Level 1:colcon.colcon_core.environment:checking '/home/ubuntu/Documents/ENGR489_Navigation/src/install/positionlogger/lib/pkgconfig/positionlogger.pc'
[0.998s] Level 1:colcon.colcon_core.environment:checking '/home/ubuntu/Documents/ENGR489_Navigation/src/install/positionlogger/lib/python3.10/site-packages'
[0.998s] Level 1:colcon.colcon_core.shell:create_environment_hook('positionlogger', 'pythonpath')
[0.999s] INFO:colcon.colcon_core.shell:Creating environment hook '/home/ubuntu/Documents/ENGR489_Navigation/src/install/positionlogger/share/positionlogger/hook/pythonpath.ps1'
[0.999s] INFO:colcon.colcon_core.shell:Creating environment descriptor '/home/ubuntu/Documents/ENGR489_Navigation/src/install/positionlogger/share/positionlogger/hook/pythonpath.dsv'
[1.000s] INFO:colcon.colcon_core.shell:Creating environment hook '/home/ubuntu/Documents/ENGR489_Navigation/src/install/positionlogger/share/positionlogger/hook/pythonpath.sh'
[1.000s] Level 1:colcon.colcon_core.environment:checking '/home/ubuntu/Documents/ENGR489_Navigation/src/install/positionlogger/bin'
[1.000s] Level 1:colcon.colcon_core.environment:create_environment_scripts_only(positionlogger)
[1.001s] INFO:colcon.colcon_core.shell:Creating package script '/home/ubuntu/Documents/ENGR489_Navigation/src/install/positionlogger/share/positionlogger/package.ps1'
[1.002s] INFO:colcon.colcon_core.shell:Creating package descriptor '/home/ubuntu/Documents/ENGR489_Navigation/src/install/positionlogger/share/positionlogger/package.dsv'
[1.002s] INFO:colcon.colcon_core.shell:Creating package script '/home/ubuntu/Documents/ENGR489_Navigation/src/install/positionlogger/share/positionlogger/package.sh'
[1.003s] INFO:colcon.colcon_core.shell:Creating package script '/home/ubuntu/Documents/ENGR489_Navigation/src/install/positionlogger/share/positionlogger/package.bash'
[1.004s] INFO:colcon.colcon_core.shell:Creating package script '/home/ubuntu/Documents/ENGR489_Navigation/src/install/positionlogger/share/positionlogger/package.zsh'
[1.004s] Level 1:colcon.colcon_core.environment:create_file_with_runtime_dependencies(/home/ubuntu/Documents/ENGR489_Navigation/src/install/positionlogger/share/colcon-core/packages/positionlogger)
[7.361s] DEBUG:colcon.colcon_core.event_handler.log_command:Invoked command in '/home/ubuntu/Documents/ENGR489_Navigation/src/build/nav2_ultrasonic_costmap_plugin' returned '0': CMAKE_PREFIX_PATH=${CMAKE_PREFIX_PATH}:/home/ubuntu/Documents/ENGR489_Navigation/src/install/positionlogger:/home/ubuntu/Documents/ENGR489_Navigation/install/positionlogger:/home/ubuntu/install/positionlogger:/home/ubuntu/install/low_level_ros_interface:/home/ubuntu/install/high_level_ros_interface:/opt/ros/humble /usr/bin/cmake --build /home/ubuntu/Documents/ENGR489_Navigation/src/build/nav2_ultrasonic_costmap_plugin -- -j4 -l4
[7.393s] DEBUG:colcon.colcon_core.event_handler.log_command:Invoking command in '/home/ubuntu/Documents/ENGR489_Navigation/src/build/nav2_ultrasonic_costmap_plugin': CMAKE_PREFIX_PATH=${CMAKE_PREFIX_PATH}:/home/ubuntu/Documents/ENGR489_Navigation/src/install/positionlogger:/home/ubuntu/Documents/ENGR489_Navigation/install/positionlogger:/home/ubuntu/install/positionlogger:/home/ubuntu/install/low_level_ros_interface:/home/ubuntu/install/high_level_ros_interface:/opt/ros/humble /usr/bin/cmake --install /home/ubuntu/Documents/ENGR489_Navigation/src/build/nav2_ultrasonic_costmap_plugin
[7.409s] Level 1:colcon.colcon_core.environment:create_environment_scripts_only(nav2_ultrasonic_costmap_plugin)
[7.411s] Level 1:colcon.colcon_core.environment:checking '/home/ubuntu/Documents/ENGR489_Navigation/src/install/nav2_ultrasonic_costmap_plugin' for CMake module files
[7.411s] DEBUG:colcon.colcon_core.event_handler.log_command:Invoked command in '/home/ubuntu/Documents/ENGR489_Navigation/src/build/nav2_ultrasonic_costmap_plugin' returned '0': CMAKE_PREFIX_PATH=${CMAKE_PREFIX_PATH}:/home/ubuntu/Documents/ENGR489_Navigation/src/install/positionlogger:/home/ubuntu/Documents/ENGR489_Navigation/install/positionlogger:/home/ubuntu/install/positionlogger:/home/ubuntu/install/low_level_ros_interface:/home/ubuntu/install/high_level_ros_interface:/opt/ros/humble /usr/bin/cmake --install /home/ubuntu/Documents/ENGR489_Navigation/src/build/nav2_ultrasonic_costmap_plugin
[7.412s] Level 1:colcon.colcon_core.environment:checking '/home/ubuntu/Documents/ENGR489_Navigation/src/install/nav2_ultrasonic_costmap_plugin' for CMake config files
[7.412s] Level 1:colcon.colcon_core.shell:create_environment_hook('nav2_ultrasonic_costmap_plugin', 'cmake_prefix_path')
[7.416s] INFO:colcon.colcon_core.shell:Creating environment hook '/home/ubuntu/Documents/ENGR489_Navigation/src/install/nav2_ultrasonic_costmap_plugin/share/nav2_ultrasonic_costmap_plugin/hook/cmake_prefix_path.ps1'
[7.416s] INFO:colcon.colcon_core.shell:Creating environment descriptor '/home/ubuntu/Documents/ENGR489_Navigation/src/install/nav2_ultrasonic_costmap_plugin/share/nav2_ultrasonic_costmap_plugin/hook/cmake_prefix_path.dsv'
[7.417s] INFO:colcon.colcon_core.shell:Creating environment hook '/home/ubuntu/Documents/ENGR489_Navigation/src/install/nav2_ultrasonic_costmap_plugin/share/nav2_ultrasonic_costmap_plugin/hook/cmake_prefix_path.sh'
[7.418s] Level 1:colcon.colcon_core.environment:checking '/home/ubuntu/Documents/ENGR489_Navigation/src/install/nav2_ultrasonic_costmap_plugin/lib'
[7.418s] Level 1:colcon.colcon_core.shell:create_environment_hook('nav2_ultrasonic_costmap_plugin', 'ld_library_path_lib')
[7.419s] INFO:colcon.colcon_core.shell:Creating environment hook '/home/ubuntu/Documents/ENGR489_Navigation/src/install/nav2_ultrasonic_costmap_plugin/share/nav2_ultrasonic_costmap_plugin/hook/ld_library_path_lib.ps1'
[7.420s] INFO:colcon.colcon_core.shell:Creating environment descriptor '/home/ubuntu/Documents/ENGR489_Navigation/src/install/nav2_ultrasonic_costmap_plugin/share/nav2_ultrasonic_costmap_plugin/hook/ld_library_path_lib.dsv'
[7.420s] INFO:colcon.colcon_core.shell:Creating environment hook '/home/ubuntu/Documents/ENGR489_Navigation/src/install/nav2_ultrasonic_costmap_plugin/share/nav2_ultrasonic_costmap_plugin/hook/ld_library_path_lib.sh'
[7.420s] Level 1:colcon.colcon_core.environment:checking '/home/ubuntu/Documents/ENGR489_Navigation/src/install/nav2_ultrasonic_costmap_plugin/bin'
[7.420s] Level 1:colcon.colcon_core.environment:checking '/home/ubuntu/Documents/ENGR489_Navigation/src/install/nav2_ultrasonic_costmap_plugin/lib/pkgconfig/nav2_ultrasonic_costmap_plugin.pc'
[7.421s] Level 1:colcon.colcon_core.environment:checking '/home/ubuntu/Documents/ENGR489_Navigation/src/install/nav2_ultrasonic_costmap_plugin/lib/python3.10/site-packages'
[7.421s] Level 1:colcon.colcon_core.environment:checking '/home/ubuntu/Documents/ENGR489_Navigation/src/install/nav2_ultrasonic_costmap_plugin/bin'
[7.422s] INFO:colcon.colcon_core.shell:Creating package script '/home/ubuntu/Documents/ENGR489_Navigation/src/install/nav2_ultrasonic_costmap_plugin/share/nav2_ultrasonic_costmap_plugin/package.ps1'
[7.422s] INFO:colcon.colcon_core.shell:Creating package descriptor '/home/ubuntu/Documents/ENGR489_Navigation/src/install/nav2_ultrasonic_costmap_plugin/share/nav2_ultrasonic_costmap_plugin/package.dsv'
[7.423s] INFO:colcon.colcon_core.shell:Creating package script '/home/ubuntu/Documents/ENGR489_Navigation/src/install/nav2_ultrasonic_costmap_plugin/share/nav2_ultrasonic_costmap_plugin/package.sh'
[7.423s] INFO:colcon.colcon_core.shell:Creating package script '/home/ubuntu/Documents/ENGR489_Navigation/src/install/nav2_ultrasonic_costmap_plugin/share/nav2_ultrasonic_costmap_plugin/package.bash'
[7.423s] INFO:colcon.colcon_core.shell:Creating package script '/home/ubuntu/Documents/ENGR489_Navigation/src/install/nav2_ultrasonic_costmap_plugin/share/nav2_ultrasonic_costmap_plugin/package.zsh'
[7.424s] Level 1:colcon.colcon_core.environment:create_file_with_runtime_dependencies(/home/ubuntu/Documents/ENGR489_Navigation/src/install/nav2_ultrasonic_costmap_plugin/share/colcon-core/packages/nav2_ultrasonic_costmap_plugin)
[7.447s] Level 1:colcon.colcon_core.environment:create_environment_scripts_only(nav2_ultrasonic_costmap_plugin)
[7.448s] Level 1:colcon.colcon_core.environment:checking '/home/ubuntu/Documents/ENGR489_Navigation/src/install/nav2_ultrasonic_costmap_plugin' for CMake module files
[7.448s] Level 1:colcon.colcon_core.environment:checking '/home/ubuntu/Documents/ENGR489_Navigation/src/install/nav2_ultrasonic_costmap_plugin' for CMake config files
[7.449s] Level 1:colcon.colcon_core.shell:create_environment_hook('nav2_ultrasonic_costmap_plugin', 'cmake_prefix_path')
[7.450s] INFO:colcon.colcon_core.shell:Creating environment hook '/home/ubuntu/Documents/ENGR489_Navigation/src/install/nav2_ultrasonic_costmap_plugin/share/nav2_ultrasonic_costmap_plugin/hook/cmake_prefix_path.ps1'
[7.450s] INFO:colcon.colcon_core.shell:Creating environment descriptor '/home/ubuntu/Documents/ENGR489_Navigation/src/install/nav2_ultrasonic_costmap_plugin/share/nav2_ultrasonic_costmap_plugin/hook/cmake_prefix_path.dsv'
[7.450s] INFO:colcon.colcon_core.shell:Creating environment hook '/home/ubuntu/Documents/ENGR489_Navigation/src/install/nav2_ultrasonic_costmap_plugin/share/nav2_ultrasonic_costmap_plugin/hook/cmake_prefix_path.sh'
[7.451s] Level 1:colcon.colcon_core.environment:checking '/home/ubuntu/Documents/ENGR489_Navigation/src/install/nav2_ultrasonic_costmap_plugin/lib'
[7.451s] Level 1:colcon.colcon_core.shell:create_environment_hook('nav2_ultrasonic_costmap_plugin', 'ld_library_path_lib')
[7.452s] INFO:colcon.colcon_core.shell:Creating environment hook '/home/ubuntu/Documents/ENGR489_Navigation/src/install/nav2_ultrasonic_costmap_plugin/share/nav2_ultrasonic_costmap_plugin/hook/ld_library_path_lib.ps1'
[7.452s] INFO:colcon.colcon_core.shell:Creating environment descriptor '/home/ubuntu/Documents/ENGR489_Navigation/src/install/nav2_ultrasonic_costmap_plugin/share/nav2_ultrasonic_costmap_plugin/hook/ld_library_path_lib.dsv'
[7.452s] INFO:colcon.colcon_core.shell:Creating environment hook '/home/ubuntu/Documents/ENGR489_Navigation/src/install/nav2_ultrasonic_costmap_plugin/share/nav2_ultrasonic_costmap_plugin/hook/ld_library_path_lib.sh'
[7.453s] Level 1:colcon.colcon_core.environment:checking '/home/ubuntu/Documents/ENGR489_Navigation/src/install/nav2_ultrasonic_costmap_plugin/bin'
[7.453s] Level 1:colcon.colcon_core.environment:checking '/home/ubuntu/Documents/ENGR489_Navigation/src/install/nav2_ultrasonic_costmap_plugin/lib/pkgconfig/nav2_ultrasonic_costmap_plugin.pc'
[7.453s] Level 1:colcon.colcon_core.environment:checking '/home/ubuntu/Documents/ENGR489_Navigation/src/install/nav2_ultrasonic_costmap_plugin/lib/python3.10/site-packages'
[7.453s] Level 1:colcon.colcon_core.environment:checking '/home/ubuntu/Documents/ENGR489_Navigation/src/install/nav2_ultrasonic_costmap_plugin/bin'
[7.455s] INFO:colcon.colcon_core.shell:Creating package script '/home/ubuntu/Documents/ENGR489_Navigation/src/install/nav2_ultrasonic_costmap_plugin/share/nav2_ultrasonic_costmap_plugin/package.ps1'
[7.455s] INFO:colcon.colcon_core.shell:Creating package descriptor '/home/ubuntu/Documents/ENGR489_Navigation/src/install/nav2_ultrasonic_costmap_plugin/share/nav2_ultrasonic_costmap_plugin/package.dsv'
[7.456s] INFO:colcon.colcon_core.shell:Creating package script '/home/ubuntu/Documents/ENGR489_Navigation/src/install/nav2_ultrasonic_costmap_plugin/share/nav2_ultrasonic_costmap_plugin/package.sh'
[7.456s] INFO:colcon.colcon_core.shell:Creating package script '/home/ubuntu/Documents/ENGR489_Navigation/src/install/nav2_ultrasonic_costmap_plugin/share/nav2_ultrasonic_costmap_plugin/package.bash'
[7.456s] INFO:colcon.colcon_core.shell:Creating package script '/home/ubuntu/Documents/ENGR489_Navigation/src/install/nav2_ultrasonic_costmap_plugin/share/nav2_ultrasonic_costmap_plugin/package.zsh'
[7.457s] Level 1:colcon.colcon_core.environment:create_file_with_runtime_dependencies(/home/ubuntu/Documents/ENGR489_Navigation/src/install/nav2_ultrasonic_costmap_plugin/share/colcon-core/packages/nav2_ultrasonic_costmap_plugin)
[7.457s] DEBUG:colcon.colcon_parallel_executor.executor.parallel:closing loop
[7.458s] DEBUG:colcon.colcon_parallel_executor.executor.parallel:loop closed
[7.458s] DEBUG:colcon.colcon_parallel_executor.executor.parallel:run_until_complete finished with '0'
[7.458s] DEBUG:colcon.colcon_core.event_reactor:joining thread
[7.462s] INFO:colcon.colcon_core.plugin_system:Skipping extension 'colcon_notification.desktop_notification.terminal_notifier': Not used on non-Darwin systems
[7.462s] INFO:colcon.colcon_core.plugin_system:Skipping extension 'colcon_notification.desktop_notification.win32': Not used on non-Windows systems
[7.463s] INFO:colcon.colcon_notification.desktop_notification:Sending desktop notification using 'notify2'
[7.475s] DEBUG:colcon.colcon_core.event_reactor:joined thread
[7.477s] INFO:colcon.colcon_core.shell:Creating prefix script '/home/ubuntu/Documents/ENGR489_Navigation/src/install/local_setup.ps1'
[7.477s] INFO:colcon.colcon_core.shell:Creating prefix util module '/home/ubuntu/Documents/ENGR489_Navigation/src/install/_local_setup_util_ps1.py'
[7.478s] INFO:colcon.colcon_core.shell:Creating prefix chain script '/home/ubuntu/Documents/ENGR489_Navigation/src/install/setup.ps1'
[7.479s] INFO:colcon.colcon_core.shell:Creating prefix script '/home/ubuntu/Documents/ENGR489_Navigation/src/install/local_setup.sh'
[7.480s] INFO:colcon.colcon_core.shell:Creating prefix util module '/home/ubuntu/Documents/ENGR489_Navigation/src/install/_local_setup_util_sh.py'
[7.480s] INFO:colcon.colcon_core.shell:Creating prefix chain script '/home/ubuntu/Documents/ENGR489_Navigation/src/install/setup.sh'
[7.482s] INFO:colcon.colcon_core.shell:Creating prefix script '/home/ubuntu/Documents/ENGR489_Navigation/src/install/local_setup.bash'
[7.482s] INFO:colcon.colcon_core.shell:Creating prefix chain script '/home/ubuntu/Documents/ENGR489_Navigation/src/install/setup.bash'
[7.484s] INFO:colcon.colcon_core.shell:Creating prefix script '/home/ubuntu/Documents/ENGR489_Navigation/src/install/local_setup.zsh'
[7.484s] INFO:colcon.colcon_core.shell:Creating prefix chain script '/home/ubuntu/Documents/ENGR489_Navigation/src/install/setup.zsh'
