[0.659s] DEBUG:colcon:Command line arguments: ['/usr/bin/colcon', 'build']
[0.659s] DEBUG:colcon:Parsed command line arguments: Namespace(log_base=None, log_level=None, verb_name='build', build_base='build', install_base='install', merge_install=False, symlink_install=False, test_result_base=None, continue_on_error=False, executor='parallel', parallel_workers=4, event_handlers=None, ignore_user_meta=False, metas=['./colcon.meta'], base_paths=['.'], packages_ignore=None, packages_ignore_regex=None, paths=None, packages_up_to=None, packages_up_to_regex=None, packages_above=None, packages_above_and_dependencies=None, packages_above_depth=None, packages_select_by_dep=None, packages_skip_by_dep=None, packages_skip_up_to=None, packages_select_build_failed=False, packages_skip_build_finished=False, packages_select_test_failures=False, packages_skip_test_passed=False, packages_select=None, packages_skip=None, packages_select_regex=None, packages_skip_regex=None, packages_start=None, packages_end=None, allow_overriding=[], cmake_args=None, cmake_target=None, cmake_target_skip_unavailable=False, cmake_clean_cache=False, cmake_clean_first=False, cmake_force_configure=False, ament_cmake_args=None, catkin_cmake_args=None, catkin_skip_building_tests=False, verb_parser=<colcon_defaults.argument_parser.defaults.DefaultArgumentsDecorator object at 0x7fefad8c1ff0>, verb_extension=<colcon_core.verb.build.BuildVerb object at 0x7fefae0f5ab0>, main=<bound method BuildVerb.main of <colcon_core.verb.build.BuildVerb object at 0x7fefae0f5ab0>>)
[0.755s] Level 1:colcon.colcon_core.package_discovery:discover_packages(colcon_meta) check parameters
[0.755s] Level 1:colcon.colcon_core.package_discovery:discover_packages(recursive) check parameters
[0.755s] Level 1:colcon.colcon_core.package_discovery:discover_packages(ignore) check parameters
[0.755s] Level 1:colcon.colcon_core.package_discovery:discover_packages(path) check parameters
[0.755s] Level 1:colcon.colcon_core.package_discovery:discover_packages(colcon_meta) discover
[0.756s] Level 1:colcon.colcon_core.package_discovery:discover_packages(recursive) discover
[0.756s] INFO:colcon.colcon_core.package_discovery:Crawling recursively for packages in '/home/hurnenryan/Documents/workspaces/ros2_ws/src'
[0.756s] Level 1:colcon.colcon_core.package_identification:_identify(.) by extensions ['ignore', 'ignore_ament_install']
[0.756s] Level 1:colcon.colcon_core.package_identification:_identify(.) by extension 'ignore'
[0.761s] Level 1:colcon.colcon_core.package_identification:_identify(.) by extension 'ignore_ament_install'
[0.762s] Level 1:colcon.colcon_core.package_identification:_identify(.) by extensions ['colcon_pkg']
[0.762s] Level 1:colcon.colcon_core.package_identification:_identify(.) by extension 'colcon_pkg'
[0.762s] Level 1:colcon.colcon_core.package_identification:_identify(.) by extensions ['colcon_meta']
[0.762s] Level 1:colcon.colcon_core.package_identification:_identify(.) by extension 'colcon_meta'
[0.762s] Level 1:colcon.colcon_core.package_identification:_identify(.) by extensions ['ros']
[0.762s] Level 1:colcon.colcon_core.package_identification:_identify(.) by extension 'ros'
[0.778s] Level 1:colcon.colcon_core.package_identification:_identify(.) by extensions ['cmake', 'python']
[0.779s] Level 1:colcon.colcon_core.package_identification:_identify(.) by extension 'cmake'
[0.779s] Level 1:colcon.colcon_core.package_identification:_identify(.) by extension 'python'
[0.779s] Level 1:colcon.colcon_core.package_identification:_identify(.) by extensions ['python_setup_py']
[0.779s] Level 1:colcon.colcon_core.package_identification:_identify(.) by extension 'python_setup_py'
[0.779s] Level 1:colcon.colcon_core.package_identification:_identify(build) by extensions ['ignore', 'ignore_ament_install']
[0.780s] Level 1:colcon.colcon_core.package_identification:_identify(build) by extension 'ignore'
[0.780s] Level 1:colcon.colcon_core.package_identification:_identify(build) ignored
[0.780s] Level 1:colcon.colcon_core.package_identification:_identify(install) by extensions ['ignore', 'ignore_ament_install']
[0.780s] Level 1:colcon.colcon_core.package_identification:_identify(install) by extension 'ignore'
[0.780s] Level 1:colcon.colcon_core.package_identification:_identify(install) ignored
[0.780s] Level 1:colcon.colcon_core.package_identification:_identify(log) by extensions ['ignore', 'ignore_ament_install']
[0.780s] Level 1:colcon.colcon_core.package_identification:_identify(log) by extension 'ignore'
[0.780s] Level 1:colcon.colcon_core.package_identification:_identify(log) ignored
[0.780s] Level 1:colcon.colcon_core.package_identification:_identify(nav2_ultrasonic_costmap_plugin) by extensions ['ignore', 'ignore_ament_install']
[0.781s] Level 1:colcon.colcon_core.package_identification:_identify(nav2_ultrasonic_costmap_plugin) by extension 'ignore'
[0.781s] Level 1:colcon.colcon_core.package_identification:_identify(nav2_ultrasonic_costmap_plugin) by extension 'ignore_ament_install'
[0.781s] Level 1:colcon.colcon_core.package_identification:_identify(nav2_ultrasonic_costmap_plugin) by extensions ['colcon_pkg']
[0.781s] Level 1:colcon.colcon_core.package_identification:_identify(nav2_ultrasonic_costmap_plugin) by extension 'colcon_pkg'
[0.781s] Level 1:colcon.colcon_core.package_identification:_identify(nav2_ultrasonic_costmap_plugin) by extensions ['colcon_meta']
[0.781s] Level 1:colcon.colcon_core.package_identification:_identify(nav2_ultrasonic_costmap_plugin) by extension 'colcon_meta'
[0.781s] Level 1:colcon.colcon_core.package_identification:_identify(nav2_ultrasonic_costmap_plugin) by extensions ['ros']
[0.781s] Level 1:colcon.colcon_core.package_identification:_identify(nav2_ultrasonic_costmap_plugin) by extension 'ros'
[0.788s] DEBUG:colcon.colcon_core.package_identification:Package 'nav2_ultrasonic_costmap_plugin' with type 'ros.ament_cmake' and name 'nav2_ultrasonic_costmap_plugin'
[0.788s] Level 1:colcon.colcon_core.package_identification:_identify(positionlogger) by extensions ['ignore', 'ignore_ament_install']
[0.789s] Level 1:colcon.colcon_core.package_identification:_identify(positionlogger) by extension 'ignore'
[0.789s] Level 1:colcon.colcon_core.package_identification:_identify(positionlogger) by extension 'ignore_ament_install'
[0.789s] Level 1:colcon.colcon_core.package_identification:_identify(positionlogger) by extensions ['colcon_pkg']
[0.789s] Level 1:colcon.colcon_core.package_identification:_identify(positionlogger) by extension 'colcon_pkg'
[0.789s] Level 1:colcon.colcon_core.package_identification:_identify(positionlogger) by extensions ['colcon_meta']
[0.789s] Level 1:colcon.colcon_core.package_identification:_identify(positionlogger) by extension 'colcon_meta'
[0.789s] Level 1:colcon.colcon_core.package_identification:_identify(positionlogger) by extensions ['ros']
[0.789s] Level 1:colcon.colcon_core.package_identification:_identify(positionlogger) by extension 'ros'
[0.791s] DEBUG:colcon.colcon_core.package_identification:Package 'positionlogger' with type 'ros.ament_python' and name 'positionlogger'
[0.791s] Level 1:colcon.colcon_core.package_discovery:discover_packages(recursive) using defaults
[0.792s] Level 1:colcon.colcon_core.package_discovery:discover_packages(ignore) discover
[0.792s] Level 1:colcon.colcon_core.package_discovery:discover_packages(ignore) using defaults
[0.792s] Level 1:colcon.colcon_core.package_discovery:discover_packages(path) discover
[0.792s] Level 1:colcon.colcon_core.package_discovery:discover_packages(path) using defaults
[0.833s] Level 1:colcon.colcon_core.package_discovery:discover_packages(prefix_path) check parameters
[0.833s] Level 1:colcon.colcon_core.package_discovery:discover_packages(prefix_path) discover
[0.842s] DEBUG:colcon.colcon_installed_package_information.package_discovery:Found 5 installed packages in /home/hurnenryan/Documents/workspaces/ros2_ws/src/install
[0.843s] DEBUG:colcon.colcon_installed_package_information.package_discovery:Found 314 installed packages in /opt/ros/humble
[0.846s] Level 1:colcon.colcon_core.package_discovery:discover_packages(prefix_path) using defaults
[0.908s] Level 5:colcon.colcon_core.verb:set package 'nav2_ultrasonic_costmap_plugin' build argument 'cmake_args' from command line to 'None'
[0.909s] Level 5:colcon.colcon_core.verb:set package 'nav2_ultrasonic_costmap_plugin' build argument 'cmake_target' from command line to 'None'
[0.909s] Level 5:colcon.colcon_core.verb:set package 'nav2_ultrasonic_costmap_plugin' build argument 'cmake_target_skip_unavailable' from command line to 'False'
[0.909s] Level 5:colcon.colcon_core.verb:set package 'nav2_ultrasonic_costmap_plugin' build argument 'cmake_clean_cache' from command line to 'False'
[0.909s] Level 5:colcon.colcon_core.verb:set package 'nav2_ultrasonic_costmap_plugin' build argument 'cmake_clean_first' from command line to 'False'
[0.909s] Level 5:colcon.colcon_core.verb:set package 'nav2_ultrasonic_costmap_plugin' build argument 'cmake_force_configure' from command line to 'False'
[0.909s] Level 5:colcon.colcon_core.verb:set package 'nav2_ultrasonic_costmap_plugin' build argument 'ament_cmake_args' from command line to 'None'
[0.909s] Level 5:colcon.colcon_core.verb:set package 'nav2_ultrasonic_costmap_plugin' build argument 'catkin_cmake_args' from command line to 'None'
[0.909s] Level 5:colcon.colcon_core.verb:set package 'nav2_ultrasonic_costmap_plugin' build argument 'catkin_skip_building_tests' from command line to 'False'
[0.909s] DEBUG:colcon.colcon_core.verb:Building package 'nav2_ultrasonic_costmap_plugin' with the following arguments: {'ament_cmake_args': None, 'build_base': '/home/hurnenryan/Documents/workspaces/ros2_ws/src/build/nav2_ultrasonic_costmap_plugin', 'catkin_cmake_args': None, 'catkin_skip_building_tests': False, 'cmake_args': None, 'cmake_clean_cache': False, 'cmake_clean_first': False, 'cmake_force_configure': False, 'cmake_target': None, 'cmake_target_skip_unavailable': False, 'install_base': '/home/hurnenryan/Documents/workspaces/ros2_ws/src/install/nav2_ultrasonic_costmap_plugin', 'merge_install': False, 'path': '/home/hurnenryan/Documents/workspaces/ros2_ws/src/nav2_ultrasonic_costmap_plugin', 'symlink_install': False, 'test_result_base': None}
[0.910s] Level 5:colcon.colcon_core.verb:set package 'positionlogger' build argument 'cmake_args' from command line to 'None'
[0.910s] Level 5:colcon.colcon_core.verb:set package 'positionlogger' build argument 'cmake_target' from command line to 'None'
[0.910s] Level 5:colcon.colcon_core.verb:set package 'positionlogger' build argument 'cmake_target_skip_unavailable' from command line to 'False'
[0.910s] Level 5:colcon.colcon_core.verb:set package 'positionlogger' build argument 'cmake_clean_cache' from command line to 'False'
[0.910s] Level 5:colcon.colcon_core.verb:set package 'positionlogger' build argument 'cmake_clean_first' from command line to 'False'
[0.910s] Level 5:colcon.colcon_core.verb:set package 'positionlogger' build argument 'cmake_force_configure' from command line to 'False'
[0.910s] Level 5:colcon.colcon_core.verb:set package 'positionlogger' build argument 'ament_cmake_args' from command line to 'None'
[0.911s] Level 5:colcon.colcon_core.verb:set package 'positionlogger' build argument 'catkin_cmake_args' from command line to 'None'
[0.911s] Level 5:colcon.colcon_core.verb:set package 'positionlogger' build argument 'catkin_skip_building_tests' from command line to 'False'
[0.911s] DEBUG:colcon.colcon_core.verb:Building package 'positionlogger' with the following arguments: {'ament_cmake_args': None, 'build_base': '/home/hurnenryan/Documents/workspaces/ros2_ws/src/build/positionlogger', 'catkin_cmake_args': None, 'catkin_skip_building_tests': False, 'cmake_args': None, 'cmake_clean_cache': False, 'cmake_clean_first': False, 'cmake_force_configure': False, 'cmake_target': None, 'cmake_target_skip_unavailable': False, 'install_base': '/home/hurnenryan/Documents/workspaces/ros2_ws/src/install/positionlogger', 'merge_install': False, 'path': '/home/hurnenryan/Documents/workspaces/ros2_ws/src/positionlogger', 'symlink_install': False, 'test_result_base': None}
[0.911s] INFO:colcon.colcon_core.executor:Executing jobs using 'parallel' executor
[0.914s] DEBUG:colcon.colcon_parallel_executor.executor.parallel:run_until_complete
[0.915s] INFO:colcon.colcon_ros.task.ament_cmake.build:Building ROS package in '/home/hurnenryan/Documents/workspaces/ros2_ws/src/nav2_ultrasonic_costmap_plugin' with build type 'ament_cmake'
[0.915s] INFO:colcon.colcon_cmake.task.cmake.build:Building CMake package in '/home/hurnenryan/Documents/workspaces/ros2_ws/src/nav2_ultrasonic_costmap_plugin'
[0.926s] INFO:colcon.colcon_core.plugin_system:Skipping extension 'colcon_core.shell.bat': Not used on non-Windows systems
[0.927s] INFO:colcon.colcon_core.shell:Skip shell extension 'powershell' for command environment: Not usable outside of PowerShell
[0.927s] DEBUG:colcon.colcon_core.shell:Skip shell extension 'dsv' for command environment
[0.932s] INFO:colcon.colcon_ros.task.ament_python.build:Building ROS package in '/home/hurnenryan/Documents/workspaces/ros2_ws/src/positionlogger' with build type 'ament_python'
[0.932s] Level 1:colcon.colcon_core.shell:create_environment_hook('positionlogger', 'ament_prefix_path')
[0.933s] INFO:colcon.colcon_core.shell:Creating environment hook '/home/hurnenryan/Documents/workspaces/ros2_ws/src/install/positionlogger/share/positionlogger/hook/ament_prefix_path.ps1'
[0.935s] INFO:colcon.colcon_core.shell:Creating environment descriptor '/home/hurnenryan/Documents/workspaces/ros2_ws/src/install/positionlogger/share/positionlogger/hook/ament_prefix_path.dsv'
[0.936s] INFO:colcon.colcon_core.shell:Creating environment hook '/home/hurnenryan/Documents/workspaces/ros2_ws/src/install/positionlogger/share/positionlogger/hook/ament_prefix_path.sh'
[0.940s] INFO:colcon.colcon_core.shell:Skip shell extension 'powershell' for command environment: Not usable outside of PowerShell
[0.940s] DEBUG:colcon.colcon_core.shell:Skip shell extension 'dsv' for command environment
[0.951s] DEBUG:colcon.colcon_core.event_handler.log_command:Invoking command in '/home/hurnenryan/Documents/workspaces/ros2_ws/src/build/nav2_ultrasonic_costmap_plugin': CMAKE_PREFIX_PATH=${CMAKE_PREFIX_PATH}:/home/hurnenryan/Documents/workspaces/ros2_ws/src/install/positionlogger:/home/hurnenryan/Documents/workspaces/ros2_ws/src/install/positionLog:/opt/ros/humble /usr/bin/cmake /home/hurnenryan/Documents/workspaces/ros2_ws/src/nav2_ultrasonic_costmap_plugin -DCMAKE_INSTALL_PREFIX=/home/hurnenryan/Documents/workspaces/ros2_ws/src/install/nav2_ultrasonic_costmap_plugin
[1.367s] INFO:colcon.colcon_core.task.python.build:Building Python package in '/home/hurnenryan/Documents/workspaces/ros2_ws/src/positionlogger'
[1.368s] INFO:colcon.colcon_core.shell:Skip shell extension 'powershell' for command environment: Not usable outside of PowerShell
[1.368s] DEBUG:colcon.colcon_core.shell:Skip shell extension 'dsv' for command environment
[1.911s] DEBUG:colcon.colcon_core.event_handler.log_command:Invoking command in '/home/hurnenryan/Documents/workspaces/ros2_ws/src/build/positionlogger': PYTHONPATH=/home/hurnenryan/Documents/workspaces/ros2_ws/src/build/positionlogger/prefix_override:/home/hurnenryan/Documents/workspaces/ros2_ws/src/install/positionlogger/lib/python3.10/site-packages:${PYTHONPATH} /usr/bin/python3 setup.py develop --uninstall --editable --build-directory /home/hurnenryan/Documents/workspaces/ros2_ws/src/build/positionlogger/build
[2.429s] DEBUG:colcon.colcon_core.event_handler.log_command:Invoked command in '/home/hurnenryan/Documents/workspaces/ros2_ws/src/build/positionlogger' returned '0': PYTHONPATH=/home/hurnenryan/Documents/workspaces/ros2_ws/src/build/positionlogger/prefix_override:/home/hurnenryan/Documents/workspaces/ros2_ws/src/install/positionlogger/lib/python3.10/site-packages:${PYTHONPATH} /usr/bin/python3 setup.py develop --uninstall --editable --build-directory /home/hurnenryan/Documents/workspaces/ros2_ws/src/build/positionlogger/build
[2.430s] DEBUG:colcon.colcon_core.event_handler.log_command:Invoking command in '/home/hurnenryan/Documents/workspaces/ros2_ws/src/positionlogger': PYTHONPATH=/home/hurnenryan/Documents/workspaces/ros2_ws/src/build/positionlogger/prefix_override:/home/hurnenryan/Documents/workspaces/ros2_ws/src/install/positionlogger/lib/python3.10/site-packages:${PYTHONPATH} /usr/bin/python3 setup.py egg_info --egg-base ../build/positionlogger build --build-base /home/hurnenryan/Documents/workspaces/ros2_ws/src/build/positionlogger/build install --record /home/hurnenryan/Documents/workspaces/ros2_ws/src/build/positionlogger/install.log --single-version-externally-managed
[2.781s] DEBUG:colcon.colcon_core.event_handler.log_command:Invoked command in '/home/hurnenryan/Documents/workspaces/ros2_ws/src/positionlogger' returned '0': PYTHONPATH=/home/hurnenryan/Documents/workspaces/ros2_ws/src/build/positionlogger/prefix_override:/home/hurnenryan/Documents/workspaces/ros2_ws/src/install/positionlogger/lib/python3.10/site-packages:${PYTHONPATH} /usr/bin/python3 setup.py egg_info --egg-base ../build/positionlogger build --build-base /home/hurnenryan/Documents/workspaces/ros2_ws/src/build/positionlogger/build install --record /home/hurnenryan/Documents/workspaces/ros2_ws/src/build/positionlogger/install.log --single-version-externally-managed
[2.795s] Level 1:colcon.colcon_core.environment:checking '/home/hurnenryan/Documents/workspaces/ros2_ws/src/install/positionlogger' for CMake module files
[2.797s] Level 1:colcon.colcon_core.environment:checking '/home/hurnenryan/Documents/workspaces/ros2_ws/src/install/positionlogger' for CMake config files
[2.798s] Level 1:colcon.colcon_core.environment:checking '/home/hurnenryan/Documents/workspaces/ros2_ws/src/install/positionlogger/lib'
[2.798s] Level 1:colcon.colcon_core.environment:checking '/home/hurnenryan/Documents/workspaces/ros2_ws/src/install/positionlogger/bin'
[2.798s] Level 1:colcon.colcon_core.environment:checking '/home/hurnenryan/Documents/workspaces/ros2_ws/src/install/positionlogger/lib/pkgconfig/positionlogger.pc'
[2.799s] Level 1:colcon.colcon_core.environment:checking '/home/hurnenryan/Documents/workspaces/ros2_ws/src/install/positionlogger/lib/python3.10/site-packages'
[2.799s] Level 1:colcon.colcon_core.shell:create_environment_hook('positionlogger', 'pythonpath')
[2.800s] INFO:colcon.colcon_core.shell:Creating environment hook '/home/hurnenryan/Documents/workspaces/ros2_ws/src/install/positionlogger/share/positionlogger/hook/pythonpath.ps1'
[2.800s] INFO:colcon.colcon_core.shell:Creating environment descriptor '/home/hurnenryan/Documents/workspaces/ros2_ws/src/install/positionlogger/share/positionlogger/hook/pythonpath.dsv'
[2.801s] INFO:colcon.colcon_core.shell:Creating environment hook '/home/hurnenryan/Documents/workspaces/ros2_ws/src/install/positionlogger/share/positionlogger/hook/pythonpath.sh'
[2.801s] Level 1:colcon.colcon_core.environment:checking '/home/hurnenryan/Documents/workspaces/ros2_ws/src/install/positionlogger/bin'
[2.801s] Level 1:colcon.colcon_core.environment:create_environment_scripts_only(positionlogger)
[2.802s] INFO:colcon.colcon_core.shell:Creating package script '/home/hurnenryan/Documents/workspaces/ros2_ws/src/install/positionlogger/share/positionlogger/package.ps1'
[2.804s] INFO:colcon.colcon_core.shell:Creating package descriptor '/home/hurnenryan/Documents/workspaces/ros2_ws/src/install/positionlogger/share/positionlogger/package.dsv'
[2.806s] INFO:colcon.colcon_core.shell:Creating package script '/home/hurnenryan/Documents/workspaces/ros2_ws/src/install/positionlogger/share/positionlogger/package.sh'
[2.808s] INFO:colcon.colcon_core.shell:Creating package script '/home/hurnenryan/Documents/workspaces/ros2_ws/src/install/positionlogger/share/positionlogger/package.bash'
[2.810s] INFO:colcon.colcon_core.shell:Creating package script '/home/hurnenryan/Documents/workspaces/ros2_ws/src/install/positionlogger/share/positionlogger/package.zsh'
[2.811s] Level 1:colcon.colcon_core.environment:create_file_with_runtime_dependencies(/home/hurnenryan/Documents/workspaces/ros2_ws/src/install/positionlogger/share/colcon-core/packages/positionlogger)
[4.800s] DEBUG:colcon.colcon_core.event_handler.log_command:Invoked command in '/home/hurnenryan/Documents/workspaces/ros2_ws/src/build/nav2_ultrasonic_costmap_plugin' returned '0': CMAKE_PREFIX_PATH=${CMAKE_PREFIX_PATH}:/home/hurnenryan/Documents/workspaces/ros2_ws/src/install/positionlogger:/home/hurnenryan/Documents/workspaces/ros2_ws/src/install/positionLog:/opt/ros/humble /usr/bin/cmake /home/hurnenryan/Documents/workspaces/ros2_ws/src/nav2_ultrasonic_costmap_plugin -DCMAKE_INSTALL_PREFIX=/home/hurnenryan/Documents/workspaces/ros2_ws/src/install/nav2_ultrasonic_costmap_plugin
[4.800s] DEBUG:colcon.colcon_core.event_handler.log_command:Invoking command in '/home/hurnenryan/Documents/workspaces/ros2_ws/src/build/nav2_ultrasonic_costmap_plugin': CMAKE_PREFIX_PATH=${CMAKE_PREFIX_PATH}:/home/hurnenryan/Documents/workspaces/ros2_ws/src/install/positionlogger:/home/hurnenryan/Documents/workspaces/ros2_ws/src/install/positionLog:/opt/ros/humble /usr/bin/cmake --build /home/hurnenryan/Documents/workspaces/ros2_ws/src/build/nav2_ultrasonic_costmap_plugin -- -j4 -l4
[4.994s] DEBUG:colcon.colcon_core.event_handler.log_command:Invoked command in '/home/hurnenryan/Documents/workspaces/ros2_ws/src/build/nav2_ultrasonic_costmap_plugin' returned '0': CMAKE_PREFIX_PATH=${CMAKE_PREFIX_PATH}:/home/hurnenryan/Documents/workspaces/ros2_ws/src/install/positionlogger:/home/hurnenryan/Documents/workspaces/ros2_ws/src/install/positionLog:/opt/ros/humble /usr/bin/cmake --build /home/hurnenryan/Documents/workspaces/ros2_ws/src/build/nav2_ultrasonic_costmap_plugin -- -j4 -l4
[5.032s] DEBUG:colcon.colcon_core.event_handler.log_command:Invoking command in '/home/hurnenryan/Documents/workspaces/ros2_ws/src/build/nav2_ultrasonic_costmap_plugin': CMAKE_PREFIX_PATH=${CMAKE_PREFIX_PATH}:/home/hurnenryan/Documents/workspaces/ros2_ws/src/install/positionlogger:/home/hurnenryan/Documents/workspaces/ros2_ws/src/install/positionLog:/opt/ros/humble /usr/bin/cmake --install /home/hurnenryan/Documents/workspaces/ros2_ws/src/build/nav2_ultrasonic_costmap_plugin
[5.064s] Level 1:colcon.colcon_core.environment:create_environment_scripts_only(nav2_ultrasonic_costmap_plugin)
[5.065s] DEBUG:colcon.colcon_core.event_handler.log_command:Invoked command in '/home/hurnenryan/Documents/workspaces/ros2_ws/src/build/nav2_ultrasonic_costmap_plugin' returned '0': CMAKE_PREFIX_PATH=${CMAKE_PREFIX_PATH}:/home/hurnenryan/Documents/workspaces/ros2_ws/src/install/positionlogger:/home/hurnenryan/Documents/workspaces/ros2_ws/src/install/positionLog:/opt/ros/humble /usr/bin/cmake --install /home/hurnenryan/Documents/workspaces/ros2_ws/src/build/nav2_ultrasonic_costmap_plugin
[5.067s] Level 1:colcon.colcon_core.environment:checking '/home/hurnenryan/Documents/workspaces/ros2_ws/src/install/nav2_ultrasonic_costmap_plugin' for CMake module files
[5.071s] Level 1:colcon.colcon_core.environment:checking '/home/hurnenryan/Documents/workspaces/ros2_ws/src/install/nav2_ultrasonic_costmap_plugin' for CMake config files
[5.072s] Level 1:colcon.colcon_core.shell:create_environment_hook('nav2_ultrasonic_costmap_plugin', 'cmake_prefix_path')
[5.073s] INFO:colcon.colcon_core.shell:Creating environment hook '/home/hurnenryan/Documents/workspaces/ros2_ws/src/install/nav2_ultrasonic_costmap_plugin/share/nav2_ultrasonic_costmap_plugin/hook/cmake_prefix_path.ps1'
[5.074s] INFO:colcon.colcon_core.shell:Creating environment descriptor '/home/hurnenryan/Documents/workspaces/ros2_ws/src/install/nav2_ultrasonic_costmap_plugin/share/nav2_ultrasonic_costmap_plugin/hook/cmake_prefix_path.dsv'
[5.075s] INFO:colcon.colcon_core.shell:Creating environment hook '/home/hurnenryan/Documents/workspaces/ros2_ws/src/install/nav2_ultrasonic_costmap_plugin/share/nav2_ultrasonic_costmap_plugin/hook/cmake_prefix_path.sh'
[5.076s] Level 1:colcon.colcon_core.environment:checking '/home/hurnenryan/Documents/workspaces/ros2_ws/src/install/nav2_ultrasonic_costmap_plugin/lib'
[5.076s] Level 1:colcon.colcon_core.shell:create_environment_hook('nav2_ultrasonic_costmap_plugin', 'ld_library_path_lib')
[5.077s] INFO:colcon.colcon_core.shell:Creating environment hook '/home/hurnenryan/Documents/workspaces/ros2_ws/src/install/nav2_ultrasonic_costmap_plugin/share/nav2_ultrasonic_costmap_plugin/hook/ld_library_path_lib.ps1'
[5.077s] INFO:colcon.colcon_core.shell:Creating environment descriptor '/home/hurnenryan/Documents/workspaces/ros2_ws/src/install/nav2_ultrasonic_costmap_plugin/share/nav2_ultrasonic_costmap_plugin/hook/ld_library_path_lib.dsv'
[5.078s] INFO:colcon.colcon_core.shell:Creating environment hook '/home/hurnenryan/Documents/workspaces/ros2_ws/src/install/nav2_ultrasonic_costmap_plugin/share/nav2_ultrasonic_costmap_plugin/hook/ld_library_path_lib.sh'
[5.078s] Level 1:colcon.colcon_core.environment:checking '/home/hurnenryan/Documents/workspaces/ros2_ws/src/install/nav2_ultrasonic_costmap_plugin/bin'
[5.079s] Level 1:colcon.colcon_core.environment:checking '/home/hurnenryan/Documents/workspaces/ros2_ws/src/install/nav2_ultrasonic_costmap_plugin/lib/pkgconfig/nav2_ultrasonic_costmap_plugin.pc'
[5.079s] Level 1:colcon.colcon_core.environment:checking '/home/hurnenryan/Documents/workspaces/ros2_ws/src/install/nav2_ultrasonic_costmap_plugin/lib/python3.10/site-packages'
[5.079s] Level 1:colcon.colcon_core.environment:checking '/home/hurnenryan/Documents/workspaces/ros2_ws/src/install/nav2_ultrasonic_costmap_plugin/bin'
[5.087s] INFO:colcon.colcon_core.shell:Creating package script '/home/hurnenryan/Documents/workspaces/ros2_ws/src/install/nav2_ultrasonic_costmap_plugin/share/nav2_ultrasonic_costmap_plugin/package.ps1'
[5.088s] INFO:colcon.colcon_core.shell:Creating package descriptor '/home/hurnenryan/Documents/workspaces/ros2_ws/src/install/nav2_ultrasonic_costmap_plugin/share/nav2_ultrasonic_costmap_plugin/package.dsv'
[5.089s] INFO:colcon.colcon_core.shell:Creating package script '/home/hurnenryan/Documents/workspaces/ros2_ws/src/install/nav2_ultrasonic_costmap_plugin/share/nav2_ultrasonic_costmap_plugin/package.sh'
[5.089s] INFO:colcon.colcon_core.shell:Creating package script '/home/hurnenryan/Documents/workspaces/ros2_ws/src/install/nav2_ultrasonic_costmap_plugin/share/nav2_ultrasonic_costmap_plugin/package.bash'
[5.089s] INFO:colcon.colcon_core.shell:Creating package script '/home/hurnenryan/Documents/workspaces/ros2_ws/src/install/nav2_ultrasonic_costmap_plugin/share/nav2_ultrasonic_costmap_plugin/package.zsh'
[5.091s] Level 1:colcon.colcon_core.environment:create_file_with_runtime_dependencies(/home/hurnenryan/Documents/workspaces/ros2_ws/src/install/nav2_ultrasonic_costmap_plugin/share/colcon-core/packages/nav2_ultrasonic_costmap_plugin)
[5.127s] Level 1:colcon.colcon_core.environment:create_environment_scripts_only(nav2_ultrasonic_costmap_plugin)
[5.129s] Level 1:colcon.colcon_core.environment:checking '/home/hurnenryan/Documents/workspaces/ros2_ws/src/install/nav2_ultrasonic_costmap_plugin' for CMake module files
[5.129s] Level 1:colcon.colcon_core.environment:checking '/home/hurnenryan/Documents/workspaces/ros2_ws/src/install/nav2_ultrasonic_costmap_plugin' for CMake config files
[5.129s] Level 1:colcon.colcon_core.shell:create_environment_hook('nav2_ultrasonic_costmap_plugin', 'cmake_prefix_path')
[5.130s] INFO:colcon.colcon_core.shell:Creating environment hook '/home/hurnenryan/Documents/workspaces/ros2_ws/src/install/nav2_ultrasonic_costmap_plugin/share/nav2_ultrasonic_costmap_plugin/hook/cmake_prefix_path.ps1'
[5.131s] INFO:colcon.colcon_core.shell:Creating environment descriptor '/home/hurnenryan/Documents/workspaces/ros2_ws/src/install/nav2_ultrasonic_costmap_plugin/share/nav2_ultrasonic_costmap_plugin/hook/cmake_prefix_path.dsv'
[5.131s] INFO:colcon.colcon_core.shell:Creating environment hook '/home/hurnenryan/Documents/workspaces/ros2_ws/src/install/nav2_ultrasonic_costmap_plugin/share/nav2_ultrasonic_costmap_plugin/hook/cmake_prefix_path.sh'
[5.131s] Level 1:colcon.colcon_core.environment:checking '/home/hurnenryan/Documents/workspaces/ros2_ws/src/install/nav2_ultrasonic_costmap_plugin/lib'
[5.131s] Level 1:colcon.colcon_core.shell:create_environment_hook('nav2_ultrasonic_costmap_plugin', 'ld_library_path_lib')
[5.133s] INFO:colcon.colcon_core.shell:Creating environment hook '/home/hurnenryan/Documents/workspaces/ros2_ws/src/install/nav2_ultrasonic_costmap_plugin/share/nav2_ultrasonic_costmap_plugin/hook/ld_library_path_lib.ps1'
[5.134s] INFO:colcon.colcon_core.shell:Creating environment descriptor '/home/hurnenryan/Documents/workspaces/ros2_ws/src/install/nav2_ultrasonic_costmap_plugin/share/nav2_ultrasonic_costmap_plugin/hook/ld_library_path_lib.dsv'
[5.134s] INFO:colcon.colcon_core.shell:Creating environment hook '/home/hurnenryan/Documents/workspaces/ros2_ws/src/install/nav2_ultrasonic_costmap_plugin/share/nav2_ultrasonic_costmap_plugin/hook/ld_library_path_lib.sh'
[5.135s] Level 1:colcon.colcon_core.environment:checking '/home/hurnenryan/Documents/workspaces/ros2_ws/src/install/nav2_ultrasonic_costmap_plugin/bin'
[5.135s] Level 1:colcon.colcon_core.environment:checking '/home/hurnenryan/Documents/workspaces/ros2_ws/src/install/nav2_ultrasonic_costmap_plugin/lib/pkgconfig/nav2_ultrasonic_costmap_plugin.pc'
[5.135s] Level 1:colcon.colcon_core.environment:checking '/home/hurnenryan/Documents/workspaces/ros2_ws/src/install/nav2_ultrasonic_costmap_plugin/lib/python3.10/site-packages'
[5.135s] Level 1:colcon.colcon_core.environment:checking '/home/hurnenryan/Documents/workspaces/ros2_ws/src/install/nav2_ultrasonic_costmap_plugin/bin'
[5.137s] INFO:colcon.colcon_core.shell:Creating package script '/home/hurnenryan/Documents/workspaces/ros2_ws/src/install/nav2_ultrasonic_costmap_plugin/share/nav2_ultrasonic_costmap_plugin/package.ps1'
[5.140s] INFO:colcon.colcon_core.shell:Creating package descriptor '/home/hurnenryan/Documents/workspaces/ros2_ws/src/install/nav2_ultrasonic_costmap_plugin/share/nav2_ultrasonic_costmap_plugin/package.dsv'
[5.141s] INFO:colcon.colcon_core.shell:Creating package script '/home/hurnenryan/Documents/workspaces/ros2_ws/src/install/nav2_ultrasonic_costmap_plugin/share/nav2_ultrasonic_costmap_plugin/package.sh'
[5.141s] INFO:colcon.colcon_core.shell:Creating package script '/home/hurnenryan/Documents/workspaces/ros2_ws/src/install/nav2_ultrasonic_costmap_plugin/share/nav2_ultrasonic_costmap_plugin/package.bash'
[5.142s] INFO:colcon.colcon_core.shell:Creating package script '/home/hurnenryan/Documents/workspaces/ros2_ws/src/install/nav2_ultrasonic_costmap_plugin/share/nav2_ultrasonic_costmap_plugin/package.zsh'
[5.142s] Level 1:colcon.colcon_core.environment:create_file_with_runtime_dependencies(/home/hurnenryan/Documents/workspaces/ros2_ws/src/install/nav2_ultrasonic_costmap_plugin/share/colcon-core/packages/nav2_ultrasonic_costmap_plugin)
[5.144s] DEBUG:colcon.colcon_parallel_executor.executor.parallel:closing loop
[5.145s] DEBUG:colcon.colcon_parallel_executor.executor.parallel:loop closed
[5.146s] DEBUG:colcon.colcon_parallel_executor.executor.parallel:run_until_complete finished with '0'
[5.147s] DEBUG:colcon.colcon_core.event_reactor:joining thread
[5.155s] INFO:colcon.colcon_core.plugin_system:Skipping extension 'colcon_notification.desktop_notification.terminal_notifier': Not used on non-Darwin systems
[5.155s] INFO:colcon.colcon_core.plugin_system:Skipping extension 'colcon_notification.desktop_notification.win32': Not used on non-Windows systems
[5.155s] INFO:colcon.colcon_notification.desktop_notification:Sending desktop notification using 'notify2'
[5.169s] DEBUG:colcon.colcon_core.event_reactor:joined thread
[5.170s] INFO:colcon.colcon_core.shell:Creating prefix script '/home/hurnenryan/Documents/workspaces/ros2_ws/src/install/local_setup.ps1'
[5.172s] INFO:colcon.colcon_core.shell:Creating prefix util module '/home/hurnenryan/Documents/workspaces/ros2_ws/src/install/_local_setup_util_ps1.py'
[5.174s] INFO:colcon.colcon_core.shell:Creating prefix chain script '/home/hurnenryan/Documents/workspaces/ros2_ws/src/install/setup.ps1'
[5.176s] INFO:colcon.colcon_core.shell:Creating prefix script '/home/hurnenryan/Documents/workspaces/ros2_ws/src/install/local_setup.sh'
[5.176s] INFO:colcon.colcon_core.shell:Creating prefix util module '/home/hurnenryan/Documents/workspaces/ros2_ws/src/install/_local_setup_util_sh.py'
[5.177s] INFO:colcon.colcon_core.shell:Creating prefix chain script '/home/hurnenryan/Documents/workspaces/ros2_ws/src/install/setup.sh'
[5.178s] INFO:colcon.colcon_core.shell:Creating prefix script '/home/hurnenryan/Documents/workspaces/ros2_ws/src/install/local_setup.bash'
[5.179s] INFO:colcon.colcon_core.shell:Creating prefix chain script '/home/hurnenryan/Documents/workspaces/ros2_ws/src/install/setup.bash'
[5.184s] INFO:colcon.colcon_core.shell:Creating prefix script '/home/hurnenryan/Documents/workspaces/ros2_ws/src/install/local_setup.zsh'
[5.185s] INFO:colcon.colcon_core.shell:Creating prefix chain script '/home/hurnenryan/Documents/workspaces/ros2_ws/src/install/setup.zsh'
