[0.015s] Invoking command in '/home/ubuntu/Documents/ENGR489_Navigation/build/nav2_ultrasonic_costmap_plugin': CMAKE_PREFIX_PATH=${CMAKE_PREFIX_PATH}:/home/ubuntu/Documents/ENGR489_Navigation/src/install/positionlogger:/opt/ros/humble /usr/bin/cmake /home/ubuntu/Documents/ENGR489_Navigation/src/nav2_ultrasonic_costmap_plugin -DCMAKE_INSTALL_PREFIX=/home/ubuntu/Documents/ENGR489_Navigation/install/nav2_ultrasonic_costmap_plugin
[0.058s] -- The C compiler identification is GNU 11.4.0
[0.097s] -- The CXX compiler identification is GNU 11.4.0
[0.102s] -- Detecting C compiler ABI info
[0.163s] -- Detecting C compiler ABI info - done
[0.167s] -- Check for working C compiler: /usr/bin/cc - skipped
[0.167s] -- Detecting C compile features
[0.168s] -- Detecting C compile features - done
[0.170s] -- Detecting CXX compiler ABI info
[0.233s] -- Detecting CXX compiler ABI info - done
[0.238s] -- Check for working CXX compiler: /usr/bin/c++ - skipped
[0.239s] -- Detecting CXX compile features
[0.239s] -- Detecting CXX compile features - done
[0.240s] -- Found ament_cmake: 1.3.3 (/opt/ros/humble/share/ament_cmake/cmake)
[0.358s] -- Found Python3: /usr/bin/python3.10 (found version "3.10.12") found components: Interpreter 
[0.434s] -- Found rclcpp: 16.0.3 (/opt/ros/humble/share/rclcpp/cmake)
[0.464s] -- Found rosidl_generator_c: 3.1.4 (/opt/ros/humble/share/rosidl_generator_c/cmake)
[0.467s] -- Found rosidl_adapter: 3.1.4 (/opt/ros/humble/share/rosidl_adapter/cmake)
[0.473s] -- Found rosidl_generator_cpp: 3.1.4 (/opt/ros/humble/share/rosidl_generator_cpp/cmake)
[0.484s] -- Using all available rosidl_typesupport_c: rosidl_typesupport_fastrtps_c;rosidl_typesupport_introspection_c
[0.498s] -- Using all available rosidl_typesupport_cpp: rosidl_typesupport_fastrtps_cpp;rosidl_typesupport_introspection_cpp
[0.551s] -- Found rmw_implementation_cmake: 6.1.1 (/opt/ros/humble/share/rmw_implementation_cmake/cmake)
[0.553s] -- Found rmw_fastrtps_cpp: 6.2.2 (/opt/ros/humble/share/rmw_fastrtps_cpp/cmake)
[0.648s] -- Found OpenSSL: /usr/lib/x86_64-linux-gnu/libcrypto.so (found version "3.0.2")  
[0.666s] -- Found FastRTPS: /opt/ros/humble/include  
[0.706s] -- Using RMW implementation 'rmw_fastrtps_cpp' as default
[0.713s] -- Looking for pthread.h
[0.778s] -- Looking for pthread.h - found
[0.778s] -- Performing Test CMAKE_HAVE_LIBC_PTHREAD
[0.834s] -- Performing Test CMAKE_HAVE_LIBC_PTHREAD - Success
[0.834s] -- Found Threads: TRUE  
[0.943s] -- Found nav2_costmap_2d: 1.1.6 (/opt/ros/humble/share/nav2_costmap_2d/cmake)
[1.571s] -- Found Eigen3: TRUE (found version "3.4.0") 
[1.571s] -- Ensuring Eigen3 include directory is part of orocos-kdl CMake target
[2.453s] -- Configuring done
[2.474s] -- Generating done
[2.475s] -- Build files have been written to: /home/ubuntu/Documents/ENGR489_Navigation/build/nav2_ultrasonic_costmap_plugin
[2.484s] Invoked command in '/home/ubuntu/Documents/ENGR489_Navigation/build/nav2_ultrasonic_costmap_plugin' returned '0': CMAKE_PREFIX_PATH=${CMAKE_PREFIX_PATH}:/home/ubuntu/Documents/ENGR489_Navigation/src/install/positionlogger:/opt/ros/humble /usr/bin/cmake /home/ubuntu/Documents/ENGR489_Navigation/src/nav2_ultrasonic_costmap_plugin -DCMAKE_INSTALL_PREFIX=/home/ubuntu/Documents/ENGR489_Navigation/install/nav2_ultrasonic_costmap_plugin
[2.485s] Invoking command in '/home/ubuntu/Documents/ENGR489_Navigation/build/nav2_ultrasonic_costmap_plugin': CMAKE_PREFIX_PATH=${CMAKE_PREFIX_PATH}:/home/ubuntu/Documents/ENGR489_Navigation/src/install/positionlogger:/opt/ros/humble /usr/bin/cmake --build /home/ubuntu/Documents/ENGR489_Navigation/build/nav2_ultrasonic_costmap_plugin -- -j4 -l4
[2.524s] [ 50%] [32mBuilding CXX object CMakeFiles/nav2_ultrasonic_costmap_plugin_core.dir/src/ultrasonic_layer.cpp.o[0m
[8.890s] [100%] [32m[1mLinking CXX shared library libnav2_ultrasonic_costmap_plugin_core.so[0m
[9.319s] [100%] Built target nav2_ultrasonic_costmap_plugin_core
[9.333s] Invoked command in '/home/ubuntu/Documents/ENGR489_Navigation/build/nav2_ultrasonic_costmap_plugin' returned '0': CMAKE_PREFIX_PATH=${CMAKE_PREFIX_PATH}:/home/ubuntu/Documents/ENGR489_Navigation/src/install/positionlogger:/opt/ros/humble /usr/bin/cmake --build /home/ubuntu/Documents/ENGR489_Navigation/build/nav2_ultrasonic_costmap_plugin -- -j4 -l4
[9.360s] Invoking command in '/home/ubuntu/Documents/ENGR489_Navigation/build/nav2_ultrasonic_costmap_plugin': CMAKE_PREFIX_PATH=${CMAKE_PREFIX_PATH}:/home/ubuntu/Documents/ENGR489_Navigation/src/install/positionlogger:/opt/ros/humble /usr/bin/cmake --install /home/ubuntu/Documents/ENGR489_Navigation/build/nav2_ultrasonic_costmap_plugin
[9.365s] -- Install configuration: ""
[9.365s] -- Installing: /home/ubuntu/Documents/ENGR489_Navigation/install/nav2_ultrasonic_costmap_plugin/lib/libnav2_ultrasonic_costmap_plugin_core.so
[9.369s] -- Set runtime path of "/home/ubuntu/Documents/ENGR489_Navigation/install/nav2_ultrasonic_costmap_plugin/lib/libnav2_ultrasonic_costmap_plugin_core.so" to ""
[9.369s] -- Installing: /home/ubuntu/Documents/ENGR489_Navigation/install/nav2_ultrasonic_costmap_plugin/share/nav2_ultrasonic_costmap_plugin/ultrasonic_layer.xml
[9.369s] -- Installing: /home/ubuntu/Documents/ENGR489_Navigation/install/nav2_ultrasonic_costmap_plugin/share/ament_index/resource_index/package_run_dependencies/nav2_ultrasonic_costmap_plugin
[9.369s] -- Installing: /home/ubuntu/Documents/ENGR489_Navigation/install/nav2_ultrasonic_costmap_plugin/share/ament_index/resource_index/parent_prefix_path/nav2_ultrasonic_costmap_plugin
[9.369s] -- Installing: /home/ubuntu/Documents/ENGR489_Navigation/install/nav2_ultrasonic_costmap_plugin/share/nav2_ultrasonic_costmap_plugin/environment/ament_prefix_path.sh
[9.369s] -- Installing: /home/ubuntu/Documents/ENGR489_Navigation/install/nav2_ultrasonic_costmap_plugin/share/nav2_ultrasonic_costmap_plugin/environment/ament_prefix_path.dsv
[9.370s] -- Installing: /home/ubuntu/Documents/ENGR489_Navigation/install/nav2_ultrasonic_costmap_plugin/share/nav2_ultrasonic_costmap_plugin/environment/path.sh
[9.370s] -- Installing: /home/ubuntu/Documents/ENGR489_Navigation/install/nav2_ultrasonic_costmap_plugin/share/nav2_ultrasonic_costmap_plugin/environment/path.dsv
[9.370s] -- Installing: /home/ubuntu/Documents/ENGR489_Navigation/install/nav2_ultrasonic_costmap_plugin/share/nav2_ultrasonic_costmap_plugin/local_setup.bash
[9.370s] -- Installing: /home/ubuntu/Documents/ENGR489_Navigation/install/nav2_ultrasonic_costmap_plugin/share/nav2_ultrasonic_costmap_plugin/local_setup.sh
[9.370s] -- Installing: /home/ubuntu/Documents/ENGR489_Navigation/install/nav2_ultrasonic_costmap_plugin/share/nav2_ultrasonic_costmap_plugin/local_setup.zsh
[9.370s] -- Installing: /home/ubuntu/Documents/ENGR489_Navigation/install/nav2_ultrasonic_costmap_plugin/share/nav2_ultrasonic_costmap_plugin/local_setup.dsv
[9.370s] -- Installing: /home/ubuntu/Documents/ENGR489_Navigation/install/nav2_ultrasonic_costmap_plugin/share/nav2_ultrasonic_costmap_plugin/package.dsv
[9.370s] -- Installing: /home/ubuntu/Documents/ENGR489_Navigation/install/nav2_ultrasonic_costmap_plugin/share/ament_index/resource_index/packages/nav2_ultrasonic_costmap_plugin
[9.370s] -- Installing: /home/ubuntu/Documents/ENGR489_Navigation/install/nav2_ultrasonic_costmap_plugin/share/ament_index/resource_index/nav2_costmap_2d__pluginlib__plugin/nav2_ultrasonic_costmap_plugin
[9.370s] -- Installing: /home/ubuntu/Documents/ENGR489_Navigation/install/nav2_ultrasonic_costmap_plugin/share/nav2_ultrasonic_costmap_plugin/cmake/nav2_ultrasonic_costmap_pluginConfig.cmake
[9.370s] -- Installing: /home/ubuntu/Documents/ENGR489_Navigation/install/nav2_ultrasonic_costmap_plugin/share/nav2_ultrasonic_costmap_plugin/cmake/nav2_ultrasonic_costmap_pluginConfig-version.cmake
[9.370s] -- Installing: /home/ubuntu/Documents/ENGR489_Navigation/install/nav2_ultrasonic_costmap_plugin/share/nav2_ultrasonic_costmap_plugin/package.xml
[9.374s] Invoked command in '/home/ubuntu/Documents/ENGR489_Navigation/build/nav2_ultrasonic_costmap_plugin' returned '0': CMAKE_PREFIX_PATH=${CMAKE_PREFIX_PATH}:/home/ubuntu/Documents/ENGR489_Navigation/src/install/positionlogger:/opt/ros/humble /usr/bin/cmake --install /home/ubuntu/Documents/ENGR489_Navigation/build/nav2_ultrasonic_costmap_plugin
