[0.706s] Invoking command in '/home/ubuntu/Documents/ENGR489_Navigation/src/positionlogger': PYTHONPATH=/home/ubuntu/Documents/ENGR489_Navigation/src/build/positionlogger/prefix_override:/home/ubuntu/Documents/ENGR489_Navigation/src/install/positionlogger/lib/python3.10/site-packages:${PYTHONPATH} /usr/bin/python3 setup.py egg_info --egg-base ../build/positionlogger build --build-base /home/ubuntu/Documents/ENGR489_Navigation/src/build/positionlogger/build install --record /home/ubuntu/Documents/ENGR489_Navigation/src/build/positionlogger/install.log --single-version-externally-managed
[0.927s] running egg_info
[0.928s] writing ../build/positionlogger/positionlogger.egg-info/PKG-INFO
[0.928s] writing dependency_links to ../build/positionlogger/positionlogger.egg-info/dependency_links.txt
[0.928s] writing entry points to ../build/positionlogger/positionlogger.egg-info/entry_points.txt
[0.928s] writing requirements to ../build/positionlogger/positionlogger.egg-info/requires.txt
[0.928s] writing top-level names to ../build/positionlogger/positionlogger.egg-info/top_level.txt
[0.930s] reading manifest file '../build/positionlogger/positionlogger.egg-info/SOURCES.txt'
[0.931s] writing manifest file '../build/positionlogger/positionlogger.egg-info/SOURCES.txt'
[0.931s] running build
[0.931s] running build_py
[0.931s] copying positionlogger/relativePositionLogger.py -> /home/ubuntu/Documents/ENGR489_Navigation/src/build/positionlogger/build/lib/positionlogger
[0.932s] running install
[0.933s] /usr/lib/python3/dist-packages/setuptools/command/install.py:34: SetuptoolsDeprecationWarning: setup.py install is deprecated. Use build and pip and other standards-based tools.
[0.933s]   warnings.warn(
[0.934s] running install_lib
[0.934s] copying /home/ubuntu/Documents/ENGR489_Navigation/src/build/positionlogger/build/lib/positionlogger/relativePositionLogger.py -> /home/ubuntu/Documents/ENGR489_Navigation/src/install/positionlogger/lib/python3.10/site-packages/positionlogger
[0.935s] byte-compiling /home/ubuntu/Documents/ENGR489_Navigation/src/install/positionlogger/lib/python3.10/site-packages/positionlogger/relativePositionLogger.py to relativePositionLogger.cpython-310.pyc
[0.936s] running install_data
[0.936s] running install_egg_info
[0.938s] removing '/home/ubuntu/Documents/ENGR489_Navigation/src/install/positionlogger/lib/python3.10/site-packages/positionlogger-0.0.0-py3.10.egg-info' (and everything under it)
[0.944s] Copying ../build/positionlogger/positionlogger.egg-info to /home/ubuntu/Documents/ENGR489_Navigation/src/install/positionlogger/lib/python3.10/site-packages/positionlogger-0.0.0-py3.10.egg-info
[0.945s] running install_scripts
[0.968s] Installing odomLogger script to /home/ubuntu/Documents/ENGR489_Navigation/src/install/positionlogger/lib/positionlogger
[0.969s] Installing relativePositionLogger script to /home/ubuntu/Documents/ENGR489_Navigation/src/install/positionlogger/lib/positionlogger
[0.969s] writing list of installed files to '/home/ubuntu/Documents/ENGR489_Navigation/src/build/positionlogger/install.log'
[1.000s] Invoked command in '/home/ubuntu/Documents/ENGR489_Navigation/src/positionlogger' returned '0': PYTHONPATH=/home/ubuntu/Documents/ENGR489_Navigation/src/build/positionlogger/prefix_override:/home/ubuntu/Documents/ENGR489_Navigation/src/install/positionlogger/lib/python3.10/site-packages:${PYTHONPATH} /usr/bin/python3 setup.py egg_info --egg-base ../build/positionlogger build --build-base /home/ubuntu/Documents/ENGR489_Navigation/src/build/positionlogger/build install --record /home/ubuntu/Documents/ENGR489_Navigation/src/build/positionlogger/install.log --single-version-externally-managed
