running egg_info
creating ../build/positionlogger/positionlogger.egg-info
writing ../build/positionlogger/positionlogger.egg-info/PKG-INFO
writing dependency_links to ../build/positionlogger/positionlogger.egg-info/dependency_links.txt
writing entry points to ../build/positionlogger/positionlogger.egg-info/entry_points.txt
writing requirements to ../build/positionlogger/positionlogger.egg-info/requires.txt
writing top-level names to ../build/positionlogger/positionlogger.egg-info/top_level.txt
writing manifest file '../build/positionlogger/positionlogger.egg-info/SOURCES.txt'
reading manifest file '../build/positionlogger/positionlogger.egg-info/SOURCES.txt'
writing manifest file '../build/positionlogger/positionlogger.egg-info/SOURCES.txt'
running build
running build_py
creating /home/ubuntu/Documents/ENGR489_Navigation/src/build/positionlogger/build
creating /home/ubuntu/Documents/ENGR489_Navigation/src/build/positionlogger/build/lib
creating /home/ubuntu/Documents/ENGR489_Navigation/src/build/positionlogger/build/lib/positionlogger
copying positionlogger/relativePositionLogger.py -> /home/ubuntu/Documents/ENGR489_Navigation/src/build/positionlogger/build/lib/positionlogger
copying positionlogger/__init__.py -> /home/ubuntu/Documents/ENGR489_Navigation/src/build/positionlogger/build/lib/positionlogger
copying positionlogger/odomLogger.py -> /home/ubuntu/Documents/ENGR489_Navigation/src/build/positionlogger/build/lib/positionlogger
running install
/usr/lib/python3/dist-packages/setuptools/command/install.py:34: SetuptoolsDeprecationWarning: setup.py install is deprecated. Use build and pip and other standards-based tools.
  warnings.warn(
running install_lib
creating /home/ubuntu/Documents/ENGR489_Navigation/src/install/positionlogger/lib/python3.10/site-packages/positionlogger
copying /home/ubuntu/Documents/ENGR489_Navigation/src/build/positionlogger/build/lib/positionlogger/relativePositionLogger.py -> /home/ubuntu/Documents/ENGR489_Navigation/src/install/positionlogger/lib/python3.10/site-packages/positionlogger
copying /home/ubuntu/Documents/ENGR489_Navigation/src/build/positionlogger/build/lib/positionlogger/__init__.py -> /home/ubuntu/Documents/ENGR489_Navigation/src/install/positionlogger/lib/python3.10/site-packages/positionlogger
copying /home/ubuntu/Documents/ENGR489_Navigation/src/build/positionlogger/build/lib/positionlogger/odomLogger.py -> /home/ubuntu/Documents/ENGR489_Navigation/src/install/positionlogger/lib/python3.10/site-packages/positionlogger
byte-compiling /home/ubuntu/Documents/ENGR489_Navigation/src/install/positionlogger/lib/python3.10/site-packages/positionlogger/relativePositionLogger.py to relativePositionLogger.cpython-310.pyc
byte-compiling /home/ubuntu/Documents/ENGR489_Navigation/src/install/positionlogger/lib/python3.10/site-packages/positionlogger/__init__.py to __init__.cpython-310.pyc
byte-compiling /home/ubuntu/Documents/ENGR489_Navigation/src/install/positionlogger/lib/python3.10/site-packages/positionlogger/odomLogger.py to odomLogger.cpython-310.pyc
running install_data
creating /home/ubuntu/Documents/ENGR489_Navigation/src/install/positionlogger/share/ament_index
creating /home/ubuntu/Documents/ENGR489_Navigation/src/install/positionlogger/share/ament_index/resource_index
creating /home/ubuntu/Documents/ENGR489_Navigation/src/install/positionlogger/share/ament_index/resource_index/packages
copying resource/positionlogger -> /home/ubuntu/Documents/ENGR489_Navigation/src/install/positionlogger/share/ament_index/resource_index/packages
copying package.xml -> /home/ubuntu/Documents/ENGR489_Navigation/src/install/positionlogger/share/positionlogger
running install_egg_info
Copying ../build/positionlogger/positionlogger.egg-info to /home/ubuntu/Documents/ENGR489_Navigation/src/install/positionlogger/lib/python3.10/site-packages/positionlogger-0.0.0-py3.10.egg-info
running install_scripts
Installing odomLogger script to /home/ubuntu/Documents/ENGR489_Navigation/src/install/positionlogger/lib/positionlogger
Installing relativePositionLogger script to /home/ubuntu/Documents/ENGR489_Navigation/src/install/positionlogger/lib/positionlogger
writing list of installed files to '/home/ubuntu/Documents/ENGR489_Navigation/src/build/positionlogger/install.log'
