[0.622s] DEBUG:colcon:Command line arguments: ['/usr/bin/colcon', 'build']
[0.622s] DEBUG:colcon:Parsed command line arguments: Namespace(log_base=None, log_level=None, verb_name='build', build_base='build', install_base='install', merge_install=False, symlink_install=False, test_result_base=None, continue_on_error=False, executor='parallel', parallel_workers=4, event_handlers=None, ignore_user_meta=False, metas=['./colcon.meta'], base_paths=['.'], packages_ignore=None, packages_ignore_regex=None, paths=None, packages_up_to=None, packages_up_to_regex=None, packages_above=None, packages_above_and_dependencies=None, packages_above_depth=None, packages_select_by_dep=None, packages_skip_by_dep=None, packages_skip_up_to=None, packages_select_build_failed=False, packages_skip_build_finished=False, packages_select_test_failures=False, packages_skip_test_passed=False, packages_select=None, packages_skip=None, packages_select_regex=None, packages_skip_regex=None, packages_start=None, packages_end=None, allow_overriding=[], cmake_args=None, cmake_target=None, cmake_target_skip_unavailable=False, cmake_clean_cache=False, cmake_clean_first=False, cmake_force_configure=False, ament_cmake_args=None, catkin_cmake_args=None, catkin_skip_building_tests=False, verb_parser=<colcon_defaults.argument_parser.defaults.DefaultArgumentsDecorator object at 0x7feab94ba050>, verb_extension=<colcon_core.verb.build.BuildVerb object at 0x7feab9d4dd50>, main=<bound method BuildVerb.main of <colcon_core.verb.build.BuildVerb object at 0x7feab9d4dd50>>)
[0.709s] Level 1:colcon.colcon_core.package_discovery:discover_packages(colcon_meta) check parameters
[0.709s] Level 1:colcon.colcon_core.package_discovery:discover_packages(recursive) check parameters
[0.709s] Level 1:colcon.colcon_core.package_discovery:discover_packages(ignore) check parameters
[0.709s] Level 1:colcon.colcon_core.package_discovery:discover_packages(path) check parameters
[0.709s] Level 1:colcon.colcon_core.package_discovery:discover_packages(colcon_meta) discover
[0.709s] Level 1:colcon.colcon_core.package_discovery:discover_packages(recursive) discover
[0.709s] INFO:colcon.colcon_core.package_discovery:Crawling recursively for packages in '/home/hurnenryan/Documents/workspaces/ros2_ws/src'
[0.709s] Level 1:colcon.colcon_core.package_identification:_identify(.) by extensions ['ignore', 'ignore_ament_install']
[0.709s] Level 1:colcon.colcon_core.package_identification:_identify(.) by extension 'ignore'
[0.709s] Level 1:colcon.colcon_core.package_identification:_identify(.) by extension 'ignore_ament_install'
[0.710s] Level 1:colcon.colcon_core.package_identification:_identify(.) by extensions ['colcon_pkg']
[0.710s] Level 1:colcon.colcon_core.package_identification:_identify(.) by extension 'colcon_pkg'
[0.710s] Level 1:colcon.colcon_core.package_identification:_identify(.) by extensions ['colcon_meta']
[0.710s] Level 1:colcon.colcon_core.package_identification:_identify(.) by extension 'colcon_meta'
[0.710s] Level 1:colcon.colcon_core.package_identification:_identify(.) by extensions ['ros']
[0.710s] Level 1:colcon.colcon_core.package_identification:_identify(.) by extension 'ros'
[0.724s] Level 1:colcon.colcon_core.package_identification:_identify(.) by extensions ['cmake', 'python']
[0.724s] Level 1:colcon.colcon_core.package_identification:_identify(.) by extension 'cmake'
[0.724s] Level 1:colcon.colcon_core.package_identification:_identify(.) by extension 'python'
[0.724s] Level 1:colcon.colcon_core.package_identification:_identify(.) by extensions ['python_setup_py']
[0.724s] Level 1:colcon.colcon_core.package_identification:_identify(.) by extension 'python_setup_py'
[0.724s] Level 1:colcon.colcon_core.package_identification:_identify(build) by extensions ['ignore', 'ignore_ament_install']
[0.724s] Level 1:colcon.colcon_core.package_identification:_identify(build) by extension 'ignore'
[0.724s] Level 1:colcon.colcon_core.package_identification:_identify(build) ignored
[0.724s] Level 1:colcon.colcon_core.package_identification:_identify(install) by extensions ['ignore', 'ignore_ament_install']
[0.725s] Level 1:colcon.colcon_core.package_identification:_identify(install) by extension 'ignore'
[0.725s] Level 1:colcon.colcon_core.package_identification:_identify(install) ignored
[0.725s] Level 1:colcon.colcon_core.package_identification:_identify(log) by extensions ['ignore', 'ignore_ament_install']
[0.725s] Level 1:colcon.colcon_core.package_identification:_identify(log) by extension 'ignore'
[0.725s] Level 1:colcon.colcon_core.package_identification:_identify(log) ignored
[0.725s] Level 1:colcon.colcon_core.package_identification:_identify(nav2_ultrasonic_costmap_plugin) by extensions ['ignore', 'ignore_ament_install']
[0.725s] Level 1:colcon.colcon_core.package_identification:_identify(nav2_ultrasonic_costmap_plugin) by extension 'ignore'
[0.725s] Level 1:colcon.colcon_core.package_identification:_identify(nav2_ultrasonic_costmap_plugin) by extension 'ignore_ament_install'
[0.725s] Level 1:colcon.colcon_core.package_identification:_identify(nav2_ultrasonic_costmap_plugin) by extensions ['colcon_pkg']
[0.725s] Level 1:colcon.colcon_core.package_identification:_identify(nav2_ultrasonic_costmap_plugin) by extension 'colcon_pkg'
[0.725s] Level 1:colcon.colcon_core.package_identification:_identify(nav2_ultrasonic_costmap_plugin) by extensions ['colcon_meta']
[0.725s] Level 1:colcon.colcon_core.package_identification:_identify(nav2_ultrasonic_costmap_plugin) by extension 'colcon_meta'
[0.725s] Level 1:colcon.colcon_core.package_identification:_identify(nav2_ultrasonic_costmap_plugin) by extensions ['ros']
[0.725s] Level 1:colcon.colcon_core.package_identification:_identify(nav2_ultrasonic_costmap_plugin) by extension 'ros'
[0.727s] DEBUG:colcon.colcon_core.package_identification:Package 'nav2_ultrasonic_costmap_plugin' with type 'ros.ament_cmake' and name 'nav2_ultrasonic_costmap_plugin'
[0.727s] Level 1:colcon.colcon_core.package_identification:_identify(positionlogger) by extensions ['ignore', 'ignore_ament_install']
[0.727s] Level 1:colcon.colcon_core.package_identification:_identify(positionlogger) by extension 'ignore'
[0.727s] Level 1:colcon.colcon_core.package_identification:_identify(positionlogger) by extension 'ignore_ament_install'
[0.727s] Level 1:colcon.colcon_core.package_identification:_identify(positionlogger) by extensions ['colcon_pkg']
[0.727s] Level 1:colcon.colcon_core.package_identification:_identify(positionlogger) by extension 'colcon_pkg'
[0.727s] Level 1:colcon.colcon_core.package_identification:_identify(positionlogger) by extensions ['colcon_meta']
[0.727s] Level 1:colcon.colcon_core.package_identification:_identify(positionlogger) by extension 'colcon_meta'
[0.727s] Level 1:colcon.colcon_core.package_identification:_identify(positionlogger) by extensions ['ros']
[0.727s] Level 1:colcon.colcon_core.package_identification:_identify(positionlogger) by extension 'ros'
[0.728s] DEBUG:colcon.colcon_core.package_identification:Package 'positionlogger' with type 'ros.ament_python' and name 'positionlogger'
[0.728s] Level 1:colcon.colcon_core.package_discovery:discover_packages(recursive) using defaults
[0.728s] Level 1:colcon.colcon_core.package_discovery:discover_packages(ignore) discover
[0.728s] Level 1:colcon.colcon_core.package_discovery:discover_packages(ignore) using defaults
[0.728s] Level 1:colcon.colcon_core.package_discovery:discover_packages(path) discover
[0.728s] Level 1:colcon.colcon_core.package_discovery:discover_packages(path) using defaults
[0.760s] Level 1:colcon.colcon_core.package_discovery:discover_packages(prefix_path) check parameters
[0.760s] Level 1:colcon.colcon_core.package_discovery:discover_packages(prefix_path) discover
[0.768s] DEBUG:colcon.colcon_installed_package_information.package_discovery:Found 5 installed packages in /home/hurnenryan/Documents/workspaces/ros2_ws/src/install
[0.770s] DEBUG:colcon.colcon_installed_package_information.package_discovery:Found 314 installed packages in /opt/ros/humble
[0.771s] Level 1:colcon.colcon_core.package_discovery:discover_packages(prefix_path) using defaults
[0.822s] Level 5:colcon.colcon_core.verb:set package 'nav2_ultrasonic_costmap_plugin' build argument 'cmake_args' from command line to 'None'
[0.822s] Level 5:colcon.colcon_core.verb:set package 'nav2_ultrasonic_costmap_plugin' build argument 'cmake_target' from command line to 'None'
[0.823s] Level 5:colcon.colcon_core.verb:set package 'nav2_ultrasonic_costmap_plugin' build argument 'cmake_target_skip_unavailable' from command line to 'False'
[0.823s] Level 5:colcon.colcon_core.verb:set package 'nav2_ultrasonic_costmap_plugin' build argument 'cmake_clean_cache' from command line to 'False'
[0.823s] Level 5:colcon.colcon_core.verb:set package 'nav2_ultrasonic_costmap_plugin' build argument 'cmake_clean_first' from command line to 'False'
[0.823s] Level 5:colcon.colcon_core.verb:set package 'nav2_ultrasonic_costmap_plugin' build argument 'cmake_force_configure' from command line to 'False'
[0.823s] Level 5:colcon.colcon_core.verb:set package 'nav2_ultrasonic_costmap_plugin' build argument 'ament_cmake_args' from command line to 'None'
[0.823s] Level 5:colcon.colcon_core.verb:set package 'nav2_ultrasonic_costmap_plugin' build argument 'catkin_cmake_args' from command line to 'None'
[0.823s] Level 5:colcon.colcon_core.verb:set package 'nav2_ultrasonic_costmap_plugin' build argument 'catkin_skip_building_tests' from command line to 'False'
[0.823s] DEBUG:colcon.colcon_core.verb:Building package 'nav2_ultrasonic_costmap_plugin' with the following arguments: {'ament_cmake_args': None, 'build_base': '/home/hurnenryan/Documents/workspaces/ros2_ws/src/build/nav2_ultrasonic_costmap_plugin', 'catkin_cmake_args': None, 'catkin_skip_building_tests': False, 'cmake_args': None, 'cmake_clean_cache': False, 'cmake_clean_first': False, 'cmake_force_configure': False, 'cmake_target': None, 'cmake_target_skip_unavailable': False, 'install_base': '/home/hurnenryan/Documents/workspaces/ros2_ws/src/install/nav2_ultrasonic_costmap_plugin', 'merge_install': False, 'path': '/home/hurnenryan/Documents/workspaces/ros2_ws/src/nav2_ultrasonic_costmap_plugin', 'symlink_install': False, 'test_result_base': None}
[0.824s] Level 5:colcon.colcon_core.verb:set package 'positionlogger' build argument 'cmake_args' from command line to 'None'
[0.824s] Level 5:colcon.colcon_core.verb:set package 'positionlogger' build argument 'cmake_target' from command line to 'None'
[0.824s] Level 5:colcon.colcon_core.verb:set package 'positionlogger' build argument 'cmake_target_skip_unavailable' from command line to 'False'
[0.824s] Level 5:colcon.colcon_core.verb:set package 'positionlogger' build argument 'cmake_clean_cache' from command line to 'False'
[0.824s] Level 5:colcon.colcon_core.verb:set package 'positionlogger' build argument 'cmake_clean_first' from command line to 'False'
[0.824s] Level 5:colcon.colcon_core.verb:set package 'positionlogger' build argument 'cmake_force_configure' from command line to 'False'
[0.824s] Level 5:colcon.colcon_core.verb:set package 'positionlogger' build argument 'ament_cmake_args' from command line to 'None'
[0.824s] Level 5:colcon.colcon_core.verb:set package 'positionlogger' build argument 'catkin_cmake_args' from command line to 'None'
[0.824s] Level 5:colcon.colcon_core.verb:set package 'positionlogger' build argument 'catkin_skip_building_tests' from command line to 'False'
[0.824s] DEBUG:colcon.colcon_core.verb:Building package 'positionlogger' with the following arguments: {'ament_cmake_args': None, 'build_base': '/home/hurnenryan/Documents/workspaces/ros2_ws/src/build/positionlogger', 'catkin_cmake_args': None, 'catkin_skip_building_tests': False, 'cmake_args': None, 'cmake_clean_cache': False, 'cmake_clean_first': False, 'cmake_force_configure': False, 'cmake_target': None, 'cmake_target_skip_unavailable': False, 'install_base': '/home/hurnenryan/Documents/workspaces/ros2_ws/src/install/positionlogger', 'merge_install': False, 'path': '/home/hurnenryan/Documents/workspaces/ros2_ws/src/positionlogger', 'symlink_install': False, 'test_result_base': None}
[0.825s] INFO:colcon.colcon_core.executor:Executing jobs using 'parallel' executor
[0.827s] DEBUG:colcon.colcon_parallel_executor.executor.parallel:run_until_complete
[0.827s] INFO:colcon.colcon_ros.task.ament_cmake.build:Building ROS package in '/home/hurnenryan/Documents/workspaces/ros2_ws/src/nav2_ultrasonic_costmap_plugin' with build type 'ament_cmake'
[0.841s] INFO:colcon.colcon_cmake.task.cmake.build:Building CMake package in '/home/hurnenryan/Documents/workspaces/ros2_ws/src/nav2_ultrasonic_costmap_plugin'
[0.860s] INFO:colcon.colcon_core.plugin_system:Skipping extension 'colcon_core.shell.bat': Not used on non-Windows systems
[0.861s] INFO:colcon.colcon_core.shell:Skip shell extension 'powershell' for command environment: Not usable outside of PowerShell
[0.861s] DEBUG:colcon.colcon_core.shell:Skip shell extension 'dsv' for command environment
[0.877s] INFO:colcon.colcon_ros.task.ament_python.build:Building ROS package in '/home/hurnenryan/Documents/workspaces/ros2_ws/src/positionlogger' with build type 'ament_python'
[0.878s] Level 1:colcon.colcon_core.shell:create_environment_hook('positionlogger', 'ament_prefix_path')
[0.879s] INFO:colcon.colcon_core.shell:Creating environment hook '/home/hurnenryan/Documents/workspaces/ros2_ws/src/install/positionlogger/share/positionlogger/hook/ament_prefix_path.ps1'
[0.881s] INFO:colcon.colcon_core.shell:Creating environment descriptor '/home/hurnenryan/Documents/workspaces/ros2_ws/src/install/positionlogger/share/positionlogger/hook/ament_prefix_path.dsv'
[0.881s] INFO:colcon.colcon_core.shell:Creating environment hook '/home/hurnenryan/Documents/workspaces/ros2_ws/src/install/positionlogger/share/positionlogger/hook/ament_prefix_path.sh'
[0.884s] INFO:colcon.colcon_core.shell:Skip shell extension 'powershell' for command environment: Not usable outside of PowerShell
[0.884s] DEBUG:colcon.colcon_core.shell:Skip shell extension 'dsv' for command environment
[0.897s] DEBUG:colcon.colcon_core.event_handler.log_command:Invoking command in '/home/hurnenryan/Documents/workspaces/ros2_ws/src/build/nav2_ultrasonic_costmap_plugin': CMAKE_PREFIX_PATH=${CMAKE_PREFIX_PATH}:/home/hurnenryan/Documents/workspaces/ros2_ws/src/install/positionlogger:/home/hurnenryan/Documents/workspaces/ros2_ws/src/install/positionLog:/opt/ros/humble /usr/bin/cmake --build /home/hurnenryan/Documents/workspaces/ros2_ws/src/build/nav2_ultrasonic_costmap_plugin -- -j4 -l4
[1.201s] INFO:colcon.colcon_core.task.python.build:Building Python package in '/home/hurnenryan/Documents/workspaces/ros2_ws/src/positionlogger'
[1.202s] INFO:colcon.colcon_core.shell:Skip shell extension 'powershell' for command environment: Not usable outside of PowerShell
[1.202s] DEBUG:colcon.colcon_core.shell:Skip shell extension 'dsv' for command environment
[1.224s] DEBUG:colcon.colcon_core.event_handler.log_command:Invoked command in '/home/hurnenryan/Documents/workspaces/ros2_ws/src/build/nav2_ultrasonic_costmap_plugin' returned '0': CMAKE_PREFIX_PATH=${CMAKE_PREFIX_PATH}:/home/hurnenryan/Documents/workspaces/ros2_ws/src/install/positionlogger:/home/hurnenryan/Documents/workspaces/ros2_ws/src/install/positionLog:/opt/ros/humble /usr/bin/cmake --build /home/hurnenryan/Documents/workspaces/ros2_ws/src/build/nav2_ultrasonic_costmap_plugin -- -j4 -l4
[1.289s] DEBUG:colcon.colcon_core.event_handler.log_command:Invoking command in '/home/hurnenryan/Documents/workspaces/ros2_ws/src/build/nav2_ultrasonic_costmap_plugin': CMAKE_PREFIX_PATH=${CMAKE_PREFIX_PATH}:/home/hurnenryan/Documents/workspaces/ros2_ws/src/install/positionlogger:/home/hurnenryan/Documents/workspaces/ros2_ws/src/install/positionLog:/opt/ros/humble /usr/bin/cmake --install /home/hurnenryan/Documents/workspaces/ros2_ws/src/build/nav2_ultrasonic_costmap_plugin
[1.338s] Level 1:colcon.colcon_core.environment:create_environment_scripts_only(nav2_ultrasonic_costmap_plugin)
[1.339s] DEBUG:colcon.colcon_core.event_handler.log_command:Invoked command in '/home/hurnenryan/Documents/workspaces/ros2_ws/src/build/nav2_ultrasonic_costmap_plugin' returned '0': CMAKE_PREFIX_PATH=${CMAKE_PREFIX_PATH}:/home/hurnenryan/Documents/workspaces/ros2_ws/src/install/positionlogger:/home/hurnenryan/Documents/workspaces/ros2_ws/src/install/positionLog:/opt/ros/humble /usr/bin/cmake --install /home/hurnenryan/Documents/workspaces/ros2_ws/src/build/nav2_ultrasonic_costmap_plugin
[1.353s] Level 1:colcon.colcon_core.environment:checking '/home/hurnenryan/Documents/workspaces/ros2_ws/src/install/nav2_ultrasonic_costmap_plugin' for CMake module files
[1.354s] Level 1:colcon.colcon_core.environment:checking '/home/hurnenryan/Documents/workspaces/ros2_ws/src/install/nav2_ultrasonic_costmap_plugin' for CMake config files
[1.356s] Level 1:colcon.colcon_core.shell:create_environment_hook('nav2_ultrasonic_costmap_plugin', 'cmake_prefix_path')
[1.357s] INFO:colcon.colcon_core.shell:Creating environment hook '/home/hurnenryan/Documents/workspaces/ros2_ws/src/install/nav2_ultrasonic_costmap_plugin/share/nav2_ultrasonic_costmap_plugin/hook/cmake_prefix_path.ps1'
[1.358s] INFO:colcon.colcon_core.shell:Creating environment descriptor '/home/hurnenryan/Documents/workspaces/ros2_ws/src/install/nav2_ultrasonic_costmap_plugin/share/nav2_ultrasonic_costmap_plugin/hook/cmake_prefix_path.dsv'
[1.358s] INFO:colcon.colcon_core.shell:Creating environment hook '/home/hurnenryan/Documents/workspaces/ros2_ws/src/install/nav2_ultrasonic_costmap_plugin/share/nav2_ultrasonic_costmap_plugin/hook/cmake_prefix_path.sh'
[1.359s] Level 1:colcon.colcon_core.environment:checking '/home/hurnenryan/Documents/workspaces/ros2_ws/src/install/nav2_ultrasonic_costmap_plugin/lib'
[1.359s] Level 1:colcon.colcon_core.shell:create_environment_hook('nav2_ultrasonic_costmap_plugin', 'ld_library_path_lib')
[1.360s] INFO:colcon.colcon_core.shell:Creating environment hook '/home/hurnenryan/Documents/workspaces/ros2_ws/src/install/nav2_ultrasonic_costmap_plugin/share/nav2_ultrasonic_costmap_plugin/hook/ld_library_path_lib.ps1'
[1.361s] INFO:colcon.colcon_core.shell:Creating environment descriptor '/home/hurnenryan/Documents/workspaces/ros2_ws/src/install/nav2_ultrasonic_costmap_plugin/share/nav2_ultrasonic_costmap_plugin/hook/ld_library_path_lib.dsv'
[1.364s] INFO:colcon.colcon_core.shell:Creating environment hook '/home/hurnenryan/Documents/workspaces/ros2_ws/src/install/nav2_ultrasonic_costmap_plugin/share/nav2_ultrasonic_costmap_plugin/hook/ld_library_path_lib.sh'
[1.365s] Level 1:colcon.colcon_core.environment:checking '/home/hurnenryan/Documents/workspaces/ros2_ws/src/install/nav2_ultrasonic_costmap_plugin/bin'
[1.373s] Level 1:colcon.colcon_core.environment:checking '/home/hurnenryan/Documents/workspaces/ros2_ws/src/install/nav2_ultrasonic_costmap_plugin/lib/pkgconfig/nav2_ultrasonic_costmap_plugin.pc'
[1.373s] Level 1:colcon.colcon_core.environment:checking '/home/hurnenryan/Documents/workspaces/ros2_ws/src/install/nav2_ultrasonic_costmap_plugin/lib/python3.10/site-packages'
[1.373s] Level 1:colcon.colcon_core.environment:checking '/home/hurnenryan/Documents/workspaces/ros2_ws/src/install/nav2_ultrasonic_costmap_plugin/bin'
[1.374s] INFO:colcon.colcon_core.shell:Creating package script '/home/hurnenryan/Documents/workspaces/ros2_ws/src/install/nav2_ultrasonic_costmap_plugin/share/nav2_ultrasonic_costmap_plugin/package.ps1'
[1.376s] INFO:colcon.colcon_core.shell:Creating package descriptor '/home/hurnenryan/Documents/workspaces/ros2_ws/src/install/nav2_ultrasonic_costmap_plugin/share/nav2_ultrasonic_costmap_plugin/package.dsv'
[1.380s] INFO:colcon.colcon_core.shell:Creating package script '/home/hurnenryan/Documents/workspaces/ros2_ws/src/install/nav2_ultrasonic_costmap_plugin/share/nav2_ultrasonic_costmap_plugin/package.sh'
[1.381s] INFO:colcon.colcon_core.shell:Creating package script '/home/hurnenryan/Documents/workspaces/ros2_ws/src/install/nav2_ultrasonic_costmap_plugin/share/nav2_ultrasonic_costmap_plugin/package.bash'
[1.384s] INFO:colcon.colcon_core.shell:Creating package script '/home/hurnenryan/Documents/workspaces/ros2_ws/src/install/nav2_ultrasonic_costmap_plugin/share/nav2_ultrasonic_costmap_plugin/package.zsh'
[1.385s] Level 1:colcon.colcon_core.environment:create_file_with_runtime_dependencies(/home/hurnenryan/Documents/workspaces/ros2_ws/src/install/nav2_ultrasonic_costmap_plugin/share/colcon-core/packages/nav2_ultrasonic_costmap_plugin)
[1.429s] Level 1:colcon.colcon_core.environment:create_environment_scripts_only(nav2_ultrasonic_costmap_plugin)
[1.430s] Level 1:colcon.colcon_core.environment:checking '/home/hurnenryan/Documents/workspaces/ros2_ws/src/install/nav2_ultrasonic_costmap_plugin' for CMake module files
[1.431s] Level 1:colcon.colcon_core.environment:checking '/home/hurnenryan/Documents/workspaces/ros2_ws/src/install/nav2_ultrasonic_costmap_plugin' for CMake config files
[1.431s] Level 1:colcon.colcon_core.shell:create_environment_hook('nav2_ultrasonic_costmap_plugin', 'cmake_prefix_path')
[1.432s] INFO:colcon.colcon_core.shell:Creating environment hook '/home/hurnenryan/Documents/workspaces/ros2_ws/src/install/nav2_ultrasonic_costmap_plugin/share/nav2_ultrasonic_costmap_plugin/hook/cmake_prefix_path.ps1'
[1.433s] INFO:colcon.colcon_core.shell:Creating environment descriptor '/home/hurnenryan/Documents/workspaces/ros2_ws/src/install/nav2_ultrasonic_costmap_plugin/share/nav2_ultrasonic_costmap_plugin/hook/cmake_prefix_path.dsv'
[1.433s] INFO:colcon.colcon_core.shell:Creating environment hook '/home/hurnenryan/Documents/workspaces/ros2_ws/src/install/nav2_ultrasonic_costmap_plugin/share/nav2_ultrasonic_costmap_plugin/hook/cmake_prefix_path.sh'
[1.434s] Level 1:colcon.colcon_core.environment:checking '/home/hurnenryan/Documents/workspaces/ros2_ws/src/install/nav2_ultrasonic_costmap_plugin/lib'
[1.434s] Level 1:colcon.colcon_core.shell:create_environment_hook('nav2_ultrasonic_costmap_plugin', 'ld_library_path_lib')
[1.436s] INFO:colcon.colcon_core.shell:Creating environment hook '/home/hurnenryan/Documents/workspaces/ros2_ws/src/install/nav2_ultrasonic_costmap_plugin/share/nav2_ultrasonic_costmap_plugin/hook/ld_library_path_lib.ps1'
[1.436s] INFO:colcon.colcon_core.shell:Creating environment descriptor '/home/hurnenryan/Documents/workspaces/ros2_ws/src/install/nav2_ultrasonic_costmap_plugin/share/nav2_ultrasonic_costmap_plugin/hook/ld_library_path_lib.dsv'
[1.437s] INFO:colcon.colcon_core.shell:Creating environment hook '/home/hurnenryan/Documents/workspaces/ros2_ws/src/install/nav2_ultrasonic_costmap_plugin/share/nav2_ultrasonic_costmap_plugin/hook/ld_library_path_lib.sh'
[1.438s] Level 1:colcon.colcon_core.environment:checking '/home/hurnenryan/Documents/workspaces/ros2_ws/src/install/nav2_ultrasonic_costmap_plugin/bin'
[1.438s] Level 1:colcon.colcon_core.environment:checking '/home/hurnenryan/Documents/workspaces/ros2_ws/src/install/nav2_ultrasonic_costmap_plugin/lib/pkgconfig/nav2_ultrasonic_costmap_plugin.pc'
[1.438s] Level 1:colcon.colcon_core.environment:checking '/home/hurnenryan/Documents/workspaces/ros2_ws/src/install/nav2_ultrasonic_costmap_plugin/lib/python3.10/site-packages'
[1.438s] Level 1:colcon.colcon_core.environment:checking '/home/hurnenryan/Documents/workspaces/ros2_ws/src/install/nav2_ultrasonic_costmap_plugin/bin'
[1.439s] INFO:colcon.colcon_core.shell:Creating package script '/home/hurnenryan/Documents/workspaces/ros2_ws/src/install/nav2_ultrasonic_costmap_plugin/share/nav2_ultrasonic_costmap_plugin/package.ps1'
[1.440s] INFO:colcon.colcon_core.shell:Creating package descriptor '/home/hurnenryan/Documents/workspaces/ros2_ws/src/install/nav2_ultrasonic_costmap_plugin/share/nav2_ultrasonic_costmap_plugin/package.dsv'
[1.441s] INFO:colcon.colcon_core.shell:Creating package script '/home/hurnenryan/Documents/workspaces/ros2_ws/src/install/nav2_ultrasonic_costmap_plugin/share/nav2_ultrasonic_costmap_plugin/package.sh'
[1.442s] INFO:colcon.colcon_core.shell:Creating package script '/home/hurnenryan/Documents/workspaces/ros2_ws/src/install/nav2_ultrasonic_costmap_plugin/share/nav2_ultrasonic_costmap_plugin/package.bash'
[1.442s] INFO:colcon.colcon_core.shell:Creating package script '/home/hurnenryan/Documents/workspaces/ros2_ws/src/install/nav2_ultrasonic_costmap_plugin/share/nav2_ultrasonic_costmap_plugin/package.zsh'
[1.443s] Level 1:colcon.colcon_core.environment:create_file_with_runtime_dependencies(/home/hurnenryan/Documents/workspaces/ros2_ws/src/install/nav2_ultrasonic_costmap_plugin/share/colcon-core/packages/nav2_ultrasonic_costmap_plugin)
[1.673s] DEBUG:colcon.colcon_core.event_handler.log_command:Invoking command in '/home/hurnenryan/Documents/workspaces/ros2_ws/src/build/positionlogger': PYTHONPATH=/home/hurnenryan/Documents/workspaces/ros2_ws/src/build/positionlogger/prefix_override:/home/hurnenryan/Documents/workspaces/ros2_ws/src/install/positionlogger/lib/python3.10/site-packages:${PYTHONPATH} /usr/bin/python3 setup.py develop --uninstall --editable --build-directory /home/hurnenryan/Documents/workspaces/ros2_ws/src/build/positionlogger/build
[2.046s] DEBUG:colcon.colcon_core.event_handler.log_command:Invoked command in '/home/hurnenryan/Documents/workspaces/ros2_ws/src/build/positionlogger' returned '0': PYTHONPATH=/home/hurnenryan/Documents/workspaces/ros2_ws/src/build/positionlogger/prefix_override:/home/hurnenryan/Documents/workspaces/ros2_ws/src/install/positionlogger/lib/python3.10/site-packages:${PYTHONPATH} /usr/bin/python3 setup.py develop --uninstall --editable --build-directory /home/hurnenryan/Documents/workspaces/ros2_ws/src/build/positionlogger/build
[2.048s] DEBUG:colcon.colcon_core.event_handler.log_command:Invoking command in '/home/hurnenryan/Documents/workspaces/ros2_ws/src/positionlogger': PYTHONPATH=/home/hurnenryan/Documents/workspaces/ros2_ws/src/build/positionlogger/prefix_override:/home/hurnenryan/Documents/workspaces/ros2_ws/src/install/positionlogger/lib/python3.10/site-packages:${PYTHONPATH} /usr/bin/python3 setup.py egg_info --egg-base ../build/positionlogger build --build-base /home/hurnenryan/Documents/workspaces/ros2_ws/src/build/positionlogger/build install --record /home/hurnenryan/Documents/workspaces/ros2_ws/src/build/positionlogger/install.log --single-version-externally-managed
[2.321s] Level 1:colcon.colcon_core.environment:checking '/home/hurnenryan/Documents/workspaces/ros2_ws/src/install/positionlogger' for CMake module files
[2.322s] DEBUG:colcon.colcon_core.event_handler.log_command:Invoked command in '/home/hurnenryan/Documents/workspaces/ros2_ws/src/positionlogger' returned '0': PYTHONPATH=/home/hurnenryan/Documents/workspaces/ros2_ws/src/build/positionlogger/prefix_override:/home/hurnenryan/Documents/workspaces/ros2_ws/src/install/positionlogger/lib/python3.10/site-packages:${PYTHONPATH} /usr/bin/python3 setup.py egg_info --egg-base ../build/positionlogger build --build-base /home/hurnenryan/Documents/workspaces/ros2_ws/src/build/positionlogger/build install --record /home/hurnenryan/Documents/workspaces/ros2_ws/src/build/positionlogger/install.log --single-version-externally-managed
[2.326s] Level 1:colcon.colcon_core.environment:checking '/home/hurnenryan/Documents/workspaces/ros2_ws/src/install/positionlogger' for CMake config files
[2.328s] Level 1:colcon.colcon_core.environment:checking '/home/hurnenryan/Documents/workspaces/ros2_ws/src/install/positionlogger/lib'
[2.328s] Level 1:colcon.colcon_core.environment:checking '/home/hurnenryan/Documents/workspaces/ros2_ws/src/install/positionlogger/bin'
[2.328s] Level 1:colcon.colcon_core.environment:checking '/home/hurnenryan/Documents/workspaces/ros2_ws/src/install/positionlogger/lib/pkgconfig/positionlogger.pc'
[2.328s] Level 1:colcon.colcon_core.environment:checking '/home/hurnenryan/Documents/workspaces/ros2_ws/src/install/positionlogger/lib/python3.10/site-packages'
[2.328s] Level 1:colcon.colcon_core.shell:create_environment_hook('positionlogger', 'pythonpath')
[2.329s] INFO:colcon.colcon_core.shell:Creating environment hook '/home/hurnenryan/Documents/workspaces/ros2_ws/src/install/positionlogger/share/positionlogger/hook/pythonpath.ps1'
[2.330s] INFO:colcon.colcon_core.shell:Creating environment descriptor '/home/hurnenryan/Documents/workspaces/ros2_ws/src/install/positionlogger/share/positionlogger/hook/pythonpath.dsv'
[2.331s] INFO:colcon.colcon_core.shell:Creating environment hook '/home/hurnenryan/Documents/workspaces/ros2_ws/src/install/positionlogger/share/positionlogger/hook/pythonpath.sh'
[2.331s] Level 1:colcon.colcon_core.environment:checking '/home/hurnenryan/Documents/workspaces/ros2_ws/src/install/positionlogger/bin'
[2.331s] Level 1:colcon.colcon_core.environment:create_environment_scripts_only(positionlogger)
[2.332s] INFO:colcon.colcon_core.shell:Creating package script '/home/hurnenryan/Documents/workspaces/ros2_ws/src/install/positionlogger/share/positionlogger/package.ps1'
[2.333s] INFO:colcon.colcon_core.shell:Creating package descriptor '/home/hurnenryan/Documents/workspaces/ros2_ws/src/install/positionlogger/share/positionlogger/package.dsv'
[2.333s] INFO:colcon.colcon_core.shell:Creating package script '/home/hurnenryan/Documents/workspaces/ros2_ws/src/install/positionlogger/share/positionlogger/package.sh'
[2.334s] INFO:colcon.colcon_core.shell:Creating package script '/home/hurnenryan/Documents/workspaces/ros2_ws/src/install/positionlogger/share/positionlogger/package.bash'
[2.334s] INFO:colcon.colcon_core.shell:Creating package script '/home/hurnenryan/Documents/workspaces/ros2_ws/src/install/positionlogger/share/positionlogger/package.zsh'
[2.335s] Level 1:colcon.colcon_core.environment:create_file_with_runtime_dependencies(/home/hurnenryan/Documents/workspaces/ros2_ws/src/install/positionlogger/share/colcon-core/packages/positionlogger)
[2.336s] DEBUG:colcon.colcon_parallel_executor.executor.parallel:closing loop
[2.336s] DEBUG:colcon.colcon_parallel_executor.executor.parallel:loop closed
[2.336s] DEBUG:colcon.colcon_parallel_executor.executor.parallel:run_until_complete finished with '0'
[2.336s] DEBUG:colcon.colcon_core.event_reactor:joining thread
[2.344s] INFO:colcon.colcon_core.plugin_system:Skipping extension 'colcon_notification.desktop_notification.terminal_notifier': Not used on non-Darwin systems
[2.344s] INFO:colcon.colcon_core.plugin_system:Skipping extension 'colcon_notification.desktop_notification.win32': Not used on non-Windows systems
[2.344s] INFO:colcon.colcon_notification.desktop_notification:Sending desktop notification using 'notify2'
[2.365s] DEBUG:colcon.colcon_core.event_reactor:joined thread
[2.366s] INFO:colcon.colcon_core.shell:Creating prefix script '/home/hurnenryan/Documents/workspaces/ros2_ws/src/install/local_setup.ps1'
[2.371s] INFO:colcon.colcon_core.shell:Creating prefix util module '/home/hurnenryan/Documents/workspaces/ros2_ws/src/install/_local_setup_util_ps1.py'
[2.376s] INFO:colcon.colcon_core.shell:Creating prefix chain script '/home/hurnenryan/Documents/workspaces/ros2_ws/src/install/setup.ps1'
[2.380s] INFO:colcon.colcon_core.shell:Creating prefix script '/home/hurnenryan/Documents/workspaces/ros2_ws/src/install/local_setup.sh'
[2.381s] INFO:colcon.colcon_core.shell:Creating prefix util module '/home/hurnenryan/Documents/workspaces/ros2_ws/src/install/_local_setup_util_sh.py'
[2.381s] INFO:colcon.colcon_core.shell:Creating prefix chain script '/home/hurnenryan/Documents/workspaces/ros2_ws/src/install/setup.sh'
[2.384s] INFO:colcon.colcon_core.shell:Creating prefix script '/home/hurnenryan/Documents/workspaces/ros2_ws/src/install/local_setup.bash'
[2.386s] INFO:colcon.colcon_core.shell:Creating prefix chain script '/home/hurnenryan/Documents/workspaces/ros2_ws/src/install/setup.bash'
[2.388s] INFO:colcon.colcon_core.shell:Creating prefix script '/home/hurnenryan/Documents/workspaces/ros2_ws/src/install/local_setup.zsh'
[2.389s] INFO:colcon.colcon_core.shell:Creating prefix chain script '/home/hurnenryan/Documents/workspaces/ros2_ws/src/install/setup.zsh'
