[0.452s] Invoking command in '/home/ubuntu/Documents/ENGR489_Navigation/src/positionlogger': PYTHONPATH=/home/ubuntu/Documents/ENGR489_Navigation/build/positionlogger/prefix_override:/home/ubuntu/Documents/ENGR489_Navigation/install/positionlogger/lib/python3.10/site-packages:${PYTHONPATH} /usr/bin/python3 setup.py egg_info --egg-base ../../build/positionlogger build --build-base /home/ubuntu/Documents/ENGR489_Navigation/build/positionlogger/build install --record /home/ubuntu/Documents/ENGR489_Navigation/build/positionlogger/install.log --single-version-externally-managed
[0.635s] running egg_info
[0.636s] writing ../../build/positionlogger/positionlogger.egg-info/PKG-INFO
[0.636s] writing dependency_links to ../../build/positionlogger/positionlogger.egg-info/dependency_links.txt
[0.637s] writing entry points to ../../build/positionlogger/positionlogger.egg-info/entry_points.txt
[0.637s] writing requirements to ../../build/positionlogger/positionlogger.egg-info/requires.txt
[0.638s] writing top-level names to ../../build/positionlogger/positionlogger.egg-info/top_level.txt
[0.639s] reading manifest file '../../build/positionlogger/positionlogger.egg-info/SOURCES.txt'
[0.640s] writing manifest file '../../build/positionlogger/positionlogger.egg-info/SOURCES.txt'
[0.641s] running build
[0.641s] running build_py
[0.641s] copying positionlogger/relativePositionLogger.py -> /home/ubuntu/Documents/ENGR489_Navigation/build/positionlogger/build/lib/positionlogger
[0.642s] running install
[0.642s] /usr/lib/python3/dist-packages/setuptools/command/install.py:34: SetuptoolsDeprecationWarning: setup.py install is deprecated. Use build and pip and other standards-based tools.
[0.643s]   warnings.warn(
[0.643s] running install_lib
[0.644s] copying /home/ubuntu/Documents/ENGR489_Navigation/build/positionlogger/build/lib/positionlogger/relativePositionLogger.py -> /home/ubuntu/Documents/ENGR489_Navigation/install/positionlogger/lib/python3.10/site-packages/positionlogger
[0.645s] byte-compiling /home/ubuntu/Documents/ENGR489_Navigation/install/positionlogger/lib/python3.10/site-packages/positionlogger/relativePositionLogger.py to relativePositionLogger.cpython-310.pyc
[0.646s] running install_data
[0.647s] running install_egg_info
[0.648s] removing '/home/ubuntu/Documents/ENGR489_Navigation/install/positionlogger/lib/python3.10/site-packages/positionlogger-0.0.0-py3.10.egg-info' (and everything under it)
[0.649s] Copying ../../build/positionlogger/positionlogger.egg-info to /home/ubuntu/Documents/ENGR489_Navigation/install/positionlogger/lib/python3.10/site-packages/positionlogger-0.0.0-py3.10.egg-info
[0.650s] running install_scripts
[0.665s] Installing odomLogger script to /home/ubuntu/Documents/ENGR489_Navigation/install/positionlogger/lib/positionlogger
[0.665s] Installing relativePositionLogger script to /home/ubuntu/Documents/ENGR489_Navigation/install/positionlogger/lib/positionlogger
[0.666s] writing list of installed files to '/home/ubuntu/Documents/ENGR489_Navigation/build/positionlogger/install.log'
[0.684s] Invoked command in '/home/ubuntu/Documents/ENGR489_Navigation/src/positionlogger' returned '0': PYTHONPATH=/home/ubuntu/Documents/ENGR489_Navigation/build/positionlogger/prefix_override:/home/ubuntu/Documents/ENGR489_Navigation/install/positionlogger/lib/python3.10/site-packages:${PYTHONPATH} /usr/bin/python3 setup.py egg_info --egg-base ../../build/positionlogger build --build-base /home/ubuntu/Documents/ENGR489_Navigation/build/positionlogger/build install --record /home/ubuntu/Documents/ENGR489_Navigation/build/positionlogger/install.log --single-version-externally-managed
