running egg_info
writing ../build/positionLog/positionLog.egg-info/PKG-INFO
writing dependency_links to ../build/positionLog/positionLog.egg-info/dependency_links.txt
writing entry points to ../build/positionLog/positionLog.egg-info/entry_points.txt
writing requirements to ../build/positionLog/positionLog.egg-info/requires.txt
writing top-level names to ../build/positionLog/positionLog.egg-info/top_level.txt
reading manifest file '../build/positionLog/positionLog.egg-info/SOURCES.txt'
writing manifest file '../build/positionLog/positionLog.egg-info/SOURCES.txt'
running build
running build_py
running install
/usr/lib/python3/dist-packages/setuptools/command/install.py:34: SetuptoolsDeprecationWarning: setup.py install is deprecated. Use build and pip and other standards-based tools.
  warnings.warn(
running install_lib
running install_data
running install_egg_info
removing '/home/hurnenryan/Documents/workspaces/ros2_ws/src/install/positionLog/lib/python3.10/site-packages/positionLog-0.0.0-py3.10.egg-info' (and everything under it)
Copying ../build/positionLog/positionLog.egg-info to /home/hurnenryan/Documents/workspaces/ros2_ws/src/install/positionLog/lib/python3.10/site-packages/positionLog-0.0.0-py3.10.egg-info
running install_scripts
Installing odomLogger script to /home/hurnenryan/Documents/workspaces/ros2_ws/src/install/positionLog/lib/positionLog
Installing relativePositionLogger script to /home/hurnenryan/Documents/workspaces/ros2_ws/src/install/positionLog/lib/positionLog
writing list of installed files to '/home/hurnenryan/Documents/workspaces/ros2_ws/src/build/positionLog/install.log'
