[0.460s] Invoking command in '/home/ubuntu/Documents/ENGR489_Navigation/src/positionlogger': PYTHONPATH=/home/ubuntu/Documents/ENGR489_Navigation/build/positionlogger/prefix_override:/home/ubuntu/Documents/ENGR489_Navigation/install/positionlogger/lib/python3.10/site-packages:${PYTHONPATH} /usr/bin/python3 setup.py egg_info --egg-base ../../build/positionlogger build --build-base /home/ubuntu/Documents/ENGR489_Navigation/build/positionlogger/build install --record /home/ubuntu/Documents/ENGR489_Navigation/build/positionlogger/install.log --single-version-externally-managed
[0.665s] running egg_info
[0.666s] writing ../../build/positionlogger/positionlogger.egg-info/PKG-INFO
[0.667s] writing dependency_links to ../../build/positionlogger/positionlogger.egg-info/dependency_links.txt
[0.667s] writing entry points to ../../build/positionlogger/positionlogger.egg-info/entry_points.txt
[0.668s] writing requirements to ../../build/positionlogger/positionlogger.egg-info/requires.txt
[0.668s] writing top-level names to ../../build/positionlogger/positionlogger.egg-info/top_level.txt
[0.670s] reading manifest file '../../build/positionlogger/positionlogger.egg-info/SOURCES.txt'
[0.670s] writing manifest file '../../build/positionlogger/positionlogger.egg-info/SOURCES.txt'
[0.671s] running build
[0.671s] running build_py
[0.671s] copying positionlogger/relativePositionLogger.py -> /home/ubuntu/Documents/ENGR489_Navigation/build/positionlogger/build/lib/positionlogger
[0.672s] running install
[0.672s] /usr/lib/python3/dist-packages/setuptools/command/install.py:34: SetuptoolsDeprecationWarning: setup.py install is deprecated. Use build and pip and other standards-based tools.
[0.672s]   warnings.warn(
[0.673s] running install_lib
[0.674s] copying /home/ubuntu/Documents/ENGR489_Navigation/build/positionlogger/build/lib/positionlogger/relativePositionLogger.py -> /home/ubuntu/Documents/ENGR489_Navigation/install/positionlogger/lib/python3.10/site-packages/positionlogger
[0.675s] byte-compiling /home/ubuntu/Documents/ENGR489_Navigation/install/positionlogger/lib/python3.10/site-packages/positionlogger/relativePositionLogger.py to relativePositionLogger.cpython-310.pyc
[0.676s] running install_data
[0.677s] running install_egg_info
[0.679s] removing '/home/ubuntu/Documents/ENGR489_Navigation/install/positionlogger/lib/python3.10/site-packages/positionlogger-0.0.0-py3.10.egg-info' (and everything under it)
[0.680s] Copying ../../build/positionlogger/positionlogger.egg-info to /home/ubuntu/Documents/ENGR489_Navigation/install/positionlogger/lib/python3.10/site-packages/positionlogger-0.0.0-py3.10.egg-info
[0.682s] running install_scripts
[0.698s] Installing odomLogger script to /home/ubuntu/Documents/ENGR489_Navigation/install/positionlogger/lib/positionlogger
[0.698s] Installing relativePositionLogger script to /home/ubuntu/Documents/ENGR489_Navigation/install/positionlogger/lib/positionlogger
[0.698s] writing list of installed files to '/home/ubuntu/Documents/ENGR489_Navigation/build/positionlogger/install.log'
[0.728s] Invoked command in '/home/ubuntu/Documents/ENGR489_Navigation/src/positionlogger' returned '0': PYTHONPATH=/home/ubuntu/Documents/ENGR489_Navigation/build/positionlogger/prefix_override:/home/ubuntu/Documents/ENGR489_Navigation/install/positionlogger/lib/python3.10/site-packages:${PYTHONPATH} /usr/bin/python3 setup.py egg_info --egg-base ../../build/positionlogger build --build-base /home/ubuntu/Documents/ENGR489_Navigation/build/positionlogger/build install --record /home/ubuntu/Documents/ENGR489_Navigation/build/positionlogger/install.log --single-version-externally-managed
