[0.390s] Invoking command in '/home/ubuntu/Documents/ENGR489_Navigation/src/positionlogger': PYTHONPATH=/home/ubuntu/Documents/ENGR489_Navigation/src/build/positionlogger/prefix_override:/home/ubuntu/Documents/ENGR489_Navigation/src/install/positionlogger/lib/python3.10/site-packages:${PYTHONPATH} /usr/bin/python3 setup.py egg_info --egg-base ../build/positionlogger build --build-base /home/ubuntu/Documents/ENGR489_Navigation/src/build/positionlogger/build install --record /home/ubuntu/Documents/ENGR489_Navigation/src/build/positionlogger/install.log --single-version-externally-managed
[0.534s] running egg_info
[0.535s] creating ../build/positionlogger/positionlogger.egg-info
[0.535s] writing ../build/positionlogger/positionlogger.egg-info/PKG-INFO
[0.535s] writing dependency_links to ../build/positionlogger/positionlogger.egg-info/dependency_links.txt
[0.535s] writing entry points to ../build/positionlogger/positionlogger.egg-info/entry_points.txt
[0.535s] writing requirements to ../build/positionlogger/positionlogger.egg-info/requires.txt
[0.535s] writing top-level names to ../build/positionlogger/positionlogger.egg-info/top_level.txt
[0.535s] writing manifest file '../build/positionlogger/positionlogger.egg-info/SOURCES.txt'
[0.536s] reading manifest file '../build/positionlogger/positionlogger.egg-info/SOURCES.txt'
[0.537s] writing manifest file '../build/positionlogger/positionlogger.egg-info/SOURCES.txt'
[0.537s] running build
[0.537s] running build_py
[0.537s] creating /home/ubuntu/Documents/ENGR489_Navigation/src/build/positionlogger/build
[0.537s] creating /home/ubuntu/Documents/ENGR489_Navigation/src/build/positionlogger/build/lib
[0.537s] creating /home/ubuntu/Documents/ENGR489_Navigation/src/build/positionlogger/build/lib/positionlogger
[0.537s] copying positionlogger/relativePositionLogger.py -> /home/ubuntu/Documents/ENGR489_Navigation/src/build/positionlogger/build/lib/positionlogger
[0.537s] copying positionlogger/__init__.py -> /home/ubuntu/Documents/ENGR489_Navigation/src/build/positionlogger/build/lib/positionlogger
[0.538s] copying positionlogger/odomLogger.py -> /home/ubuntu/Documents/ENGR489_Navigation/src/build/positionlogger/build/lib/positionlogger
[0.538s] running install
[0.538s] /usr/lib/python3/dist-packages/setuptools/command/install.py:34: SetuptoolsDeprecationWarning: setup.py install is deprecated. Use build and pip and other standards-based tools.
[0.538s]   warnings.warn(
[0.538s] running install_lib
[0.538s] creating /home/ubuntu/Documents/ENGR489_Navigation/src/install/positionlogger/lib/python3.10/site-packages/positionlogger
[0.538s] copying /home/ubuntu/Documents/ENGR489_Navigation/src/build/positionlogger/build/lib/positionlogger/relativePositionLogger.py -> /home/ubuntu/Documents/ENGR489_Navigation/src/install/positionlogger/lib/python3.10/site-packages/positionlogger
[0.539s] copying /home/ubuntu/Documents/ENGR489_Navigation/src/build/positionlogger/build/lib/positionlogger/__init__.py -> /home/ubuntu/Documents/ENGR489_Navigation/src/install/positionlogger/lib/python3.10/site-packages/positionlogger
[0.539s] copying /home/ubuntu/Documents/ENGR489_Navigation/src/build/positionlogger/build/lib/positionlogger/odomLogger.py -> /home/ubuntu/Documents/ENGR489_Navigation/src/install/positionlogger/lib/python3.10/site-packages/positionlogger
[0.539s] byte-compiling /home/ubuntu/Documents/ENGR489_Navigation/src/install/positionlogger/lib/python3.10/site-packages/positionlogger/relativePositionLogger.py to relativePositionLogger.cpython-310.pyc
[0.539s] byte-compiling /home/ubuntu/Documents/ENGR489_Navigation/src/install/positionlogger/lib/python3.10/site-packages/positionlogger/__init__.py to __init__.cpython-310.pyc
[0.540s] byte-compiling /home/ubuntu/Documents/ENGR489_Navigation/src/install/positionlogger/lib/python3.10/site-packages/positionlogger/odomLogger.py to odomLogger.cpython-310.pyc
[0.540s] running install_data
[0.540s] creating /home/ubuntu/Documents/ENGR489_Navigation/src/install/positionlogger/share/ament_index
[0.540s] creating /home/ubuntu/Documents/ENGR489_Navigation/src/install/positionlogger/share/ament_index/resource_index
[0.540s] creating /home/ubuntu/Documents/ENGR489_Navigation/src/install/positionlogger/share/ament_index/resource_index/packages
[0.540s] copying resource/positionlogger -> /home/ubuntu/Documents/ENGR489_Navigation/src/install/positionlogger/share/ament_index/resource_index/packages
[0.540s] copying package.xml -> /home/ubuntu/Documents/ENGR489_Navigation/src/install/positionlogger/share/positionlogger
[0.541s] running install_egg_info
[0.542s] Copying ../build/positionlogger/positionlogger.egg-info to /home/ubuntu/Documents/ENGR489_Navigation/src/install/positionlogger/lib/python3.10/site-packages/positionlogger-0.0.0-py3.10.egg-info
[0.542s] running install_scripts
[0.556s] Installing odomLogger script to /home/ubuntu/Documents/ENGR489_Navigation/src/install/positionlogger/lib/positionlogger
[0.556s] Installing relativePositionLogger script to /home/ubuntu/Documents/ENGR489_Navigation/src/install/positionlogger/lib/positionlogger
[0.557s] writing list of installed files to '/home/ubuntu/Documents/ENGR489_Navigation/src/build/positionlogger/install.log'
[0.574s] Invoked command in '/home/ubuntu/Documents/ENGR489_Navigation/src/positionlogger' returned '0': PYTHONPATH=/home/ubuntu/Documents/ENGR489_Navigation/src/build/positionlogger/prefix_override:/home/ubuntu/Documents/ENGR489_Navigation/src/install/positionlogger/lib/python3.10/site-packages:${PYTHONPATH} /usr/bin/python3 setup.py egg_info --egg-base ../build/positionlogger build --build-base /home/ubuntu/Documents/ENGR489_Navigation/src/build/positionlogger/build install --record /home/ubuntu/Documents/ENGR489_Navigation/src/build/positionlogger/install.log --single-version-externally-managed
